#
# There is insufficient memory for the Java Runtime Environment to continue.
# Native memory allocation (mmap) failed to map 65536 bytes for Failed to commit metaspace.
# Possible reasons:
#   The system is out of physical RAM or swap space
#   The process is running with CompressedOops enabled, and the Java Heap may be blocking the growth of the native heap
# Possible solutions:
#   Reduce memory load on the system
#   Increase physical memory or swap space
#   Check if swap backing store is full
#   Decrease Java heap size (-Xmx/-Xms)
#   Decrease number of Java threads
#   Decrease Java thread stack sizes (-Xss)
#   Set larger code cache with -XX:ReservedCodeCacheSize=
#   JVM is running with Unscaled Compressed Oops mode in which the Java heap is
#     placed in the first 4GB address space. The Java Heap base address is the
#     maximum limit for the native heap growth. Please use -XX:HeapBaseMinAddress
#     to set the Java Heap base and to place the Java Heap above 4GB virtual address.
# This output file may be truncated or incomplete.
#
#  Out of Memory Error (virtualSpaceNode.cpp:110), pid=29360, tid=17176
#
# JRE version: Java(TM) SE Runtime Environment (17.0.12+8) (build 17.0.12+8-LTS-286)
# Java VM: Java HotSpot(TM) 64-Bit Server VM (17.0.12+8-LTS-286, mixed mode, emulated-client, sharing, tiered, compressed oops, compressed class ptrs, g1 gc, windows-amd64)
# No core dump will be written. Minidumps are not enabled by default on client versions of Windows
#

---------------  S U M M A R Y ------------

Command Line: -XX:TieredStopAtLevel=1 -Dspring.output.ansi.enabled=always -Dcom.sun.management.jmxremote -Dspring.jmx.enabled=true -Dspring.liveBeansView.mbeanDomain -Dspring.application.admin.enabled=true -Dmanagement.endpoints.jmx.exposure.include=* -javaagent:E:\IntelliJ IDEA 2024.3.2.2\lib\idea_rt.jar=50271:E:\IntelliJ IDEA 2024.3.2.2\bin -Dfile.encoding=UTF-8 uz.trading.WebScrapingApplication

Host: Intel(R) Core(TM) i5-6300U CPU @ 2.40GHz, 4 cores, 7G,  Windows 10 , 64 bit Build 19041 (10.0.19041.5438)
Time: Sun Feb 16 16:21:03 2025 West Asia Standard Time elapsed time: 30.662231 seconds (0d 0h 0m 30s)

---------------  T H R E A D  ---------------

Current thread (0x000002a687c33280):  JavaThread "restartedMain" [_thread_in_vm, id=17176, stack(0x000000bff3f00000,0x000000bff4000000)]

Stack: [0x000000bff3f00000,0x000000bff4000000]
Native frames: (J=compiled Java code, j=interpreted, Vv=VM code, C=native code)
V  [jvm.dll+0x67a04a]
V  [jvm.dll+0x7da4ed]
V  [jvm.dll+0x7dbe33]
V  [jvm.dll+0x7dc4a3]
V  [jvm.dll+0x24508f]
V  [jvm.dll+0x7d60bb]
V  [jvm.dll+0x6206c6]
V  [jvm.dll+0x1bed07]
V  [jvm.dll+0x623022]
V  [jvm.dll+0x621086]
V  [jvm.dll+0x62af77]
V  [jvm.dll+0x1e84b2]
V  [jvm.dll+0x1e89d5]
V  [jvm.dll+0x1e931b]
V  [jvm.dll+0x1dea41]
V  [jvm.dll+0x53f78c]
V  [jvm.dll+0x7553b8]
V  [jvm.dll+0x7554a4]
V  [jvm.dll+0x40d1af]
V  [jvm.dll+0x413c39]
C  [java.dll+0x17ec]

Java frames: (J=compiled Java code, j=interpreted, Vv=VM code)
J 1209  java.lang.ClassLoader.defineClass1(Ljava/lang/ClassLoader;Ljava/lang/String;[BIILjava/security/ProtectionDomain;Ljava/lang/String;)Ljava/lang/Class; java.base@17.0.12 (0 bytes) @ 0x000002a637f6a8e3 [0x000002a637f6a820+0x00000000000000c3]
J 1231 c1 java.lang.ClassLoader.defineClass(Ljava/lang/String;[BIILjava/security/ProtectionDomain;)Ljava/lang/Class; java.base@17.0.12 (43 bytes) @ 0x000002a637f7575c [0x000002a637f75660+0x00000000000000fc]
J 1222 c1 jdk.internal.loader.BuiltinClassLoader.defineClass(Ljava/lang/String;Ljdk/internal/loader/Resource;)Ljava/lang/Class; java.base@17.0.12 (121 bytes) @ 0x000002a637f70ae4 [0x000002a637f70620+0x00000000000004c4]
J 1211 c1 jdk.internal.loader.BuiltinClassLoader.findClassOnClassPathOrNull(Ljava/lang/String;)Ljava/lang/Class; java.base@17.0.12 (64 bytes) @ 0x000002a637f6b834 [0x000002a637f6b580+0x00000000000002b4]
J 1005 c1 jdk.internal.loader.BuiltinClassLoader.loadClassOrNull(Ljava/lang/String;Z)Ljava/lang/Class; java.base@17.0.12 (143 bytes) @ 0x000002a637f0a65c [0x000002a637f0a200+0x000000000000045c]
J 1127 c1 jdk.internal.loader.ClassLoaders$AppClassLoader.loadClass(Ljava/lang/String;Z)Ljava/lang/Class; java.base@17.0.12 (40 bytes) @ 0x000002a637f47f24 [0x000002a637f47de0+0x0000000000000144]
J 1124 c1 java.lang.ClassLoader.loadClass(Ljava/lang/String;)Ljava/lang/Class; java.base@17.0.12 (7 bytes) @ 0x000002a637f47364 [0x000002a637f47320+0x0000000000000044]
v  ~StubRoutines::call_stub
j  oracle.jdbc.driver.T4CTTIdcb.fillupAccessors([Loracle/jdbc/driver/Accessor;[Loracle/jdbc/driver/Accessor;IILoracle/jdbc/driver/T4C8TTIuds;Ljava/lang/String;J)J+3881
j  oracle.jdbc.driver.T4CTTIdcb.receiveCommon([Loracle/jdbc/driver/Accessor;Z)[Loracle/jdbc/driver/Accessor;+266
j  oracle.jdbc.driver.T4CTTIdcb.receive([Loracle/jdbc/driver/Accessor;)[Loracle/jdbc/driver/Accessor;+50
j  oracle.jdbc.driver.T4C8Oall.readDCB()V+21
j  oracle.jdbc.driver.T4CTTIfun.receive()V+377
j  oracle.jdbc.driver.T4CTTIfun.doRPC()V+63
j  oracle.jdbc.driver.T4C8Oall.doOALL(ZZZZZ)V+12
j  oracle.jdbc.driver.T4CStatement.doOall8(Loracle/jdbc/driver/T4C8Oall;ZZZZZ)V+112
j  oracle.jdbc.driver.T4CStatement.executeForDescribe()V+47
j  oracle.jdbc.driver.OracleStatement.prepareDefineBufferAndExecute()V+23
j  oracle.jdbc.driver.OracleStatement.executeMaybeDescribe()V+92
j  oracle.jdbc.driver.OracleStatement.executeSQLSelect()V+44
j  oracle.jdbc.driver.OracleStatement.doExecuteWithTimeout()V+33
j  oracle.jdbc.driver.OracleStatement.executeQuery(Ljava/lang/String;)Ljava/sql/ResultSet;+151
j  oracle.jdbc.driver.OracleStatementWrapper.executeQuery(Ljava/lang/String;)Ljava/sql/ResultSet;+5
j  com.zaxxer.hikari.pool.ProxyStatement.executeQuery(Ljava/lang/String;)Ljava/sql/ResultSet;+12
j  com.zaxxer.hikari.pool.HikariProxyStatement.executeQuery(Ljava/lang/String;)Ljava/sql/ResultSet;+2
j  org.hibernate.dialect.OracleServerConfiguration.isAutonomous(Ljava/sql/DatabaseMetaData;)Z+15
j  org.hibernate.dialect.OracleServerConfiguration.fromDialectResolutionInfo(Lorg/hibernate/engine/jdbc/dialect/spi/DialectResolutionInfo;)Lorg/hibernate/dialect/OracleServerConfiguration;+458
j  org.hibernate.dialect.OracleDialect.<init>(Lorg/hibernate/engine/jdbc/dialect/spi/DialectResolutionInfo;)V+3
v  ~StubRoutines::call_stub
J 1616  jdk.internal.reflect.NativeConstructorAccessorImpl.newInstance0(Ljava/lang/reflect/Constructor;[Ljava/lang/Object;)Ljava/lang/Object; java.base@17.0.12 (0 bytes) @ 0x000002a63800b78e [0x000002a63800b720+0x000000000000006e]
J 1615 c1 jdk.internal.reflect.NativeConstructorAccessorImpl.newInstance([Ljava/lang/Object;)Ljava/lang/Object; java.base@17.0.12 (122 bytes) @ 0x000002a63800b03c [0x000002a63800ad80+0x00000000000002bc]
J 1516 c1 jdk.internal.reflect.DelegatingConstructorAccessorImpl.newInstance([Ljava/lang/Object;)Ljava/lang/Object; java.base@17.0.12 (9 bytes) @ 0x000002a637fe8f64 [0x000002a637fe8f20+0x0000000000000044]
J 1456 c1 java.lang.reflect.Constructor.newInstanceWithCaller([Ljava/lang/Object;ZLjava/lang/Class;)Ljava/lang/Object; java.base@17.0.12 (75 bytes) @ 0x000002a637fd162c [0x000002a637fd1560+0x00000000000000cc]
J 1518 c1 java.lang.reflect.Constructor.newInstance([Ljava/lang/Object;)Ljava/lang/Object; java.base@17.0.12 (34 bytes) @ 0x000002a637fe95cc [0x000002a637fe9540+0x000000000000008c]
j  org.hibernate.engine.jdbc.dialect.internal.DialectFactoryImpl.lambda$constructDialect$0(Lorg/hibernate/engine/jdbc/dialect/spi/DialectResolutionInfoSource;Ljava/lang/Class;)Lorg/hibernate/dialect/Dialect;+30
j  org.hibernate.engine.jdbc.dialect.internal.DialectFactoryImpl$$Lambda$1048+0x000002a643627d40.create(Ljava/lang/Class;)Ljava/lang/Object;+5
j  org.hibernate.boot.registry.selector.internal.StrategySelectorImpl.resolveStrategy(Ljava/lang/Class;Ljava/lang/Object;Ljava/util/concurrent/Callable;Lorg/hibernate/boot/registry/selector/spi/StrategyCreator;)Ljava/lang/Object;+70
j  org.hibernate.boot.registry.selector.internal.StrategySelectorImpl.resolveStrategy(Ljava/lang/Class;Ljava/lang/Object;Ljava/lang/Object;Lorg/hibernate/boot/registry/selector/spi/StrategyCreator;)Ljava/lang/Object;+11
j  org.hibernate.engine.jdbc.dialect.internal.DialectFactoryImpl.constructDialect(Ljava/lang/Object;Lorg/hibernate/engine/jdbc/dialect/spi/DialectResolutionInfoSource;)Lorg/hibernate/dialect/Dialect;+17
j  org.hibernate.engine.jdbc.dialect.internal.DialectFactoryImpl.buildDialect(Ljava/util/Map;Lorg/hibernate/engine/jdbc/dialect/spi/DialectResolutionInfoSource;)Lorg/hibernate/dialect/Dialect;+28
j  org.hibernate.engine.jdbc.env.internal.JdbcEnvironmentInitiator$1.execute(Ljava/sql/Connection;)Lorg/hibernate/engine/jdbc/env/internal/JdbcEnvironmentImpl;+172
j  org.hibernate.engine.jdbc.env.internal.JdbcEnvironmentInitiator$1.execute(Ljava/sql/Connection;)Ljava/lang/Object;+2
j  org.hibernate.jdbc.WorkExecutor.executeReturningWork(Lorg/hibernate/jdbc/ReturningWork;Ljava/sql/Connection;)Ljava/lang/Object;+2
j  org.hibernate.jdbc.AbstractReturningWork.accept(Lorg/hibernate/jdbc/WorkExecutor;Ljava/sql/Connection;)Ljava/lang/Object;+3
j  org.hibernate.resource.transaction.backend.jdbc.internal.JdbcIsolationDelegate.delegateWork(Lorg/hibernate/jdbc/WorkExecutorVisitable;Z)Ljava/lang/Object;+47
j  org.hibernate.engine.jdbc.env.internal.JdbcEnvironmentInitiator.getJdbcEnvironmentUsingJdbcMetadata(Ljava/util/Map;Lorg/hibernate/service/spi/ServiceRegistryImplementor;Lorg/hibernate/engine/jdbc/dialect/spi/DialectFactory;Ljava/lang/String;Ljava/lang/Integer;Ljava/lang/Integer;Ljava/lang/String;)Lorg/hibernate/engine/jdbc/env/internal/JdbcEnvironmentImpl;+109
j  org.hibernate.engine.jdbc.env.internal.JdbcEnvironmentInitiator.initiateService(Ljava/util/Map;Lorg/hibernate/service/spi/ServiceRegistryImplementor;)Lorg/hibernate/engine/jdbc/env/spi/JdbcEnvironment;+123
j  org.hibernate.engine.jdbc.env.internal.JdbcEnvironmentInitiator.initiateService(Ljava/util/Map;Lorg/hibernate/service/spi/ServiceRegistryImplementor;)Lorg/hibernate/service/Service;+3
j  org.hibernate.boot.registry.internal.StandardServiceRegistryImpl.initiateService(Lorg/hibernate/service/spi/ServiceInitiator;)Lorg/hibernate/service/Service;+9
j  org.hibernate.service.internal.AbstractServiceRegistryImpl.createService(Lorg/hibernate/service/spi/ServiceBinding;)Lorg/hibernate/service/Service;+26
j  org.hibernate.service.internal.AbstractServiceRegistryImpl.initializeService(Lorg/hibernate/service/spi/ServiceBinding;)Lorg/hibernate/service/Service;+30
j  org.hibernate.service.internal.AbstractServiceRegistryImpl.getService(Ljava/lang/Class;)Lorg/hibernate/service/Service;+112
j  org.hibernate.boot.model.relational.Database.<init>(Lorg/hibernate/boot/spi/MetadataBuildingOptions;)V+10
j  org.hibernate.boot.internal.InFlightMetadataCollectorImpl.getDatabase()Lorg/hibernate/boot/model/relational/Database;+16
j  org.hibernate.boot.internal.InFlightMetadataCollectorImpl.<init>(Lorg/hibernate/boot/spi/BootstrapContext;Lorg/hibernate/boot/spi/MetadataBuildingOptions;)V+412
j  org.hibernate.boot.model.process.spi.MetadataBuildingProcess.complete(Lorg/hibernate/boot/model/process/spi/ManagedResources;Lorg/hibernate/boot/spi/BootstrapContext;Lorg/hibernate/boot/spi/MetadataBuildingOptions;)Lorg/hibernate/boot/spi/MetadataImplementor;+6
j  org.hibernate.jpa.boot.internal.EntityManagerFactoryBuilderImpl.metadata()Lorg/hibernate/boot/spi/MetadataImplementor;+30
j  org.hibernate.jpa.boot.internal.EntityManagerFactoryBuilderImpl.build()Ljakarta/persistence/EntityManagerFactory;+3
j  org.springframework.orm.jpa.vendor.SpringHibernateJpaPersistenceProvider.createContainerEntityManagerFactory(Ljakarta/persistence/spi/PersistenceUnitInfo;Ljava/util/Map;)Ljakarta/persistence/EntityManagerFactory;+59
j  org.springframework.orm.jpa.LocalContainerEntityManagerFactoryBean.createNativeEntityManagerFactory()Ljakarta/persistence/EntityManagerFactory;+111
j  org.springframework.orm.jpa.AbstractEntityManagerFactoryBean.buildNativeEntityManagerFactory()Ljakarta/persistence/EntityManagerFactory;+1
j  org.springframework.orm.jpa.AbstractEntityManagerFactoryBean.afterPropertiesSet()V+192
j  org.springframework.orm.jpa.LocalContainerEntityManagerFactoryBean.afterPropertiesSet()V+81
j  org.springframework.beans.factory.support.AbstractAutowireCapableBeanFactory.invokeInitMethods(Ljava/lang/String;Ljava/lang/Object;Lorg/springframework/beans/factory/support/RootBeanDefinition;)V+56
j  org.springframework.beans.factory.support.AbstractAutowireCapableBeanFactory.initializeBean(Ljava/lang/String;Ljava/lang/Object;Lorg/springframework/beans/factory/support/RootBeanDefinition;)Ljava/lang/Object;+34
j  org.springframework.beans.factory.support.AbstractAutowireCapableBeanFactory.doCreateBean(Ljava/lang/String;Lorg/springframework/beans/factory/support/RootBeanDefinition;[Ljava/lang/Object;)Ljava/lang/Object;+228
j  org.springframework.beans.factory.support.AbstractAutowireCapableBeanFactory.createBean(Ljava/lang/String;Lorg/springframework/beans/factory/support/RootBeanDefinition;[Ljava/lang/Object;)Ljava/lang/Object;+153
j  org.springframework.beans.factory.support.AbstractBeanFactory.lambda$doGetBean$0(Ljava/lang/String;Lorg/springframework/beans/factory/support/RootBeanDefinition;[Ljava/lang/Object;)Ljava/lang/Object;+4
j  org.springframework.beans.factory.support.AbstractBeanFactory$$Lambda$462+0x000002a643234bf0.getObject()Ljava/lang/Object;+16
j  org.springframework.beans.factory.support.DefaultSingletonBeanRegistry.getSingleton(Ljava/lang/String;Lorg/springframework/beans/factory/ObjectFactory;)Ljava/lang/Object;+336
J 2861 c1 org.springframework.beans.factory.support.AbstractBeanFactory.doGetBean(Ljava/lang/String;Ljava/lang/Class;[Ljava/lang/Object;Z)Ljava/lang/Object; (787 bytes) @ 0x000002a63817375c [0x000002a638173180+0x00000000000005dc]
J 2865 c1 org.springframework.beans.factory.support.AbstractBeanFactory.getBean(Ljava/lang/String;Ljava/lang/Class;)Ljava/lang/Object; (9 bytes) @ 0x000002a638171c64 [0x000002a638171c20+0x0000000000000044]
j  org.springframework.context.support.AbstractApplicationContext.finishBeanFactoryInitialization(Lorg/springframework/beans/factory/config/ConfigurableListableBeanFactory;)V+220
j  org.springframework.context.support.AbstractApplicationContext.refresh()V+94
j  org.springframework.boot.web.servlet.context.ServletWebServerApplicationContext.refresh()V+1
j  org.springframework.boot.SpringApplication.refresh(Lorg/springframework/context/ConfigurableApplicationContext;)V+1
j  org.springframework.boot.SpringApplication.refreshContext(Lorg/springframework/context/ConfigurableApplicationContext;)V+19
j  org.springframework.boot.SpringApplication.run([Ljava/lang/String;)Lorg/springframework/context/ConfigurableApplicationContext;+113
j  org.springframework.boot.SpringApplication.run([Ljava/lang/Class;[Ljava/lang/String;)Lorg/springframework/context/ConfigurableApplicationContext;+9
j  org.springframework.boot.SpringApplication.run(Ljava/lang/Class;[Ljava/lang/String;)Lorg/springframework/context/ConfigurableApplicationContext;+9
j  uz.trading.WebScrapingApplication.main([Ljava/lang/String;)V+3
v  ~StubRoutines::call_stub
j  jdk.internal.reflect.NativeMethodAccessorImpl.invoke0(Ljava/lang/reflect/Method;Ljava/lang/Object;[Ljava/lang/Object;)Ljava/lang/Object;+0 java.base@17.0.12
j  jdk.internal.reflect.NativeMethodAccessorImpl.invoke(Ljava/lang/Object;[Ljava/lang/Object;)Ljava/lang/Object;+133 java.base@17.0.12
j  jdk.internal.reflect.DelegatingMethodAccessorImpl.invoke(Ljava/lang/Object;[Ljava/lang/Object;)Ljava/lang/Object;+6 java.base@17.0.12
j  java.lang.reflect.Method.invoke(Ljava/lang/Object;[Ljava/lang/Object;)Ljava/lang/Object;+59 java.base@17.0.12
j  org.springframework.boot.devtools.restart.RestartLauncher.run()V+47
v  ~StubRoutines::call_stub

---------------  P R O C E S S  ---------------

Threads class SMR info:
_java_thread_list=0x000002a689c21cc0, length=29, elements={
0x000002a62eb0dbd0, 0x000002a641efcfb0, 0x000002a641efe2e0, 0x000002a641f107b0,
0x000002a641f11340, 0x000002a641f12c20, 0x000002a641f134f0, 0x000002a641f13dc0,
0x000002a641f146d0, 0x000002a641ee6ae0, 0x000002a6877add50, 0x000002a6877ae230,
0x000002a6878ab300, 0x000002a687c32920, 0x000002a687c33280, 0x000002a687bfdda0,
0x000002a687ca93c0, 0x000002a687ca98d0, 0x000002a687ca9de0, 0x000002a687caa2f0,
0x000002a687cabc40, 0x000002a687cac150, 0x000002a689af3a80, 0x000002a689af6d20,
0x000002a689af3f90, 0x000002a6897ff040, 0x000002a689af7c50, 0x000002a689af3570,
0x000002a689af8b80
}

Java Threads: ( => current thread )
  0x000002a62eb0dbd0 JavaThread "main" [_thread_blocked, id=26564, stack(0x000000bff2400000,0x000000bff2500000)]
  0x000002a641efcfb0 JavaThread "Reference Handler" daemon [_thread_blocked, id=28604, stack(0x000000bff2b00000,0x000000bff2c00000)]
  0x000002a641efe2e0 JavaThread "Finalizer" daemon [_thread_blocked, id=30292, stack(0x000000bff2c00000,0x000000bff2d00000)]
  0x000002a641f107b0 JavaThread "Signal Dispatcher" daemon [_thread_blocked, id=19780, stack(0x000000bff2e00000,0x000000bff2f00000)]
  0x000002a641f11340 JavaThread "Attach Listener" daemon [_thread_blocked, id=18116, stack(0x000000bff2f00000,0x000000bff3000000)]
  0x000002a641f12c20 JavaThread "Service Thread" daemon [_thread_blocked, id=28144, stack(0x000000bff3000000,0x000000bff3100000)]
  0x000002a641f134f0 JavaThread "Monitor Deflation Thread" daemon [_thread_blocked, id=24732, stack(0x000000bff3100000,0x000000bff3200000)]
  0x000002a641f13dc0 JavaThread "C1 CompilerThread0" daemon [_thread_blocked, id=13884, stack(0x000000bff3200000,0x000000bff3300000)]
  0x000002a641f146d0 JavaThread "Sweeper thread" daemon [_thread_blocked, id=29864, stack(0x000000bff3300000,0x000000bff3400000)]
  0x000002a641ee6ae0 JavaThread "Common-Cleaner" daemon [_thread_blocked, id=25064, stack(0x000000bff3400000,0x000000bff3500000)]
  0x000002a6877add50 JavaThread "Monitor Ctrl-Break" daemon [_thread_in_native, id=3644, stack(0x000000bff3800000,0x000000bff3900000)]
  0x000002a6877ae230 JavaThread "Notification Thread" daemon [_thread_blocked, id=26744, stack(0x000000bff3900000,0x000000bff3a00000)]
  0x000002a6878ab300 JavaThread "RMI TCP Accept-0" daemon [_thread_in_native, id=15512, stack(0x000000bff3c00000,0x000000bff3d00000)]
  0x000002a687c32920 JavaThread "Thread-0" [_thread_blocked, id=30792, stack(0x000000bff3d00000,0x000000bff3e00000)]
=>0x000002a687c33280 JavaThread "restartedMain" [_thread_in_vm, id=17176, stack(0x000000bff3f00000,0x000000bff4000000)]
  0x000002a687bfdda0 JavaThread "RMI TCP Connection(1)-10.10.249.11" daemon [_thread_in_native, id=26976, stack(0x000000bff4000000,0x000000bff4100000)]
  0x000002a687ca93c0 JavaThread "RMI TCP Connection(2)-10.10.249.11" daemon [_thread_in_native, id=27428, stack(0x000000bff4100000,0x000000bff4200000)]
  0x000002a687ca98d0 JavaThread "RMI Scheduler(0)" daemon [_thread_blocked, id=30960, stack(0x000000bff4200000,0x000000bff4300000)]
  0x000002a687ca9de0 JavaThread "JMX server connection timeout 24" daemon [_thread_blocked, id=29924, stack(0x000000bff4300000,0x000000bff4400000)]
  0x000002a687caa2f0 JavaThread "Catalina-utility-1" [_thread_blocked, id=29640, stack(0x000000bff3600000,0x000000bff3700000)]
  0x000002a687cabc40 JavaThread "Catalina-utility-2" [_thread_blocked, id=28296, stack(0x000000bff4400000,0x000000bff4500000)]
  0x000002a687cac150 JavaThread "container-0" [_thread_blocked, id=29004, stack(0x000000bff4500000,0x000000bff4600000)]
  0x000002a689af3a80 JavaThread "oracle.jdbc.diagnostics.Diagnostic.CLOCK" daemon [_thread_blocked, id=25704, stack(0x000000bff3500000,0x000000bff3600000)]
  0x000002a689af6d20 JavaThread "oracle.jdbc.driver.BlockSource.ThreadedCachingBlockSource.BlockReleaser" daemon [_thread_blocked, id=28680, stack(0x000000bff4600000,0x000000bff4700000)]
  0x000002a689af3f90 JavaThread "InterruptTimer" daemon [_thread_blocked, id=22484, stack(0x000000bff4800000,0x000000bff4900000)]
  0x000002a6897ff040 JavaThread "C1 CompilerThread1" daemon [_thread_blocked, id=30236, stack(0x000000bff4900000,0x000000bff4a00000)]
  0x000002a689af7c50 JavaThread "OJDBC-WORKER-THREAD-1" daemon [_thread_blocked, id=24476, stack(0x000000bff4b00000,0x000000bff4c00000)]
  0x000002a689af3570 JavaThread "HikariPool-1 housekeeper" daemon [_thread_blocked, id=16600, stack(0x000000bff4c00000,0x000000bff4d00000)]
  0x000002a689af8b80 JavaThread "HikariPool-1 connection adder" daemon [_thread_in_vm, id=10984, stack(0x000000bff4a00000,0x000000bff4b00000)]

Other Threads:
  0x000002a641ef5520 VMThread "VM Thread" [stack: 0x000000bff2a00000,0x000000bff2b00000] [id=18652]
  0x000002a6874c6690 WatcherThread [stack: 0x000000bff3e00000,0x000000bff3f00000] [id=22780]
  0x000002a62eb64fe0 GCTaskThread "GC Thread#0" [stack: 0x000000bff2500000,0x000000bff2600000] [id=28224]
  0x000002a687857780 GCTaskThread "GC Thread#1" [stack: 0x000000bff3700000,0x000000bff3800000] [id=15916]
  0x000002a687866230 GCTaskThread "GC Thread#2" [stack: 0x000000bff3a00000,0x000000bff3b00000] [id=10720]
  0x000002a6878664f0 GCTaskThread "GC Thread#3" [stack: 0x000000bff3b00000,0x000000bff3c00000] [id=26900]
  0x000002a62eb78370 ConcurrentGCThread "G1 Main Marker" [stack: 0x000000bff2600000,0x000000bff2700000] [id=23108]
  0x000002a62eb78c90 ConcurrentGCThread "G1 Conc#0" [stack: 0x000000bff2700000,0x000000bff2800000] [id=20856]
  0x000002a62ebce920 ConcurrentGCThread "G1 Refine#0" [stack: 0x000000bff2800000,0x000000bff2900000] [id=27444]
  0x000002a641da0480 ConcurrentGCThread "G1 Service" [stack: 0x000000bff2900000,0x000000bff2a00000] [id=30176]

Threads with active compile tasks:

VM state: not at safepoint (normal execution)

VM Mutex/Monitor currently owned by a thread:  ([mutex/lock_event])
[0x000002a62eb083c0] Metaspace_lock - owner thread: 0x000002a687c33280

Heap address: 0x0000000085800000, size: 1960 MB, Compressed Oops mode: 32-bit

CDS archive(s) mapped at: [0x000002a642000000-0x000002a642bd0000-0x000002a642bd0000), size 12386304, SharedBaseAddress: 0x000002a642000000, ArchiveRelocationMode: 1.
Compressed class space mapped at: 0x000002a643000000-0x000002a683000000, reserved size: 1073741824
Narrow klass base: 0x000002a642000000, Narrow klass shift: 0, Narrow klass range: 0x100000000

GC Precious Log:
 CPUs: 4 total, 4 available
 Memory: 7839M
 Large Page Support: Disabled
 NUMA Support: Disabled
 Compressed Oops: Enabled (32-bit)
 Heap Region Size: 1M
 Heap Min Capacity: 8M
 Heap Initial Capacity: 124M
 Heap Max Capacity: 1960M
 Pre-touch: Disabled
 Parallel Workers: 4
 Concurrent Workers: 1
 Concurrent Refinement Workers: 4
 Periodic GC: Disabled

Heap:
 garbage-first heap   total 68608K, used 43497K [0x0000000085800000, 0x0000000100000000)
  region size 1024K, 18 young (18432K), 1 survivors (1024K)
 Metaspace       used 46893K, committed 47360K, reserved 1114112K
  class space    used 6487K, committed 6720K, reserved 1048576K

Heap Regions: E=young(eden), S=young(survivor), O=old, HS=humongous(starts), HC=humongous(continues), CS=collection set, F=free, OA=open archive, CA=closed archive, TAMS=top-at-mark-start (previous, next)
|   0|0x0000000085800000, 0x0000000085900000, 0x0000000085900000|100%|HS|  |TAMS 0x0000000085900000, 0x0000000085800000| Complete 
|   1|0x0000000085900000, 0x0000000085a00000, 0x0000000085a00000|100%|HS|  |TAMS 0x0000000085a00000, 0x0000000085900000| Complete 
|   2|0x0000000085a00000, 0x0000000085b00000, 0x0000000085b00000|100%|HS|  |TAMS 0x0000000085b00000, 0x0000000085a00000| Complete 
|   3|0x0000000085b00000, 0x0000000085c00000, 0x0000000085c00000|100%| O|  |TAMS 0x0000000085c00000, 0x0000000085b00000| Untracked 
|   4|0x0000000085c00000, 0x0000000085d00000, 0x0000000085d00000|100%| O|  |TAMS 0x0000000085d00000, 0x0000000085c00000| Untracked 
|   5|0x0000000085d00000, 0x0000000085e00000, 0x0000000085e00000|100%| O|  |TAMS 0x0000000085e00000, 0x0000000085d00000| Untracked 
|   6|0x0000000085e00000, 0x0000000085f00000, 0x0000000085f00000|100%| O|  |TAMS 0x0000000085f00000, 0x0000000085e00000| Untracked 
|   7|0x0000000085f00000, 0x0000000086000000, 0x0000000086000000|100%| O|  |TAMS 0x0000000086000000, 0x0000000085f00000| Untracked 
|   8|0x0000000086000000, 0x0000000086100000, 0x0000000086100000|100%| O|  |TAMS 0x0000000086100000, 0x0000000086000000| Untracked 
|   9|0x0000000086100000, 0x0000000086200000, 0x0000000086200000|100%| O|  |TAMS 0x0000000086200000, 0x0000000086100000| Untracked 
|  10|0x0000000086200000, 0x0000000086300000, 0x0000000086300000|100%| O|  |TAMS 0x0000000086300000, 0x0000000086200000| Untracked 
|  11|0x0000000086300000, 0x0000000086400000, 0x0000000086400000|100%| O|  |TAMS 0x0000000086400000, 0x0000000086300000| Untracked 
|  12|0x0000000086400000, 0x0000000086500000, 0x0000000086500000|100%| O|  |TAMS 0x0000000086500000, 0x0000000086400000| Untracked 
|  13|0x0000000086500000, 0x0000000086600000, 0x0000000086600000|100%| O|  |TAMS 0x0000000086600000, 0x0000000086500000| Untracked 
|  14|0x0000000086600000, 0x0000000086700000, 0x0000000086700000|100%| O|  |TAMS 0x0000000086700000, 0x0000000086600000| Untracked 
|  15|0x0000000086700000, 0x0000000086800000, 0x0000000086800000|100%| O|  |TAMS 0x0000000086800000, 0x0000000086700000| Untracked 
|  16|0x0000000086800000, 0x0000000086900000, 0x0000000086900000|100%| O|  |TAMS 0x0000000086800000, 0x0000000086800000| Untracked 
|  17|0x0000000086900000, 0x0000000086a00000, 0x0000000086a00000|100%| O|  |TAMS 0x0000000086a00000, 0x0000000086900000| Untracked 
|  18|0x0000000086a00000, 0x0000000086b00000, 0x0000000086b00000|100%| O|  |TAMS 0x0000000086b00000, 0x0000000086a00000| Untracked 
|  19|0x0000000086b00000, 0x0000000086c00000, 0x0000000086c00000|100%| O|  |TAMS 0x0000000086c00000, 0x0000000086b00000| Untracked 
|  20|0x0000000086c00000, 0x0000000086d00000, 0x0000000086d00000|100%| O|  |TAMS 0x0000000086d00000, 0x0000000086c00000| Untracked 
|  21|0x0000000086d00000, 0x0000000086e00000, 0x0000000086e00000|100%| O|  |TAMS 0x0000000086d00000, 0x0000000086d00000| Untracked 
|  22|0x0000000086e00000, 0x0000000086f00000, 0x0000000086f00000|100%| O|  |TAMS 0x0000000086f00000, 0x0000000086e00000| Untracked 
|  23|0x0000000086f00000, 0x0000000087000000, 0x0000000087000000|100%| O|  |TAMS 0x0000000086f00000, 0x0000000086f00000| Untracked 
|  24|0x0000000087000000, 0x0000000087100000, 0x0000000087100000|100%| O|  |TAMS 0x0000000087000000, 0x0000000087000000| Untracked 
|  25|0x0000000087100000, 0x0000000087100000, 0x0000000087200000|  0%| F|  |TAMS 0x0000000087100000, 0x0000000087100000| Untracked 
|  26|0x0000000087200000, 0x0000000087300000, 0x0000000087300000|100%| O|  |TAMS 0x0000000087300000, 0x0000000087200000| Untracked 
|  27|0x0000000087300000, 0x0000000087400000, 0x0000000087400000|100%| O|  |TAMS 0x00000000873cc400, 0x0000000087300000| Untracked 
|  28|0x0000000087400000, 0x0000000087417a00, 0x0000000087500000|  9%| O|  |TAMS 0x0000000087400000, 0x0000000087400000| Untracked 
|  29|0x0000000087500000, 0x0000000087500000, 0x0000000087600000|  0%| F|  |TAMS 0x0000000087500000, 0x0000000087500000| Untracked 
|  30|0x0000000087600000, 0x0000000087600000, 0x0000000087700000|  0%| F|  |TAMS 0x0000000087600000, 0x0000000087600000| Untracked 
|  31|0x0000000087700000, 0x0000000087700000, 0x0000000087800000|  0%| F|  |TAMS 0x0000000087700000, 0x0000000087700000| Untracked 
|  32|0x0000000087800000, 0x0000000087800000, 0x0000000087900000|  0%| F|  |TAMS 0x0000000087800000, 0x0000000087800000| Untracked 
|  33|0x0000000087900000, 0x0000000087900000, 0x0000000087a00000|  0%| F|  |TAMS 0x0000000087900000, 0x0000000087900000| Untracked 
|  34|0x0000000087a00000, 0x0000000087a00000, 0x0000000087b00000|  0%| F|  |TAMS 0x0000000087a00000, 0x0000000087a00000| Untracked 
|  35|0x0000000087b00000, 0x0000000087b00000, 0x0000000087c00000|  0%| F|  |TAMS 0x0000000087b00000, 0x0000000087b00000| Untracked 
|  36|0x0000000087c00000, 0x0000000087c00000, 0x0000000087d00000|  0%| F|  |TAMS 0x0000000087c00000, 0x0000000087c00000| Untracked 
|  37|0x0000000087d00000, 0x0000000087d00000, 0x0000000087e00000|  0%| F|  |TAMS 0x0000000087d00000, 0x0000000087d00000| Untracked 
|  38|0x0000000087e00000, 0x0000000087e00000, 0x0000000087f00000|  0%| F|  |TAMS 0x0000000087e00000, 0x0000000087e00000| Untracked 
|  39|0x0000000087f00000, 0x0000000087f00000, 0x0000000088000000|  0%| F|  |TAMS 0x0000000087f00000, 0x0000000087f00000| Untracked 
|  40|0x0000000088000000, 0x0000000088000000, 0x0000000088100000|  0%| F|  |TAMS 0x0000000088000000, 0x0000000088000000| Untracked 
|  41|0x0000000088100000, 0x0000000088100000, 0x0000000088200000|  0%| F|  |TAMS 0x0000000088100000, 0x0000000088100000| Untracked 
|  42|0x0000000088200000, 0x0000000088200000, 0x0000000088300000|  0%| F|  |TAMS 0x0000000088200000, 0x0000000088200000| Untracked 
|  43|0x0000000088300000, 0x0000000088300000, 0x0000000088400000|  0%| F|  |TAMS 0x0000000088300000, 0x0000000088300000| Untracked 
|  44|0x0000000088400000, 0x0000000088400000, 0x0000000088500000|  0%| F|  |TAMS 0x0000000088400000, 0x0000000088400000| Untracked 
|  45|0x0000000088500000, 0x0000000088500000, 0x0000000088600000|  0%| F|  |TAMS 0x0000000088500000, 0x0000000088500000| Untracked 
|  46|0x0000000088600000, 0x0000000088600000, 0x0000000088700000|  0%| F|  |TAMS 0x0000000088600000, 0x0000000088600000| Untracked 
|  47|0x0000000088700000, 0x0000000088700000, 0x0000000088800000|  0%| F|  |TAMS 0x0000000088700000, 0x0000000088700000| Untracked 
|  48|0x0000000088800000, 0x0000000088800000, 0x0000000088900000|  0%| F|  |TAMS 0x0000000088800000, 0x0000000088800000| Untracked 
|  49|0x0000000088900000, 0x00000000889f25e8, 0x0000000088a00000| 94%| E|  |TAMS 0x0000000088900000, 0x0000000088900000| Complete 
|  50|0x0000000088a00000, 0x0000000088b00000, 0x0000000088b00000|100%| E|CS|TAMS 0x0000000088a00000, 0x0000000088a00000| Complete 
|  51|0x0000000088b00000, 0x0000000088c00000, 0x0000000088c00000|100%| E|CS|TAMS 0x0000000088b00000, 0x0000000088b00000| Complete 
|  52|0x0000000088c00000, 0x0000000088d00000, 0x0000000088d00000|100%| E|CS|TAMS 0x0000000088c00000, 0x0000000088c00000| Complete 
|  53|0x0000000088d00000, 0x0000000088e00000, 0x0000000088e00000|100%| E|CS|TAMS 0x0000000088d00000, 0x0000000088d00000| Complete 
|  54|0x0000000088e00000, 0x0000000088f00000, 0x0000000088f00000|100%| E|CS|TAMS 0x0000000088e00000, 0x0000000088e00000| Complete 
|  55|0x0000000088f00000, 0x0000000089000000, 0x0000000089000000|100%| E|CS|TAMS 0x0000000088f00000, 0x0000000088f00000| Complete 
|  56|0x0000000089000000, 0x0000000089100000, 0x0000000089100000|100%| E|CS|TAMS 0x0000000089000000, 0x0000000089000000| Complete 
|  57|0x0000000089100000, 0x0000000089200000, 0x0000000089200000|100%| E|CS|TAMS 0x0000000089100000, 0x0000000089100000| Complete 
|  58|0x0000000089200000, 0x0000000089300000, 0x0000000089300000|100%| E|CS|TAMS 0x0000000089200000, 0x0000000089200000| Complete 
|  59|0x0000000089300000, 0x0000000089400000, 0x0000000089400000|100%| E|CS|TAMS 0x0000000089300000, 0x0000000089300000| Complete 
|  60|0x0000000089400000, 0x0000000089500000, 0x0000000089500000|100%| E|CS|TAMS 0x0000000089400000, 0x0000000089400000| Complete 
|  61|0x0000000089500000, 0x0000000089600000, 0x0000000089600000|100%| E|CS|TAMS 0x0000000089500000, 0x0000000089500000| Complete 
|  62|0x0000000089600000, 0x0000000089700000, 0x0000000089700000|100%| E|  |TAMS 0x0000000089600000, 0x0000000089600000| Complete 
|  63|0x0000000089700000, 0x0000000089800000, 0x0000000089800000|100%| E|CS|TAMS 0x0000000089700000, 0x0000000089700000| Complete 
| 111|0x000000008c700000, 0x000000008c800000, 0x000000008c800000|100%| E|CS|TAMS 0x000000008c700000, 0x000000008c700000| Complete 
| 112|0x000000008c800000, 0x000000008c862a00, 0x000000008c900000| 38%| S|CS|TAMS 0x000000008c800000, 0x000000008c800000| Complete 
| 123|0x000000008d300000, 0x000000008d400000, 0x000000008d400000|100%| E|CS|TAMS 0x000000008d300000, 0x000000008d300000| Complete 

Card table byte_map: [0x000002a63b400000,0x000002a63b7e0000] _byte_map_base: 0x000002a63afd4000

Marking Bits (Prev, Next): (CMBitMap*) 0x000002a62eb67530, (CMBitMap*) 0x000002a62eb67570
 Prev Bits: [0x000002a63bbc0000, 0x000002a63da60000)
 Next Bits: [0x000002a63da60000, 0x000002a63f900000)

Polling page: 0x000002a62e970000

Metaspace:

Usage:
  Non-class:     39.46 MB used.
      Class:      6.34 MB used.
       Both:     45.79 MB used.

Virtual space:
  Non-class space:       64.00 MB reserved,      39.69 MB ( 62%) committed,  1 nodes.
      Class space:        1.00 GB reserved,       6.56 MB ( <1%) committed,  1 nodes.
             Both:        1.06 GB reserved,      46.25 MB (  4%) committed. 

Chunk freelists:
   Non-Class:  8.17 MB
       Class:  9.45 MB
        Both:  17.62 MB

MaxMetaspaceSize: unlimited
CompressedClassSpaceSize: 1.00 GB
Initial GC threshold: 21.00 MB
Current GC threshold: 59.19 MB
CDS: on
MetaspaceReclaimPolicy: balanced
 - commit_granule_bytes: 65536.
 - commit_granule_words: 8192.
 - virtual_space_node_default_size: 8388608.
 - enlarge_chunks_in_place: 1.
 - new_chunks_are_fully_committed: 0.
 - uncommit_free_chunks: 1.
 - use_allocation_guard: 0.
 - handle_deallocations: 1.


Internal statistics:

num_allocs_failed_limit: 9.
num_arena_births: 726.
num_arena_deaths: 0.
num_vsnodes_births: 2.
num_vsnodes_deaths: 0.
num_space_committed: 740.
num_space_uncommitted: 0.
num_chunks_returned_to_freelist: 9.
num_chunks_taken_from_freelist: 2441.
num_chunk_merges: 9.
num_chunk_splits: 1694.
num_chunks_enlarged: 1236.
num_inconsistent_stats: 0.

CodeCache: size=49152Kb used=9191Kb max_used=9191Kb free=39960Kb
 bounds [0x000002a637b80000, 0x000002a638480000, 0x000002a63ab80000]
 total_blobs=5280 nmethods=4667 adapters=539
 compilation: enabled
              stopped_count=0, restarted_count=0
 full_count=0

Compilation events (20 events):
Event: 30.636 Thread 0x000002a641f13dc0 nmethod 4660 0x000002a638471610 code [0x000002a6384717a0, 0x000002a638471888]
Event: 30.636 Thread 0x000002a641f13dc0 4662   !   1       sun.nio.ch.NioSocketImpl::implWrite (114 bytes)
Event: 30.637 Thread 0x000002a6897ff040 nmethod 4661 0x000002a638471910 code [0x000002a638471b20, 0x000002a638471f68]
Event: 30.637 Thread 0x000002a6897ff040 4667   !   1       java.io.ObjectStreamClass::readNonProxy (401 bytes)
Event: 30.637 Thread 0x000002a641f13dc0 nmethod 4662 0x000002a638472310 code [0x000002a638472520, 0x000002a638472a98]
Event: 30.637 Thread 0x000002a641f13dc0 4663   !   1       sun.nio.ch.NioSocketImpl::beginWrite (30 bytes)
Event: 30.637 Thread 0x000002a641f13dc0 nmethod 4663 0x000002a638472e90 code [0x000002a638473020, 0x000002a6384731e8]
Event: 30.637 Thread 0x000002a641f13dc0 4664   !   1       sun.nio.ch.NioSocketImpl::tryWrite (78 bytes)
Event: 30.638 Thread 0x000002a641f13dc0 nmethod 4664 0x000002a638473310 code [0x000002a6384734e0, 0x000002a638473738]
Event: 30.638 Thread 0x000002a641f13dc0 4665   !   1       java.io.ObjectInputStream::readNonProxyDesc (322 bytes)
Event: 30.640 Thread 0x000002a6897ff040 nmethod 4667 0x000002a638473990 code [0x000002a638473d60, 0x000002a6384750d8]
Event: 30.640 Thread 0x000002a6897ff040 4668       1       sun.rmi.transport.tcp.TCPConnection::releaseOutputStream (15 bytes)
Event: 30.640 Thread 0x000002a6897ff040 nmethod 4668 0x000002a638475d10 code [0x000002a638475ea0, 0x000002a638475f88]
Event: 30.640 Thread 0x000002a6897ff040 4666       1       java.io.ObjectInputStream::readClassDescriptor (15 bytes)
Event: 30.640 Thread 0x000002a6897ff040 nmethod 4666 0x000002a638476010 code [0x000002a6384761a0, 0x000002a638476308]
Event: 30.641 Thread 0x000002a6897ff040 4669       1       java.io.ObjectStreamClass::classNamesEqual (59 bytes)
Event: 30.641 Thread 0x000002a641f13dc0 nmethod 4665 0x000002a638476390 code [0x000002a638476760, 0x000002a6384779e8]
Event: 30.641 Thread 0x000002a6897ff040 nmethod 4669 0x000002a638478a10 code [0x000002a638478be0, 0x000002a638478e68]
Event: 30.641 Thread 0x000002a641f13dc0 4670       1       java.util.Collections::unmodifiableList (47 bytes)
Event: 30.642 Thread 0x000002a641f13dc0 nmethod 4670 0x000002a638479110 code [0x000002a6384792e0, 0x000002a638479838]

GC Heap History (20 events):
Event: 13.995 GC heap before
{Heap before GC invocations=3 (full 0):
 garbage-first heap   total 126976K, used 83320K [0x0000000085800000, 0x0000000100000000)
  region size 1024K, 73 young (74752K), 2 survivors (2048K)
 Metaspace       used 20660K, committed 21120K, reserved 1114112K
  class space    used 2782K, committed 3008K, reserved 1048576K
}
Event: 14.008 GC heap after
{Heap after GC invocations=4 (full 0):
 garbage-first heap   total 126976K, used 17104K [0x0000000085800000, 0x0000000100000000)
  region size 1024K, 7 young (7168K), 7 survivors (7168K)
 Metaspace       used 20660K, committed 21120K, reserved 1114112K
  class space    used 2782K, committed 3008K, reserved 1048576K
}
Event: 15.045 GC heap before
{Heap before GC invocations=4 (full 0):
 garbage-first heap   total 126976K, used 27344K [0x0000000085800000, 0x0000000100000000)
  region size 1024K, 18 young (18432K), 7 survivors (7168K)
 Metaspace       used 21136K, committed 21504K, reserved 1114112K
  class space    used 2867K, committed 3072K, reserved 1048576K
}
Event: 15.056 GC heap after
{Heap after GC invocations=5 (full 0):
 garbage-first heap   total 126976K, used 17730K [0x0000000085800000, 0x0000000100000000)
  region size 1024K, 2 young (2048K), 2 survivors (2048K)
 Metaspace       used 21136K, committed 21504K, reserved 1114112K
  class space    used 2867K, committed 3072K, reserved 1048576K
}
Event: 18.574 GC heap before
{Heap before GC invocations=6 (full 0):
 garbage-first heap   total 68608K, used 56642K [0x0000000085800000, 0x0000000100000000)
  region size 1024K, 40 young (40960K), 2 survivors (2048K)
 Metaspace       used 26110K, committed 26560K, reserved 1114112K
  class space    used 3643K, committed 3840K, reserved 1048576K
}
Event: 18.580 GC heap after
{Heap after GC invocations=7 (full 0):
 garbage-first heap   total 68608K, used 19963K [0x0000000085800000, 0x0000000100000000)
  region size 1024K, 4 young (4096K), 4 survivors (4096K)
 Metaspace       used 26110K, committed 26560K, reserved 1114112K
  class space    used 3643K, committed 3840K, reserved 1048576K
}
Event: 18.659 GC heap before
{Heap before GC invocations=7 (full 0):
 garbage-first heap   total 68608K, used 20987K [0x0000000085800000, 0x0000000100000000)
  region size 1024K, 5 young (5120K), 4 survivors (4096K)
 Metaspace       used 26261K, committed 26688K, reserved 1114112K
  class space    used 3667K, committed 3840K, reserved 1048576K
}
Event: 18.665 GC heap after
{Heap after GC invocations=8 (full 0):
 garbage-first heap   total 68608K, used 20469K [0x0000000085800000, 0x0000000100000000)
  region size 1024K, 1 young (1024K), 1 survivors (1024K)
 Metaspace       used 26261K, committed 26688K, reserved 1114112K
  class space    used 3667K, committed 3840K, reserved 1048576K
}
Event: 19.810 GC heap before
{Heap before GC invocations=8 (full 0):
 garbage-first heap   total 68608K, used 53237K [0x0000000085800000, 0x0000000100000000)
  region size 1024K, 29 young (29696K), 1 survivors (1024K)
 Metaspace       used 29267K, committed 29760K, reserved 1114112K
  class space    used 4047K, committed 4288K, reserved 1048576K
}
Event: 19.817 GC heap after
{Heap after GC invocations=9 (full 0):
 garbage-first heap   total 68608K, used 28202K [0x0000000085800000, 0x0000000100000000)
  region size 1024K, 4 young (4096K), 4 survivors (4096K)
 Metaspace       used 29267K, committed 29760K, reserved 1114112K
  class space    used 4047K, committed 4288K, reserved 1048576K
}
Event: 21.690 GC heap before
{Heap before GC invocations=9 (full 0):
 garbage-first heap   total 68608K, used 50730K [0x0000000085800000, 0x0000000100000000)
  region size 1024K, 25 young (25600K), 4 survivors (4096K)
 Metaspace       used 30343K, committed 30848K, reserved 1114112K
  class space    used 4188K, committed 4416K, reserved 1048576K
}
Event: 21.696 GC heap after
{Heap after GC invocations=10 (full 0):
 garbage-first heap   total 68608K, used 26198K [0x0000000085800000, 0x0000000100000000)
  region size 1024K, 2 young (2048K), 2 survivors (2048K)
 Metaspace       used 30343K, committed 30848K, reserved 1114112K
  class space    used 4188K, committed 4416K, reserved 1048576K
}
Event: 24.522 GC heap before
{Heap before GC invocations=10 (full 0):
 garbage-first heap   total 68608K, used 49750K [0x0000000085800000, 0x0000000100000000)
  region size 1024K, 26 young (26624K), 2 survivors (2048K)
 Metaspace       used 35056K, committed 35648K, reserved 1114112K
  class space    used 4838K, committed 5120K, reserved 1048576K
}
Event: 24.527 GC heap after
{Heap after GC invocations=11 (full 0):
 garbage-first heap   total 68608K, used 27202K [0x0000000085800000, 0x0000000100000000)
  region size 1024K, 3 young (3072K), 3 survivors (3072K)
 Metaspace       used 35056K, committed 35648K, reserved 1114112K
  class space    used 4838K, committed 5120K, reserved 1048576K
}
Event: 24.657 GC heap before
{Heap before GC invocations=11 (full 0):
 garbage-first heap   total 68608K, used 28226K [0x0000000085800000, 0x0000000100000000)
  region size 1024K, 6 young (6144K), 3 survivors (3072K)
 Metaspace       used 35461K, committed 35968K, reserved 1114112K
  class space    used 4904K, committed 5184K, reserved 1048576K
}
Event: 24.661 GC heap after
{Heap after GC invocations=12 (full 0):
 garbage-first heap   total 68608K, used 27358K [0x0000000085800000, 0x0000000100000000)
  region size 1024K, 2 young (2048K), 2 survivors (2048K)
 Metaspace       used 35461K, committed 35968K, reserved 1114112K
  class space    used 4904K, committed 5184K, reserved 1048576K
}
Event: 28.209 GC heap before
{Heap before GC invocations=13 (full 0):
 garbage-first heap   total 68608K, used 50910K [0x0000000085800000, 0x0000000100000000)
  region size 1024K, 26 young (26624K), 2 survivors (2048K)
 Metaspace       used 41990K, committed 42560K, reserved 1114112K
  class space    used 5818K, committed 6080K, reserved 1048576K
}
Event: 28.213 GC heap after
{Heap after GC invocations=14 (full 0):
 garbage-first heap   total 68608K, used 28374K [0x0000000085800000, 0x0000000100000000)
  region size 1024K, 3 young (3072K), 3 survivors (3072K)
 Metaspace       used 41990K, committed 42560K, reserved 1114112K
  class space    used 5818K, committed 6080K, reserved 1048576K
}
Event: 28.693 GC heap before
{Heap before GC invocations=14 (full 0):
 garbage-first heap   total 68608K, used 29398K [0x0000000085800000, 0x0000000100000000)
  region size 1024K, 4 young (4096K), 3 survivors (3072K)
 Metaspace       used 42326K, committed 42880K, reserved 1114112K
  class space    used 5859K, committed 6144K, reserved 1048576K
}
Event: 28.698 GC heap after
{Heap after GC invocations=15 (full 0):
 garbage-first heap   total 68608K, used 28137K [0x0000000085800000, 0x0000000100000000)
  region size 1024K, 1 young (1024K), 1 survivors (1024K)
 Metaspace       used 42326K, committed 42880K, reserved 1114112K
  class space    used 5859K, committed 6144K, reserved 1048576K
}

Deoptimization events (2 events):
Event: 18.165 Thread 0x000002a687c33280 DEOPT PACKING pc=0x000002a6382100ec sp=0x000000bff3ffb770
Event: 18.165 Thread 0x000002a687c33280 DEOPT UNPACKING pc=0x000002a637bd2b43 sp=0x000000bff3ffac28 mode 0

Classes unloaded (0 events):
No events

Classes redefined (0 events):
No events

Internal exceptions (20 events):
Event: 18.890 Thread 0x000002a687c33280 Exception <a 'java/lang/NoSuchMethodError'{0x00000000896be678}: 'java.lang.Object java.lang.invoke.DirectMethodHandle$Holder.invokeSpecial(java.lang.Object, java.lang.Object, java.lang.Object, java.lang.Object, int)'> (0x00000000896be678) 
thrown [s\open\src\hotspot\share\interpreter\linkResolver.cpp, line 759]
Event: 18.897 Thread 0x000002a687c33280 Exception <a 'java/lang/NoSuchMethodError'{0x00000000896c2240}: 'java.lang.Object java.lang.invoke.Invokers$Holder.linkToTargetMethod(java.lang.Object, java.lang.Object, int, java.lang.Object)'> (0x00000000896c2240) 
thrown [s\open\src\hotspot\share\interpreter\linkResolver.cpp, line 759]
Event: 20.043 Thread 0x000002a687c33280 Exception <a 'sun/nio/fs/WindowsException'{0x0000000088f72a28}> (0x0000000088f72a28) 
thrown [s\open\src\hotspot\share\prims\jni.cpp, line 516]
Event: 20.045 Thread 0x000002a687c33280 Exception <a 'sun/nio/fs/WindowsException'{0x0000000088f78410}> (0x0000000088f78410) 
thrown [s\open\src\hotspot\share\prims\jni.cpp, line 516]
Event: 20.045 Thread 0x000002a687c33280 Exception <a 'sun/nio/fs/WindowsException'{0x0000000088f78ae8}> (0x0000000088f78ae8) 
thrown [s\open\src\hotspot\share\prims\jni.cpp, line 516]
Event: 20.396 Thread 0x000002a687c33280 Exception <a 'java/io/FileNotFoundException'{0x0000000088dec830}> (0x0000000088dec830) 
thrown [s\open\src\hotspot\share\prims\jni.cpp, line 516]
Event: 20.590 Thread 0x000002a687c33280 Exception <a 'java/lang/NoSuchMethodError'{0x000000008896c848}: 'int java.lang.invoke.DirectMethodHandle$Holder.invokeInterface(java.lang.Object, java.lang.Object, java.lang.Object, java.lang.Object)'> (0x000000008896c848) 
thrown [s\open\src\hotspot\share\interpreter\linkResolver.cpp, line 759]
Event: 20.698 Thread 0x000002a687c33280 Exception <a 'java/lang/NoSuchMethodError'{0x00000000887aea80}: 'long java.lang.invoke.DirectMethodHandle$Holder.invokeVirtual(java.lang.Object, java.lang.Object)'> (0x00000000887aea80) 
thrown [s\open\src\hotspot\share\interpreter\linkResolver.cpp, line 759]
Event: 20.712 Thread 0x000002a687c33280 Exception <a 'java/io/FileNotFoundException'{0x00000000887dffc0}> (0x00000000887dffc0) 
thrown [s\open\src\hotspot\share\prims\jni.cpp, line 516]
Event: 22.304 Thread 0x000002a687c33280 Exception <a 'java/lang/NoSuchMethodError'{0x000000008c864f40}: 'void java.lang.invoke.DirectMethodHandle$Holder.invokeStaticInit(java.lang.Object)'> (0x000000008c864f40) 
thrown [s\open\src\hotspot\share\interpreter\linkResolver.cpp, line 759]
Event: 22.367 Thread 0x000002a687c33280 Exception <a 'java/lang/NoClassDefFoundError'{0x000000008972c388}: oracle/security/pki/OraclePKIProvider> (0x000000008972c388) 
thrown [s\open\src\hotspot\share\classfile\systemDictionary.cpp, line 245]
Event: 22.644 Thread 0x000002a687c33280 Exception <a 'sun/nio/fs/WindowsException'{0x000000008919a1c8}> (0x000000008919a1c8) 
thrown [s\open\src\hotspot\share\prims\jni.cpp, line 516]
Event: 22.792 Thread 0x000002a687c33280 Exception <a 'java/lang/NoSuchMethodError'{0x0000000088f23628}: 'java.lang.Object java.lang.invoke.Invokers$Holder.invoke_MT(java.lang.Object, java.lang.Object, java.lang.Object)'> (0x0000000088f23628) 
thrown [s\open\src\hotspot\share\interpreter\linkResolver.cpp, line 759]
Event: 26.429 Thread 0x000002a687c33280 Exception <a 'java/lang/NoSuchMethodError'{0x0000000088a724b0}: 'int java.lang.invoke.DirectMethodHandle$Holder.invokeStatic(java.lang.Object)'> (0x0000000088a724b0) 
thrown [s\open\src\hotspot\share\interpreter\linkResolver.cpp, line 759]
Event: 26.926 Thread 0x000002a687c33280 Exception <a 'java/lang/NoSuchMethodError'{0x0000000088433360}: 'java.lang.Object java.lang.invoke.DirectMethodHandle$Holder.invokeStaticInit(java.lang.Object, java.lang.Object, java.lang.Object, java.lang.Object)'> (0x0000000088433360) 
thrown [s\open\src\hotspot\share\interpreter\linkResolver.cpp, line 759]
Event: 26.965 Thread 0x000002a687c33280 Exception <a 'java/lang/NoClassDefFoundError'{0x00000000884e9650}: oracle/dms/console/DMSConsole> (0x00000000884e9650) 
thrown [s\open\src\hotspot\share\classfile\systemDictionary.cpp, line 245]
Event: 26.965 Thread 0x000002a687c33280 Exception <a 'java/lang/reflect/InvocationTargetException'{0x00000000884e9e70}> (0x00000000884e9e70) 
thrown [s\open\src\hotspot\share\runtime\reflection.cpp, line 1121]
Event: 28.723 Thread 0x000002a687c33280 Exception <a 'java/lang/NoSuchMethodError'{0x000000008d341a40}: 'java.lang.Object java.lang.invoke.DirectMethodHandle$Holder.invokeVirtual(java.lang.Object, java.lang.Object, int)'> (0x000000008d341a40) 
thrown [s\open\src\hotspot\share\interpreter\linkResolver.cpp, line 759]
Event: 28.825 Thread 0x000002a687c33280 Exception <a 'sun/nio/fs/WindowsException'{0x000000008c706af8}> (0x000000008c706af8) 
thrown [s\open\src\hotspot\share\prims\jni.cpp, line 516]
Event: 29.597 Thread 0x000002a687c33280 Exception <a 'java/lang/NoSuchMethodError'{0x0000000089439360}: 'java.lang.Object java.lang.invoke.DirectMethodHandle$Holder.newInvokeSpecial(java.lang.Object, java.lang.Object, int)'> (0x0000000089439360) 
thrown [s\open\src\hotspot\share\interpreter\linkResolver.cpp, line 759]

VM Operations (20 events):
Event: 24.785 Executing VM operation: G1Concurrent
Event: 24.793 Executing VM operation: G1Concurrent done
Event: 25.806 Executing VM operation: Cleanup
Event: 25.807 Executing VM operation: Cleanup done
Event: 26.631 Executing VM operation: ThreadDump
Event: 26.633 Executing VM operation: ThreadDump done
Event: 27.172 Executing VM operation: HandshakeAllThreads
Event: 28.209 Executing VM operation: HandshakeAllThreads done
Event: 28.209 Executing VM operation: Cleanup
Event: 28.209 Executing VM operation: Cleanup done
Event: 28.209 Executing VM operation: G1CollectForAllocation
Event: 28.214 Executing VM operation: G1CollectForAllocation done
Event: 28.609 Executing VM operation: G1CollectForAllocation
Event: 28.698 Executing VM operation: G1CollectForAllocation done
Event: 28.828 Executing VM operation: HandshakeAllThreads
Event: 28.828 Executing VM operation: HandshakeAllThreads done
Event: 28.839 Executing VM operation: HandshakeAllThreads
Event: 28.839 Executing VM operation: HandshakeAllThreads done
Event: 29.839 Executing VM operation: Cleanup
Event: 29.840 Executing VM operation: Cleanup done

Events (20 events):
Event: 29.476 loading class javax/crypto/NullCipher
Event: 29.476 loading class javax/crypto/NullCipher done
Event: 29.476 loading class sun/security/util/ArrayUtil
Event: 29.476 loading class sun/security/util/ArrayUtil done
Event: 29.615 Thread 0x000002a689af7c50 Thread added: 0x000002a689af7c50
Event: 29.619 Thread 0x000002a689af3570 Thread added: 0x000002a689af3570
Event: 29.621 loading class java/util/concurrent/ThreadPoolExecutor$CallerRunsPolicy
Event: 29.621 loading class java/util/concurrent/ThreadPoolExecutor$CallerRunsPolicy done
Event: 29.663 loading class java/util/regex/Pattern$Bound
Event: 29.664 loading class java/util/regex/Pattern$Bound done
Event: 29.669 Thread 0x000002a689af44a0 Thread exited: 0x000002a689af44a0
Event: 29.740 Thread 0x000002a689af8b80 Thread added: 0x000002a689af8b80
Event: 29.836 loading class java/util/zip/ZipInputStream
Event: 29.839 loading class java/util/zip/ZipInputStream done
Event: 29.840 loading class java/io/StreamCorruptedException
Event: 29.840 loading class java/io/StreamCorruptedException done
Event: 29.840 loading class java/util/zip/ZipOutputStream
Event: 29.841 loading class java/util/zip/DeflaterOutputStream
Event: 29.842 loading class java/util/zip/DeflaterOutputStream done
Event: 29.843 loading class java/util/zip/ZipOutputStream done


Dynamic libraries:
0x00007ff7b2f30000 - 0x00007ff7b2f40000 	C:\Program Files\Java\jdk-17\bin\java.exe
0x00007ffc56c90000 - 0x00007ffc56e88000 	C:\Windows\SYSTEM32\ntdll.dll
0x00007ffc56350000 - 0x00007ffc56412000 	C:\Windows\System32\KERNEL32.DLL
0x00007ffc54670000 - 0x00007ffc5496f000 	C:\Windows\System32\KERNELBASE.dll
0x00007ffc54540000 - 0x00007ffc54640000 	C:\Windows\System32\ucrtbase.dll
0x00007ffc4e8a0000 - 0x00007ffc4e8b9000 	C:\Program Files\Java\jdk-17\bin\jli.dll
0x00007ffc554f0000 - 0x00007ffc5559f000 	C:\Windows\System32\ADVAPI32.dll
0x00007ffc555a0000 - 0x00007ffc5563e000 	C:\Windows\System32\msvcrt.dll
0x00007ffc54cb0000 - 0x00007ffc54d4f000 	C:\Windows\System32\sechost.dll
0x00007ffc54e00000 - 0x00007ffc54f23000 	C:\Windows\System32\RPCRT4.dll
0x00007ffc54380000 - 0x00007ffc543a7000 	C:\Windows\System32\bcrypt.dll
0x00007ffc556b0000 - 0x00007ffc5584d000 	C:\Windows\System32\USER32.dll
0x00007ffc54640000 - 0x00007ffc54662000 	C:\Windows\System32\win32u.dll
0x00007ffc56c20000 - 0x00007ffc56c4b000 	C:\Windows\System32\GDI32.dll
0x00007ffc54420000 - 0x00007ffc5453a000 	C:\Windows\System32\gdi32full.dll
0x00007ffc54ab0000 - 0x00007ffc54b4d000 	C:\Windows\System32\msvcp_win.dll
0x00007ffc4e880000 - 0x00007ffc4e89b000 	C:\Program Files\Java\jdk-17\bin\VCRUNTIME140.dll
0x00007ffc39b10000 - 0x00007ffc39daa000 	C:\Windows\WinSxS\amd64_microsoft.windows.common-controls_6595b64144ccf1df_6.0.19041.4355_none_60b8b9eb71f62e16\COMCTL32.dll
0x00007ffc4ce00000 - 0x00007ffc4ce0a000 	C:\Windows\SYSTEM32\VERSION.dll
0x00007ffc56be0000 - 0x00007ffc56c0f000 	C:\Windows\System32\IMM32.DLL
0x00007ffc4f1e0000 - 0x00007ffc4f1ec000 	C:\Program Files\Java\jdk-17\bin\vcruntime140_1.dll
0x00007ffc3eed0000 - 0x00007ffc3ef5e000 	C:\Program Files\Java\jdk-17\bin\msvcp140.dll
0x00007ffbb41c0000 - 0x00007ffbb4da0000 	C:\Program Files\Java\jdk-17\bin\server\jvm.dll
0x00007ffc55850000 - 0x00007ffc55858000 	C:\Windows\System32\PSAPI.DLL
0x00007ffc40b40000 - 0x00007ffc40b49000 	C:\Windows\SYSTEM32\WSOCK32.dll
0x00007ffc55640000 - 0x00007ffc556ab000 	C:\Windows\System32\WS2_32.dll
0x00007ffc39350000 - 0x00007ffc39377000 	C:\Windows\SYSTEM32\WINMM.dll
0x00007ffc521b0000 - 0x00007ffc521c2000 	C:\Windows\SYSTEM32\kernel.appcore.dll
0x00007ffc4cfa0000 - 0x00007ffc4cfaa000 	C:\Program Files\Java\jdk-17\bin\jimage.dll
0x00007ffc4bb60000 - 0x00007ffc4bd44000 	C:\Windows\SYSTEM32\DBGHELP.DLL
0x00007ffc4baf0000 - 0x00007ffc4bb24000 	C:\Windows\SYSTEM32\dbgcore.DLL
0x00007ffc54a20000 - 0x00007ffc54aa2000 	C:\Windows\System32\bcryptPrimitives.dll
0x00007ffc4cf90000 - 0x00007ffc4cf9e000 	C:\Program Files\Java\jdk-17\bin\instrument.dll
0x00007ffc4cf40000 - 0x00007ffc4cf65000 	C:\Program Files\Java\jdk-17\bin\java.dll
0x00007ffc3ecb0000 - 0x00007ffc3ed87000 	C:\Program Files\Java\jdk-17\bin\jsvml.dll
0x00007ffc55b80000 - 0x00007ffc562ed000 	C:\Windows\System32\SHELL32.dll
0x00007ffc523b0000 - 0x00007ffc52b54000 	C:\Windows\SYSTEM32\windows.storage.dll
0x00007ffc55060000 - 0x00007ffc553b5000 	C:\Windows\System32\combase.dll
0x00007ffc53d60000 - 0x00007ffc53d8f000 	C:\Windows\SYSTEM32\Wldp.dll
0x00007ffc56420000 - 0x00007ffc564ed000 	C:\Windows\System32\OLEAUT32.dll
0x00007ffc55420000 - 0x00007ffc554cd000 	C:\Windows\System32\SHCORE.dll
0x00007ffc562f0000 - 0x00007ffc56345000 	C:\Windows\System32\shlwapi.dll
0x00007ffc54260000 - 0x00007ffc54284000 	C:\Windows\SYSTEM32\profapi.dll
0x00007ffc4c350000 - 0x00007ffc4c368000 	C:\Program Files\Java\jdk-17\bin\zip.dll
0x00007ffc4be70000 - 0x00007ffc4be89000 	C:\Program Files\Java\jdk-17\bin\net.dll
0x00007ffc4aeb0000 - 0x00007ffc4afba000 	C:\Windows\SYSTEM32\WINHTTP.dll
0x00007ffc53ac0000 - 0x00007ffc53b2c000 	C:\Windows\system32\mswsock.dll
0x00007ffc4b070000 - 0x00007ffc4b086000 	C:\Program Files\Java\jdk-17\bin\nio.dll
0x00007ffc4b050000 - 0x00007ffc4b06a000 	E:\IntelliJ IDEA 2024.3.2.2\bin\breakgen64.dll
0x00007ffc537a0000 - 0x00007ffc5386a000 	C:\Windows\SYSTEM32\DNSAPI.dll
0x00007ffc53750000 - 0x00007ffc5378b000 	C:\Windows\SYSTEM32\IPHLPAPI.DLL
0x00007ffc56c10000 - 0x00007ffc56c18000 	C:\Windows\System32\NSI.dll
0x00007ffc49990000 - 0x00007ffc4999a000 	C:\Windows\System32\rasadhlp.dll
0x00007ffc49890000 - 0x00007ffc49910000 	C:\Windows\System32\fwpuclnt.dll
0x00007ffc4cef0000 - 0x00007ffc4cefa000 	C:\Program Files\Java\jdk-17\bin\management.dll
0x00007ffc4cde0000 - 0x00007ffc4cdeb000 	C:\Program Files\Java\jdk-17\bin\management_ext.dll
0x00007ffc53cb0000 - 0x00007ffc53cc8000 	C:\Windows\SYSTEM32\CRYPTSP.dll
0x00007ffc53370000 - 0x00007ffc533a4000 	C:\Windows\system32\rsaenh.dll
0x00007ffc541e0000 - 0x00007ffc5420e000 	C:\Windows\SYSTEM32\USERENV.dll
0x00007ffc53cd0000 - 0x00007ffc53cdc000 	C:\Windows\SYSTEM32\CRYPTBASE.dll
0x00007ffc4c3c0000 - 0x00007ffc4c3d7000 	C:\Windows\SYSTEM32\dhcpcsvc6.DLL
0x00007ffc4c210000 - 0x00007ffc4c22d000 	C:\Windows\SYSTEM32\dhcpcsvc.DLL
0x00007ffc40a60000 - 0x00007ffc40a77000 	C:\Windows\system32\napinsp.dll
0x00007ffc3f950000 - 0x00007ffc3f96b000 	C:\Windows\system32\pnrpnsp.dll
0x00007ffc512f0000 - 0x00007ffc51305000 	C:\Windows\system32\wshbth.dll
0x00007ffc4ce90000 - 0x00007ffc4cead000 	C:\Windows\system32\NLAapi.dll
0x00007ffc3f930000 - 0x00007ffc3f942000 	C:\Windows\System32\winrnr.dll
0x00007ffc29510000 - 0x00007ffc29561000 	C:\Windows\SYSTEM32\pdh.dll
0x00007ffc4c340000 - 0x00007ffc4c34f000 	C:\Windows\System32\perfproc.dll
0x00007ffc21de0000 - 0x00007ffc21def000 	C:\Windows\System32\perfos.dll
0x00007ffc4caa0000 - 0x00007ffc4caae000 	C:\Program Files\Java\jdk-17\bin\sunmscapi.dll
0x00007ffc54b50000 - 0x00007ffc54cac000 	C:\Windows\System32\CRYPT32.dll
0x00007ffc53dd0000 - 0x00007ffc53df7000 	C:\Windows\SYSTEM32\ncrypt.dll
0x00007ffc53d90000 - 0x00007ffc53dcb000 	C:\Windows\SYSTEM32\NTASN1.dll
0x00007ffc4b040000 - 0x00007ffc4b050000 	C:\Program Files\Java\jdk-17\bin\verify.dll

dbghelp: loaded successfully - version: 4.0.5 - missing functions: none
symbol engine: initialized successfully - sym options: 0x614 - pdb path: .;C:\Program Files\Java\jdk-17\bin;C:\Windows\SYSTEM32;C:\Windows\WinSxS\amd64_microsoft.windows.common-controls_6595b64144ccf1df_6.0.19041.4355_none_60b8b9eb71f62e16;C:\Program Files\Java\jdk-17\bin\server;E:\IntelliJ IDEA 2024.3.2.2\bin

VM Arguments:
jvm_args: -XX:TieredStopAtLevel=1 -Dspring.output.ansi.enabled=always -Dcom.sun.management.jmxremote -Dspring.jmx.enabled=true -Dspring.liveBeansView.mbeanDomain -Dspring.application.admin.enabled=true -Dmanagement.endpoints.jmx.exposure.include=* -javaagent:E:\IntelliJ IDEA 2024.3.2.2\lib\idea_rt.jar=50271:E:\IntelliJ IDEA 2024.3.2.2\bin -Dfile.encoding=UTF-8 
java_command: uz.trading.WebScrapingApplication
java_class_path (initial): E:\web-scraping-spring\target\classes;C:\Users\Clone\.m2\repository\org\springframework\boot\spring-boot-starter-web\3.4.2\spring-boot-starter-web-3.4.2.jar;C:\Users\Clone\.m2\repository\org\springframework\boot\spring-boot-starter\3.4.2\spring-boot-starter-3.4.2.jar;C:\Users\Clone\.m2\repository\org\springframework\boot\spring-boot-starter-logging\3.4.2\spring-boot-starter-logging-3.4.2.jar;C:\Users\Clone\.m2\repository\org\apache\logging\log4j\log4j-to-slf4j\2.24.3\log4j-to-slf4j-2.24.3.jar;C:\Users\Clone\.m2\repository\org\apache\logging\log4j\log4j-api\2.24.3\log4j-api-2.24.3.jar;C:\Users\Clone\.m2\repository\org\slf4j\jul-to-slf4j\2.0.16\jul-to-slf4j-2.0.16.jar;C:\Users\Clone\.m2\repository\jakarta\annotation\jakarta.annotation-api\2.1.1\jakarta.annotation-api-2.1.1.jar;C:\Users\Clone\.m2\repository\org\yaml\snakeyaml\2.3\snakeyaml-2.3.jar;C:\Users\Clone\.m2\repository\org\springframework\boot\spring-boot-starter-json\3.4.2\spring-boot-starter-json-3.4.2.jar;C:\Users\Clone\.m2\repository\com\fasterxml\jackson\core\jackson-databind\2.18.2\jackson-databind-2.18.2.jar;C:\Users\Clone\.m2\repository\com\fasterxml\jackson\core\jackson-annotations\2.18.2\jackson-annotations-2.18.2.jar;C:\Users\Clone\.m2\repository\com\fasterxml\jackson\core\jackson-core\2.18.2\jackson-core-2.18.2.jar;C:\Users\Clone\.m2\repository\com\fasterxml\jackson\datatype\jackson-datatype-jdk8\2.18.2\jackson-datatype-jdk8-2.18.2.jar;C:\Users\Clone\.m2\repository\com\fasterxml\jackson\datatype\jackson-datatype-jsr310\2.18.2\jackson-datatype-jsr310-2.18.2.jar;C:\Users\Clone\.m2\repository\com\fasterxml\jackson\module\jackson-module-parameter-names\2.18.2\jackson-module-parameter-names-2.18.2.jar;C:\Users\Clone\.m2\repository\org\springframework\boot\spring-boot-starter-tomcat\3.4.2\spring-boot-starter-tomcat-3.4.2.jar;C:\Users\Clone\.m2\repository\org\apache\tomcat\embed\tomcat-embed-core\10.1.34\tomcat-embed-core-10.1.34.jar;C:\Users\Clone\.m2\repository\org\apache\tom
Launcher Type: SUN_STANDARD

[Global flags]
     intx CICompilerCount                          = 3                                         {product} {ergonomic}
     uint ConcGCThreads                            = 1                                         {product} {ergonomic}
     uint G1ConcRefinementThreads                  = 4                                         {product} {ergonomic}
   size_t G1HeapRegionSize                         = 1048576                                   {product} {ergonomic}
    uintx GCDrainStackTargetSize                   = 64                                        {product} {ergonomic}
   size_t InitialHeapSize                          = 130023424                                 {product} {ergonomic}
     bool ManagementServer                         = true                                      {product} {command line}
   size_t MarkStackSize                            = 4194304                                   {product} {ergonomic}
   size_t MaxHeapSize                              = 2055208960                                {product} {ergonomic}
   size_t MaxNewSize                               = 1233125376                                {product} {ergonomic}
   size_t MinHeapDeltaBytes                        = 1048576                                   {product} {ergonomic}
   size_t MinHeapSize                              = 8388608                                   {product} {ergonomic}
    uintx NonProfiledCodeHeapSize                  = 0                                      {pd product} {ergonomic}
     bool ProfileInterpreter                       = false                                  {pd product} {command line}
    uintx ProfiledCodeHeapSize                     = 0                                      {pd product} {ergonomic}
   size_t SoftMaxHeapSize                          = 2055208960                             {manageable} {ergonomic}
     intx TieredStopAtLevel                        = 1                                         {product} {command line}
     bool UseCompressedClassPointers               = true                           {product lp64_product} {ergonomic}
     bool UseCompressedOops                        = true                           {product lp64_product} {ergonomic}
     bool UseG1GC                                  = true                                      {product} {ergonomic}
     bool UseLargePagesIndividualAllocation        = false                                  {pd product} {ergonomic}

Logging:
Log output configuration:
 #0: stdout all=warning uptime,level,tags
 #1: stderr all=off uptime,level,tags

Environment Variables:
JAVA_HOME=C:\Program Files\Java\jdk-22
PATH=E:\App\db_home\bin;C:\Program Files\Common Files\Oracle\Java\javapath;C:\Program Files (x86)\Common Files\Oracle\Java\java8path;C:\Program Files (x86)\Common Files\Oracle\Java\javapath;C:\Windows\system32;C:\Windows;C:\Windows\System32\Wbem;C:\Windows\System32\WindowsPowerShell\v1.0\;C:\Windows\System32\OpenSSH\;";c:\Program Files\Git\bin;";C:\Program Files\WireGuard\;C:\Program Files\Microsoft SQL Server\150\Tools\Binn\;C:\Program Files (x86)\Microsoft SQL Server\160\Tools\Binn\;C:\Program Files\Microsoft SQL Server\160\Tools\Binn\;C:\Program Files\Microsoft SQL Server\Client SDK\ODBC\170\Tools\Binn\;C:\Program Files\Microsoft SQL Server\160\DTS\Binn\;C:\Program Files\nodejs\;C:\ProgramData\chocolatey\bin;C:\Program Files\apache-maven-3.9.4\bin;C:\Program Files\PostgreSQL\16\bin;C:\Program Files\PostgreSQL\16\lib;C:\Python311;C:\Program Files\Java\jdk-17\bin;C:\Program Files\Java\jdk-22\bin;C:\Program Files\Git\cmd;C:\Program Files\TortoiseGit\bin;C:\Python311\Scripts\;C:\Python311\;C:\Users\Clone\AppData\Local\Programs\Python\Python311\Scripts\;C:\Users\Clone\AppData\Local\Programs\Python\Python311\;C:\Users\Clone\AppData\Local\Microsoft\WindowsApps;C:\Program Files\Git\bin;";c:\Program Files\Git\bin;";C:\Program Files\JetBrains\DataGrip 2023.1.2\bin;;C:\Program Files\JetBrains\PyCharm Community Edition 2023.1.2\bin;;C:\Users\Clone\AppData\Roaming\npm;C:\Users\Clone\AppData\Local\Programs\Microsoft VS Code\bin;E:\IntelliJ IDEA 2024.3.2.2\bin;
USERNAME=Clone
OS=Windows_NT
PROCESSOR_IDENTIFIER=Intel64 Family 6 Model 78 Stepping 3, GenuineIntel



---------------  S Y S T E M  ---------------

OS:
 Windows 10 , 64 bit Build 19041 (10.0.19041.5438)
OS uptime: 2 days 18:18 hours

CPU: total 4 (initial active 4) (2 cores per cpu, 2 threads per core) family 6 model 78 stepping 3 microcode 0xcc, cx8, cmov, fxsr, ht, mmx, 3dnowpref, sse, sse2, sse3, ssse3, sse4.1, sse4.2, popcnt, lzcnt, tsc, tscinvbit, avx, avx2, aes, erms, clmul, bmi1, bmi2, rtm, adx, fma, vzeroupper, clflush, clflushopt

Memory: 4k page, system-wide physical 7839M (203M free)
TotalPageFile size 23101M (AvailPageFile size 0M)
current process WorkingSet (physical memory assigned to process): 191M, peak: 191M
current process commit charge ("private bytes"): 225M, peak: 242M

vm_info: Java HotSpot(TM) 64-Bit Server VM (17.0.12+8-LTS-286) for windows-amd64 JRE (17.0.12+8-LTS-286), built on Jun  5 2024 06:46:59 by "mach5one" with MS VC++ 17.6 (VS2022)

END.
