#
# There is insufficient memory for the Java Runtime Environment to continue.
# Native memory allocation (malloc) failed to allocate 1296896 bytes. Error detail: Chunk::new
# Possible reasons:
#   The system is out of physical RAM or swap space
#   This process is running with CompressedOops enabled, and the Java Heap may be blocking the growth of the native heap
# Possible solutions:
#   Reduce memory load on the system
#   Increase physical memory or swap space
#   Check if swap backing store is full
#   Decrease Java heap size (-Xmx/-Xms)
#   Decrease number of Java threads
#   Decrease Java thread stack sizes (-Xss)
#   Set larger code cache with -XX:ReservedCodeCacheSize=
#   JVM is running with Unscaled Compressed Oops mode in which the Java heap is
#     placed in the first 4GB address space. The Java Heap base address is the
#     maximum limit for the native heap growth. Please use -XX:HeapBaseMinAddress
#     to set the Java Heap base and to place the Java Heap above 4GB virtual address.
# This output file may be truncated or incomplete.
#
#  Out of Memory Error (arena.cpp:168), pid=19364, tid=31612
#
# JRE version: OpenJDK Runtime Environment JBR-21.0.5+8-631.30-jcef (21.0.5+8) (build 21.0.5+8-b631.30)
# Java VM: OpenJDK 64-Bit Server VM JBR-21.0.5+8-631.30-jcef (21.0.5+8-b631.30, mixed mode, sharing, tiered, compressed oops, compressed class ptrs, g1 gc, windows-amd64)
# No core dump will be written. Minidumps are not enabled by default on client versions of Windows
#

---------------  S U M M A R Y ------------

Command Line: git4idea.http.GitAskPassApp Username for 'https://github.com': 

Host: Intel(R) Core(TM) i5-6300U CPU @ 2.40GHz, 4 cores, 7G,  Windows 10 , 64 bit Build 19041 (10.0.19041.5438)
Time: Mon Feb 17 07:25:58 2025 West Asia Standard Time elapsed time: 1.156905 seconds (0d 0h 0m 1s)

---------------  T H R E A D  ---------------

Current thread (0x000001e07f201740):  JavaThread "C2 CompilerThread1" daemon [_thread_in_native, id=31612, stack(0x00000004b3900000,0x00000004b3a00000) (1024K)]


Current CompileTask:
C2:1157 1096       4       sun.security.ec.ECOperations::setDouble (463 bytes)

Stack: [0x00000004b3900000,0x00000004b3a00000]
Native frames: (J=compiled Java code, j=interpreted, Vv=VM code, C=native code)
V  [jvm.dll+0x6e52b9]
V  [jvm.dll+0x8c3633]
V  [jvm.dll+0x8c5b8e]
V  [jvm.dll+0x8c6273]
V  [jvm.dll+0x288f46]
V  [jvm.dll+0xc66dd]
V  [jvm.dll+0xc6c13]
V  [jvm.dll+0x2feb50]
V  [jvm.dll+0x60c609]
V  [jvm.dll+0x2598a2]
V  [jvm.dll+0x259c5f]
V  [jvm.dll+0x252415]
V  [jvm.dll+0x24fc6e]
V  [jvm.dll+0x1cd6a4]
V  [jvm.dll+0x25f5dc]
V  [jvm.dll+0x25db26]
V  [jvm.dll+0x3ff5e6]
V  [jvm.dll+0x86b248]
V  [jvm.dll+0x6e3abd]
C  [ucrtbase.dll+0x21bb2]
C  [KERNEL32.DLL+0x17374]
C  [ntdll.dll+0x4cc91]


---------------  P R O C E S S  ---------------

Threads class SMR info:
_java_thread_list=0x000001e07a7ebc60, length=15, elements={
0x000001e0608fdc00, 0x000001e07a460e90, 0x000001e07a461ba0, 0x000001e07a4656e0,
0x000001e07a4663b0, 0x000001e07a46b1d0, 0x000001e07a46f4a0, 0x000001e07a473810,
0x000001e07a473eb0, 0x000001e07a46e780, 0x000001e07a46ee10, 0x000001e07a46cd40,
0x000001e07a46c6b0, 0x000001e07a46d3d0, 0x000001e07f201740
}

Java Threads: ( => current thread )
  0x000001e0608fdc00 JavaThread "main"                              [_thread_blocked, id=13928, stack(0x00000004b2000000,0x00000004b2100000) (1024K)]
  0x000001e07a460e90 JavaThread "Reference Handler"          daemon [_thread_blocked, id=30016, stack(0x00000004b2800000,0x00000004b2900000) (1024K)]
  0x000001e07a461ba0 JavaThread "Finalizer"                  daemon [_thread_blocked, id=4464, stack(0x00000004b2900000,0x00000004b2a00000) (1024K)]
  0x000001e07a4656e0 JavaThread "Signal Dispatcher"          daemon [_thread_blocked, id=15060, stack(0x00000004b2a00000,0x00000004b2b00000) (1024K)]
  0x000001e07a4663b0 JavaThread "Attach Listener"            daemon [_thread_blocked, id=13688, stack(0x00000004b2b00000,0x00000004b2c00000) (1024K)]
  0x000001e07a46b1d0 JavaThread "Service Thread"             daemon [_thread_blocked, id=12256, stack(0x00000004b2c00000,0x00000004b2d00000) (1024K)]
  0x000001e07a46f4a0 JavaThread "Monitor Deflation Thread"   daemon [_thread_blocked, id=12960, stack(0x00000004b2d00000,0x00000004b2e00000) (1024K)]
  0x000001e07a473810 JavaThread "C2 CompilerThread0"         daemon [_thread_blocked, id=28412, stack(0x00000004b2e00000,0x00000004b2f00000) (1024K)]
  0x000001e07a473eb0 JavaThread "C1 CompilerThread0"         daemon [_thread_in_native, id=20152, stack(0x00000004b2f00000,0x00000004b3000000) (1024K)]
  0x000001e07a46e780 JavaThread "Notification Thread"        daemon [_thread_blocked, id=11504, stack(0x00000004b3000000,0x00000004b3100000) (1024K)]
  0x000001e07a46ee10 JavaThread "Common-Cleaner"             daemon [_thread_blocked, id=18712, stack(0x00000004b3100000,0x00000004b3200000) (1024K)]
  0x000001e07a46cd40 JavaThread "HttpClient-1-SelectorManager" daemon [_thread_in_native, id=14236, stack(0x00000004b3200000,0x00000004b3300000) (1024K)]
  0x000001e07a46c6b0 JavaThread "HttpClient-1-Worker-0"      daemon [_thread_blocked, id=28740, stack(0x00000004b3400000,0x00000004b3500000) (1024K)]
  0x000001e07a46d3d0 JavaThread "HttpClient-1-Worker-1"      daemon [_thread_in_Java, id=32364, stack(0x00000004b3500000,0x00000004b3600000) (1024K)]
=>0x000001e07f201740 JavaThread "C2 CompilerThread1"         daemon [_thread_in_native, id=31612, stack(0x00000004b3900000,0x00000004b3a00000) (1024K)]
Total: 15

Other Threads:
  0x000001e07a43d6b0 VMThread "VM Thread"                           [id=27516, stack(0x00000004b2700000,0x00000004b2800000) (1024K)]
  0x000001e07a430e70 WatcherThread "VM Periodic Task Thread"        [id=24604, stack(0x00000004b2600000,0x00000004b2700000) (1024K)]
  0x000001e0629f47d0 WorkerThread "GC Thread#0"                     [id=31000, stack(0x00000004b2100000,0x00000004b2200000) (1024K)]
  0x000001e07f19eee0 WorkerThread "GC Thread#1"                     [id=30928, stack(0x00000004b3600000,0x00000004b3700000) (1024K)]
  0x000001e07f2173b0 WorkerThread "GC Thread#2"                     [id=29400, stack(0x00000004b3700000,0x00000004b3800000) (1024K)]
  0x000001e07f217750 WorkerThread "GC Thread#3"                     [id=10360, stack(0x00000004b3800000,0x00000004b3900000) (1024K)]
  0x000001e062a05e70 ConcurrentGCThread "G1 Main Marker"            [id=18964, stack(0x00000004b2200000,0x00000004b2300000) (1024K)]
  0x000001e062a07110 WorkerThread "G1 Conc#0"                       [id=29388, stack(0x00000004b2300000,0x00000004b2400000) (1024K)]
  0x000001e07a3024c0 ConcurrentGCThread "G1 Refine#0"               [id=10464, stack(0x00000004b2400000,0x00000004b2500000) (1024K)]
  0x000001e062a6e2c0 ConcurrentGCThread "G1 Service"                [id=27292, stack(0x00000004b2500000,0x00000004b2600000) (1024K)]
Total: 10

Threads with active compile tasks:
C2 CompilerThread0  1210 1195       4       java.lang.StringBuilder::toString (9 bytes)
C2 CompilerThread1  1210 1096       4       sun.security.ec.ECOperations::setDouble (463 bytes)
Total: 2

VM state: not at safepoint (normal execution)

VM Mutex/Monitor currently owned by a thread: None

Heap address: 0x0000000085800000, size: 1960 MB, Compressed Oops mode: 32-bit

CDS archive(s) mapped at: [0x000001e000000000-0x000001e000d00000-0x000001e000d00000), size 13631488, SharedBaseAddress: 0x000001e000000000, ArchiveRelocationMode: 1.
Compressed class space mapped at: 0x000001e001000000-0x000001e041000000, reserved size: 1073741824
Narrow klass base: 0x000001e000000000, Narrow klass shift: 0, Narrow klass range: 0x100000000

GC Precious Log:
 CardTable entry size: 512
 Card Set container configuration: InlinePtr #cards 5 size 8 Array Of Cards #cards 12 size 40 Howl #buckets 4 coarsen threshold 1843 Howl Bitmap #cards 512 size 80 coarsen threshold 460 Card regions per heap region 1 cards per card region 2048
 CPUs: 4 total, 4 available
 Memory: 7839M
 Large Page Support: Disabled
 NUMA Support: Disabled
 Compressed Oops: Enabled (32-bit)
 Heap Region Size: 1M
 Heap Min Capacity: 8M
 Heap Initial Capacity: 124M
 Heap Max Capacity: 1960M
 Pre-touch: Disabled
 Parallel Workers: 4
 Concurrent Workers: 1
 Concurrent Refinement Workers: 4
 Periodic GC: Disabled

Heap:
 garbage-first heap   total 126976K, used 5396K [0x0000000085800000, 0x0000000100000000)
  region size 1024K, 6 young (6144K), 2 survivors (2048K)
 Metaspace       used 9187K, committed 9408K, reserved 1114112K
  class space    used 1058K, committed 1152K, reserved 1048576K

Heap Regions: E=young(eden), S=young(survivor), O=old, HS=humongous(starts), HC=humongous(continues), CS=collection set, F=free, TAMS=top-at-mark-start, PB=parsable bottom
|   0|0x0000000085800000, 0x00000000858451d8, 0x0000000085900000| 26%| O|  |TAMS 0x0000000085800000| PB 0x0000000085800000| Untracked 
|   1|0x0000000085900000, 0x0000000085900000, 0x0000000085a00000|  0%| F|  |TAMS 0x0000000085900000| PB 0x0000000085900000| Untracked 
|   2|0x0000000085a00000, 0x0000000085a00000, 0x0000000085b00000|  0%| F|  |TAMS 0x0000000085a00000| PB 0x0000000085a00000| Untracked 
|   3|0x0000000085b00000, 0x0000000085b00000, 0x0000000085c00000|  0%| F|  |TAMS 0x0000000085b00000| PB 0x0000000085b00000| Untracked 
|   4|0x0000000085c00000, 0x0000000085c00000, 0x0000000085d00000|  0%| F|  |TAMS 0x0000000085c00000| PB 0x0000000085c00000| Untracked 
|   5|0x0000000085d00000, 0x0000000085d00000, 0x0000000085e00000|  0%| F|  |TAMS 0x0000000085d00000| PB 0x0000000085d00000| Untracked 
|   6|0x0000000085e00000, 0x0000000085e00000, 0x0000000085f00000|  0%| F|  |TAMS 0x0000000085e00000| PB 0x0000000085e00000| Untracked 
|   7|0x0000000085f00000, 0x0000000085f00000, 0x0000000086000000|  0%| F|  |TAMS 0x0000000085f00000| PB 0x0000000085f00000| Untracked 
|   8|0x0000000086000000, 0x0000000086000000, 0x0000000086100000|  0%| F|  |TAMS 0x0000000086000000| PB 0x0000000086000000| Untracked 
|   9|0x0000000086100000, 0x0000000086100000, 0x0000000086200000|  0%| F|  |TAMS 0x0000000086100000| PB 0x0000000086100000| Untracked 
|  10|0x0000000086200000, 0x0000000086200000, 0x0000000086300000|  0%| F|  |TAMS 0x0000000086200000| PB 0x0000000086200000| Untracked 
|  11|0x0000000086300000, 0x0000000086300000, 0x0000000086400000|  0%| F|  |TAMS 0x0000000086300000| PB 0x0000000086300000| Untracked 
|  12|0x0000000086400000, 0x0000000086400000, 0x0000000086500000|  0%| F|  |TAMS 0x0000000086400000| PB 0x0000000086400000| Untracked 
|  13|0x0000000086500000, 0x0000000086500000, 0x0000000086600000|  0%| F|  |TAMS 0x0000000086500000| PB 0x0000000086500000| Untracked 
|  14|0x0000000086600000, 0x0000000086600000, 0x0000000086700000|  0%| F|  |TAMS 0x0000000086600000| PB 0x0000000086600000| Untracked 
|  15|0x0000000086700000, 0x0000000086700000, 0x0000000086800000|  0%| F|  |TAMS 0x0000000086700000| PB 0x0000000086700000| Untracked 
|  16|0x0000000086800000, 0x0000000086800000, 0x0000000086900000|  0%| F|  |TAMS 0x0000000086800000| PB 0x0000000086800000| Untracked 
|  17|0x0000000086900000, 0x0000000086900000, 0x0000000086a00000|  0%| F|  |TAMS 0x0000000086900000| PB 0x0000000086900000| Untracked 
|  18|0x0000000086a00000, 0x0000000086a00000, 0x0000000086b00000|  0%| F|  |TAMS 0x0000000086a00000| PB 0x0000000086a00000| Untracked 
|  19|0x0000000086b00000, 0x0000000086b00000, 0x0000000086c00000|  0%| F|  |TAMS 0x0000000086b00000| PB 0x0000000086b00000| Untracked 
|  20|0x0000000086c00000, 0x0000000086c00000, 0x0000000086d00000|  0%| F|  |TAMS 0x0000000086c00000| PB 0x0000000086c00000| Untracked 
|  21|0x0000000086d00000, 0x0000000086d00000, 0x0000000086e00000|  0%| F|  |TAMS 0x0000000086d00000| PB 0x0000000086d00000| Untracked 
|  22|0x0000000086e00000, 0x0000000086e00000, 0x0000000086f00000|  0%| F|  |TAMS 0x0000000086e00000| PB 0x0000000086e00000| Untracked 
|  23|0x0000000086f00000, 0x0000000086f00000, 0x0000000087000000|  0%| F|  |TAMS 0x0000000086f00000| PB 0x0000000086f00000| Untracked 
|  24|0x0000000087000000, 0x0000000087000000, 0x0000000087100000|  0%| F|  |TAMS 0x0000000087000000| PB 0x0000000087000000| Untracked 
|  25|0x0000000087100000, 0x0000000087100000, 0x0000000087200000|  0%| F|  |TAMS 0x0000000087100000| PB 0x0000000087100000| Untracked 
|  26|0x0000000087200000, 0x0000000087200000, 0x0000000087300000|  0%| F|  |TAMS 0x0000000087200000| PB 0x0000000087200000| Untracked 
|  27|0x0000000087300000, 0x0000000087300000, 0x0000000087400000|  0%| F|  |TAMS 0x0000000087300000| PB 0x0000000087300000| Untracked 
|  28|0x0000000087400000, 0x0000000087400000, 0x0000000087500000|  0%| F|  |TAMS 0x0000000087400000| PB 0x0000000087400000| Untracked 
|  29|0x0000000087500000, 0x0000000087500000, 0x0000000087600000|  0%| F|  |TAMS 0x0000000087500000| PB 0x0000000087500000| Untracked 
|  30|0x0000000087600000, 0x0000000087600000, 0x0000000087700000|  0%| F|  |TAMS 0x0000000087600000| PB 0x0000000087600000| Untracked 
|  31|0x0000000087700000, 0x0000000087700000, 0x0000000087800000|  0%| F|  |TAMS 0x0000000087700000| PB 0x0000000087700000| Untracked 
|  32|0x0000000087800000, 0x0000000087800000, 0x0000000087900000|  0%| F|  |TAMS 0x0000000087800000| PB 0x0000000087800000| Untracked 
|  33|0x0000000087900000, 0x0000000087900000, 0x0000000087a00000|  0%| F|  |TAMS 0x0000000087900000| PB 0x0000000087900000| Untracked 
|  34|0x0000000087a00000, 0x0000000087a00000, 0x0000000087b00000|  0%| F|  |TAMS 0x0000000087a00000| PB 0x0000000087a00000| Untracked 
|  35|0x0000000087b00000, 0x0000000087b00000, 0x0000000087c00000|  0%| F|  |TAMS 0x0000000087b00000| PB 0x0000000087b00000| Untracked 
|  36|0x0000000087c00000, 0x0000000087c00000, 0x0000000087d00000|  0%| F|  |TAMS 0x0000000087c00000| PB 0x0000000087c00000| Untracked 
|  37|0x0000000087d00000, 0x0000000087d00000, 0x0000000087e00000|  0%| F|  |TAMS 0x0000000087d00000| PB 0x0000000087d00000| Untracked 
|  38|0x0000000087e00000, 0x0000000087e00000, 0x0000000087f00000|  0%| F|  |TAMS 0x0000000087e00000| PB 0x0000000087e00000| Untracked 
|  39|0x0000000087f00000, 0x0000000087f00000, 0x0000000088000000|  0%| F|  |TAMS 0x0000000087f00000| PB 0x0000000087f00000| Untracked 
|  40|0x0000000088000000, 0x0000000088000000, 0x0000000088100000|  0%| F|  |TAMS 0x0000000088000000| PB 0x0000000088000000| Untracked 
|  41|0x0000000088100000, 0x0000000088100000, 0x0000000088200000|  0%| F|  |TAMS 0x0000000088100000| PB 0x0000000088100000| Untracked 
|  42|0x0000000088200000, 0x0000000088200000, 0x0000000088300000|  0%| F|  |TAMS 0x0000000088200000| PB 0x0000000088200000| Untracked 
|  43|0x0000000088300000, 0x0000000088300000, 0x0000000088400000|  0%| F|  |TAMS 0x0000000088300000| PB 0x0000000088300000| Untracked 
|  44|0x0000000088400000, 0x0000000088400000, 0x0000000088500000|  0%| F|  |TAMS 0x0000000088400000| PB 0x0000000088400000| Untracked 
|  45|0x0000000088500000, 0x0000000088500000, 0x0000000088600000|  0%| F|  |TAMS 0x0000000088500000| PB 0x0000000088500000| Untracked 
|  46|0x0000000088600000, 0x0000000088600000, 0x0000000088700000|  0%| F|  |TAMS 0x0000000088600000| PB 0x0000000088600000| Untracked 
|  47|0x0000000088700000, 0x0000000088700000, 0x0000000088800000|  0%| F|  |TAMS 0x0000000088700000| PB 0x0000000088700000| Untracked 
|  48|0x0000000088800000, 0x0000000088800000, 0x0000000088900000|  0%| F|  |TAMS 0x0000000088800000| PB 0x0000000088800000| Untracked 
|  49|0x0000000088900000, 0x0000000088900000, 0x0000000088a00000|  0%| F|  |TAMS 0x0000000088900000| PB 0x0000000088900000| Untracked 
|  50|0x0000000088a00000, 0x0000000088a00000, 0x0000000088b00000|  0%| F|  |TAMS 0x0000000088a00000| PB 0x0000000088a00000| Untracked 
|  51|0x0000000088b00000, 0x0000000088b00000, 0x0000000088c00000|  0%| F|  |TAMS 0x0000000088b00000| PB 0x0000000088b00000| Untracked 
|  52|0x0000000088c00000, 0x0000000088c00000, 0x0000000088d00000|  0%| F|  |TAMS 0x0000000088c00000| PB 0x0000000088c00000| Untracked 
|  53|0x0000000088d00000, 0x0000000088d00000, 0x0000000088e00000|  0%| F|  |TAMS 0x0000000088d00000| PB 0x0000000088d00000| Untracked 
|  54|0x0000000088e00000, 0x0000000088e00000, 0x0000000088f00000|  0%| F|  |TAMS 0x0000000088e00000| PB 0x0000000088e00000| Untracked 
|  55|0x0000000088f00000, 0x0000000088f00000, 0x0000000089000000|  0%| F|  |TAMS 0x0000000088f00000| PB 0x0000000088f00000| Untracked 
|  56|0x0000000089000000, 0x0000000089000000, 0x0000000089100000|  0%| F|  |TAMS 0x0000000089000000| PB 0x0000000089000000| Untracked 
|  57|0x0000000089100000, 0x0000000089100000, 0x0000000089200000|  0%| F|  |TAMS 0x0000000089100000| PB 0x0000000089100000| Untracked 
|  58|0x0000000089200000, 0x0000000089200000, 0x0000000089300000|  0%| F|  |TAMS 0x0000000089200000| PB 0x0000000089200000| Untracked 
|  59|0x0000000089300000, 0x0000000089300000, 0x0000000089400000|  0%| F|  |TAMS 0x0000000089300000| PB 0x0000000089300000| Untracked 
|  60|0x0000000089400000, 0x0000000089400000, 0x0000000089500000|  0%| F|  |TAMS 0x0000000089400000| PB 0x0000000089400000| Untracked 
|  61|0x0000000089500000, 0x0000000089500000, 0x0000000089600000|  0%| F|  |TAMS 0x0000000089500000| PB 0x0000000089500000| Untracked 
|  62|0x0000000089600000, 0x0000000089600000, 0x0000000089700000|  0%| F|  |TAMS 0x0000000089600000| PB 0x0000000089600000| Untracked 
|  63|0x0000000089700000, 0x0000000089700000, 0x0000000089800000|  0%| F|  |TAMS 0x0000000089700000| PB 0x0000000089700000| Untracked 
|  64|0x0000000089800000, 0x0000000089800000, 0x0000000089900000|  0%| F|  |TAMS 0x0000000089800000| PB 0x0000000089800000| Untracked 
|  65|0x0000000089900000, 0x0000000089900000, 0x0000000089a00000|  0%| F|  |TAMS 0x0000000089900000| PB 0x0000000089900000| Untracked 
|  66|0x0000000089a00000, 0x0000000089a00000, 0x0000000089b00000|  0%| F|  |TAMS 0x0000000089a00000| PB 0x0000000089a00000| Untracked 
|  67|0x0000000089b00000, 0x0000000089b00000, 0x0000000089c00000|  0%| F|  |TAMS 0x0000000089b00000| PB 0x0000000089b00000| Untracked 
|  68|0x0000000089c00000, 0x0000000089c00000, 0x0000000089d00000|  0%| F|  |TAMS 0x0000000089c00000| PB 0x0000000089c00000| Untracked 
|  69|0x0000000089d00000, 0x0000000089d00000, 0x0000000089e00000|  0%| F|  |TAMS 0x0000000089d00000| PB 0x0000000089d00000| Untracked 
|  70|0x0000000089e00000, 0x0000000089e00000, 0x0000000089f00000|  0%| F|  |TAMS 0x0000000089e00000| PB 0x0000000089e00000| Untracked 
|  71|0x0000000089f00000, 0x0000000089f00000, 0x000000008a000000|  0%| F|  |TAMS 0x0000000089f00000| PB 0x0000000089f00000| Untracked 
|  72|0x000000008a000000, 0x000000008a000000, 0x000000008a100000|  0%| F|  |TAMS 0x000000008a000000| PB 0x000000008a000000| Untracked 
|  73|0x000000008a100000, 0x000000008a100000, 0x000000008a200000|  0%| F|  |TAMS 0x000000008a100000| PB 0x000000008a100000| Untracked 
|  74|0x000000008a200000, 0x000000008a200000, 0x000000008a300000|  0%| F|  |TAMS 0x000000008a200000| PB 0x000000008a200000| Untracked 
|  75|0x000000008a300000, 0x000000008a300000, 0x000000008a400000|  0%| F|  |TAMS 0x000000008a300000| PB 0x000000008a300000| Untracked 
|  76|0x000000008a400000, 0x000000008a400000, 0x000000008a500000|  0%| F|  |TAMS 0x000000008a400000| PB 0x000000008a400000| Untracked 
|  77|0x000000008a500000, 0x000000008a500000, 0x000000008a600000|  0%| F|  |TAMS 0x000000008a500000| PB 0x000000008a500000| Untracked 
|  78|0x000000008a600000, 0x000000008a600000, 0x000000008a700000|  0%| F|  |TAMS 0x000000008a600000| PB 0x000000008a600000| Untracked 
|  79|0x000000008a700000, 0x000000008a700000, 0x000000008a800000|  0%| F|  |TAMS 0x000000008a700000| PB 0x000000008a700000| Untracked 
|  80|0x000000008a800000, 0x000000008a800000, 0x000000008a900000|  0%| F|  |TAMS 0x000000008a800000| PB 0x000000008a800000| Untracked 
|  81|0x000000008a900000, 0x000000008a900000, 0x000000008aa00000|  0%| F|  |TAMS 0x000000008a900000| PB 0x000000008a900000| Untracked 
|  82|0x000000008aa00000, 0x000000008aa00000, 0x000000008ab00000|  0%| F|  |TAMS 0x000000008aa00000| PB 0x000000008aa00000| Untracked 
|  83|0x000000008ab00000, 0x000000008ab00000, 0x000000008ac00000|  0%| F|  |TAMS 0x000000008ab00000| PB 0x000000008ab00000| Untracked 
|  84|0x000000008ac00000, 0x000000008ac00000, 0x000000008ad00000|  0%| F|  |TAMS 0x000000008ac00000| PB 0x000000008ac00000| Untracked 
|  85|0x000000008ad00000, 0x000000008ad00000, 0x000000008ae00000|  0%| F|  |TAMS 0x000000008ad00000| PB 0x000000008ad00000| Untracked 
|  86|0x000000008ae00000, 0x000000008ae00000, 0x000000008af00000|  0%| F|  |TAMS 0x000000008ae00000| PB 0x000000008ae00000| Untracked 
|  87|0x000000008af00000, 0x000000008af00000, 0x000000008b000000|  0%| F|  |TAMS 0x000000008af00000| PB 0x000000008af00000| Untracked 
|  88|0x000000008b000000, 0x000000008b000000, 0x000000008b100000|  0%| F|  |TAMS 0x000000008b000000| PB 0x000000008b000000| Untracked 
|  89|0x000000008b100000, 0x000000008b100000, 0x000000008b200000|  0%| F|  |TAMS 0x000000008b100000| PB 0x000000008b100000| Untracked 
|  90|0x000000008b200000, 0x000000008b200000, 0x000000008b300000|  0%| F|  |TAMS 0x000000008b200000| PB 0x000000008b200000| Untracked 
|  91|0x000000008b300000, 0x000000008b300000, 0x000000008b400000|  0%| F|  |TAMS 0x000000008b300000| PB 0x000000008b300000| Untracked 
|  92|0x000000008b400000, 0x000000008b400000, 0x000000008b500000|  0%| F|  |TAMS 0x000000008b400000| PB 0x000000008b400000| Untracked 
|  93|0x000000008b500000, 0x000000008b500000, 0x000000008b600000|  0%| F|  |TAMS 0x000000008b500000| PB 0x000000008b500000| Untracked 
|  94|0x000000008b600000, 0x000000008b600000, 0x000000008b700000|  0%| F|  |TAMS 0x000000008b600000| PB 0x000000008b600000| Untracked 
|  95|0x000000008b700000, 0x000000008b700000, 0x000000008b800000|  0%| F|  |TAMS 0x000000008b700000| PB 0x000000008b700000| Untracked 
|  96|0x000000008b800000, 0x000000008b800000, 0x000000008b900000|  0%| F|  |TAMS 0x000000008b800000| PB 0x000000008b800000| Untracked 
|  97|0x000000008b900000, 0x000000008b900000, 0x000000008ba00000|  0%| F|  |TAMS 0x000000008b900000| PB 0x000000008b900000| Untracked 
|  98|0x000000008ba00000, 0x000000008ba00000, 0x000000008bb00000|  0%| F|  |TAMS 0x000000008ba00000| PB 0x000000008ba00000| Untracked 
|  99|0x000000008bb00000, 0x000000008bb00000, 0x000000008bc00000|  0%| F|  |TAMS 0x000000008bb00000| PB 0x000000008bb00000| Untracked 
| 100|0x000000008bc00000, 0x000000008bc00000, 0x000000008bd00000|  0%| F|  |TAMS 0x000000008bc00000| PB 0x000000008bc00000| Untracked 
| 101|0x000000008bd00000, 0x000000008bd00000, 0x000000008be00000|  0%| F|  |TAMS 0x000000008bd00000| PB 0x000000008bd00000| Untracked 
| 102|0x000000008be00000, 0x000000008be00000, 0x000000008bf00000|  0%| F|  |TAMS 0x000000008be00000| PB 0x000000008be00000| Untracked 
| 103|0x000000008bf00000, 0x000000008bf00000, 0x000000008c000000|  0%| F|  |TAMS 0x000000008bf00000| PB 0x000000008bf00000| Untracked 
| 104|0x000000008c000000, 0x000000008c000000, 0x000000008c100000|  0%| F|  |TAMS 0x000000008c000000| PB 0x000000008c000000| Untracked 
| 105|0x000000008c100000, 0x000000008c100000, 0x000000008c200000|  0%| F|  |TAMS 0x000000008c100000| PB 0x000000008c100000| Untracked 
| 106|0x000000008c200000, 0x000000008c200000, 0x000000008c300000|  0%| F|  |TAMS 0x000000008c200000| PB 0x000000008c200000| Untracked 
| 107|0x000000008c300000, 0x000000008c300000, 0x000000008c400000|  0%| F|  |TAMS 0x000000008c300000| PB 0x000000008c300000| Untracked 
| 108|0x000000008c400000, 0x000000008c400000, 0x000000008c500000|  0%| F|  |TAMS 0x000000008c400000| PB 0x000000008c400000| Untracked 
| 109|0x000000008c500000, 0x000000008c600000, 0x000000008c600000|100%| S|CS|TAMS 0x000000008c500000| PB 0x000000008c500000| Complete 
| 110|0x000000008c600000, 0x000000008c700000, 0x000000008c700000|100%| S|CS|TAMS 0x000000008c600000| PB 0x000000008c600000| Complete 
| 111|0x000000008c700000, 0x000000008c700000, 0x000000008c800000|  0%| F|  |TAMS 0x000000008c700000| PB 0x000000008c700000| Untracked 
| 112|0x000000008c800000, 0x000000008c800000, 0x000000008c900000|  0%| F|  |TAMS 0x000000008c800000| PB 0x000000008c800000| Untracked 
| 113|0x000000008c900000, 0x000000008c900000, 0x000000008ca00000|  0%| F|  |TAMS 0x000000008c900000| PB 0x000000008c900000| Untracked 
| 114|0x000000008ca00000, 0x000000008ca00000, 0x000000008cb00000|  0%| F|  |TAMS 0x000000008ca00000| PB 0x000000008ca00000| Untracked 
| 115|0x000000008cb00000, 0x000000008cb00000, 0x000000008cc00000|  0%| F|  |TAMS 0x000000008cb00000| PB 0x000000008cb00000| Untracked 
| 116|0x000000008cc00000, 0x000000008cc00000, 0x000000008cd00000|  0%| F|  |TAMS 0x000000008cc00000| PB 0x000000008cc00000| Untracked 
| 117|0x000000008cd00000, 0x000000008cd00000, 0x000000008ce00000|  0%| F|  |TAMS 0x000000008cd00000| PB 0x000000008cd00000| Untracked 
| 118|0x000000008ce00000, 0x000000008ce00000, 0x000000008cf00000|  0%| F|  |TAMS 0x000000008ce00000| PB 0x000000008ce00000| Untracked 
| 119|0x000000008cf00000, 0x000000008cf00000, 0x000000008d000000|  0%| F|  |TAMS 0x000000008cf00000| PB 0x000000008cf00000| Untracked 
| 120|0x000000008d000000, 0x000000008d094528, 0x000000008d100000| 57%| E|  |TAMS 0x000000008d000000| PB 0x000000008d000000| Complete 
| 121|0x000000008d100000, 0x000000008d200000, 0x000000008d200000|100%| E|CS|TAMS 0x000000008d100000| PB 0x000000008d100000| Complete 
| 122|0x000000008d200000, 0x000000008d300000, 0x000000008d300000|100%| E|CS|TAMS 0x000000008d200000| PB 0x000000008d200000| Complete 
| 123|0x000000008d300000, 0x000000008d400000, 0x000000008d400000|100%| E|CS|TAMS 0x000000008d300000| PB 0x000000008d300000| Complete 

Card table byte_map: [0x000001e075d20000,0x000001e076100000] _byte_map_base: 0x000001e0758f4000

Marking Bits: (CMBitMap*) 0x000001e0629f4ed0
 Bits: [0x000001e076100000, 0x000001e077fa0000)

Polling page: 0x000001e060840000

Metaspace:

Usage:
  Non-class:      7.98 MB used.
      Class:      1.04 MB used.
       Both:      9.02 MB used.

Virtual space:
  Non-class space:       64.00 MB reserved,       8.12 MB ( 13%) committed,  1 nodes.
      Class space:        1.00 GB reserved,       1.12 MB ( <1%) committed,  1 nodes.
             Both:        1.06 GB reserved,       9.25 MB ( <1%) committed. 

Chunk freelists:
   Non-Class:  7.84 MB
       Class:  14.69 MB
        Both:  22.53 MB

MaxMetaspaceSize: unlimited
CompressedClassSpaceSize: 1.00 GB
Initial GC threshold: 21.00 MB
Current GC threshold: 21.00 MB
CDS: on
 - commit_granule_bytes: 65536.
 - commit_granule_words: 8192.
 - virtual_space_node_default_size: 8388608.
 - enlarge_chunks_in_place: 1.
 - use_allocation_guard: 0.


Internal statistics:

num_allocs_failed_limit: 0.
num_arena_births: 244.
num_arena_deaths: 0.
num_vsnodes_births: 2.
num_vsnodes_deaths: 0.
num_space_committed: 148.
num_space_uncommitted: 0.
num_chunks_returned_to_freelist: 0.
num_chunks_taken_from_freelist: 419.
num_chunk_merges: 0.
num_chunk_splits: 237.
num_chunks_enlarged: 110.
num_inconsistent_stats: 0.

CodeHeap 'non-profiled nmethods': size=120000Kb used=413Kb max_used=413Kb free=119586Kb
 bounds [0x000001e06e410000, 0x000001e06e680000, 0x000001e075940000]
CodeHeap 'profiled nmethods': size=120000Kb used=1909Kb max_used=1909Kb free=118090Kb
 bounds [0x000001e066940000, 0x000001e066bb0000, 0x000001e06de70000]
CodeHeap 'non-nmethods': size=5760Kb used=1431Kb max_used=1446Kb free=4329Kb
 bounds [0x000001e06de70000, 0x000001e06e0e0000, 0x000001e06e410000]
 total_blobs=1712 nmethods=1196 adapters=421
 compilation: enabled
              stopped_count=0, restarted_count=0
 full_count=0

Compilation events (20 events):
Event: 1.118 Thread 0x000001e07a473eb0 1182   !   3       jdk.internal.misc.ScopedMemoryAccess::copyMemory (27 bytes)
Event: 1.119 Thread 0x000001e07a473eb0 nmethod 1182 0x000001e066b18090 code [0x000001e066b182a0, 0x000001e066b188c0]
Event: 1.119 Thread 0x000001e07a473eb0 1183   !   3       jdk.internal.misc.ScopedMemoryAccess::copyMemoryInternal (56 bytes)
Event: 1.119 Thread 0x000001e07a473eb0 nmethod 1183 0x000001e066b18c90 code [0x000001e066b18e80, 0x000001e066b193b8]
Event: 1.119 Thread 0x000001e07a473eb0 1184   !   3       java.lang.invoke.MethodHandleNatives::linkMethodHandleConstant (50 bytes)
Event: 1.120 Thread 0x000001e07a473eb0 nmethod 1184 0x000001e066b19710 code [0x000001e066b198e0, 0x000001e066b19ae8]
Event: 1.120 Thread 0x000001e07a473810 1185       4       jdk.internal.util.StrongReferenceKey::hashCode (8 bytes)
Event: 1.126 Thread 0x000001e07a473eb0 1186       3       java.util.ImmutableCollections$Set12::<init> (53 bytes)
Event: 1.127 Thread 0x000001e07a473810 nmethod 1185 0x000001e06e475b10 code [0x000001e06e475d20, 0x000001e06e476160]
Event: 1.127 Thread 0x000001e07a473eb0 nmethod 1186 0x000001e066b19c90 code [0x000001e066b19f40, 0x000001e066b1ab80]
Event: 1.128 Thread 0x000001e07a473eb0 1187       3       java.nio.MappedByteBuffer::limit (6 bytes)
Event: 1.129 Thread 0x000001e07a473eb0 nmethod 1187 0x000001e066b1b010 code [0x000001e066b1b1c0, 0x000001e066b1b3d0]
Event: 1.129 Thread 0x000001e07a473eb0 1188       1       java.util.concurrent.atomic.AtomicInteger::get (5 bytes)
Event: 1.129 Thread 0x000001e07a473eb0 nmethod 1188 0x000001e06e476490 code [0x000001e06e476620, 0x000001e06e4766e8]
Event: 1.129 Thread 0x000001e07a473eb0 1189       3       java.lang.Thread::onSpinWait (1 bytes)
Event: 1.129 Thread 0x000001e07a473eb0 nmethod 1189 0x000001e066b1b510 code [0x000001e066b1b6a0, 0x000001e066b1b788]
Event: 1.134 Thread 0x000001e07a473eb0 1190       3       java.nio.ByteBuffer::get (9 bytes)
Event: 1.134 Thread 0x000001e07a473eb0 nmethod 1190 0x000001e066b1b810 code [0x000001e066b1b9c0, 0x000001e066b1bba0]
Event: 1.134 Thread 0x000001e07a473eb0 1191       1       sun.security.provider.DigestBase::engineGetDigestLength (5 bytes)
Event: 1.135 Thread 0x000001e07a473eb0 nmethod 1191 0x000001e06e476790 code [0x000001e06e476920, 0x000001e06e4769e8]

GC Heap History (2 events):
Event: 0.869 GC heap before
{Heap before GC invocations=0 (full 0):
 garbage-first heap   total 126976K, used 13312K [0x0000000085800000, 0x0000000100000000)
  region size 1024K, 13 young (13312K), 0 survivors (0K)
 Metaspace       used 7678K, committed 7872K, reserved 1114112K
  class space    used 884K, committed 960K, reserved 1048576K
}
Event: 0.875 GC heap after
{Heap after GC invocations=1 (full 0):
 garbage-first heap   total 126976K, used 2324K [0x0000000085800000, 0x0000000100000000)
  region size 1024K, 2 young (2048K), 2 survivors (2048K)
 Metaspace       used 7678K, committed 7872K, reserved 1114112K
  class space    used 884K, committed 960K, reserved 1048576K
}

Dll operation events (2 events):
Event: 0.007 Loaded shared library E:\IntelliJ IDEA 2024.3.2.2\jbr\bin\java.dll
Event: 0.061 Loaded shared library E:\IntelliJ IDEA 2024.3.2.2\jbr\bin\zip.dll

Deoptimization events (20 events):
Event: 1.036 Thread 0x000001e07a46c6b0 Uncommon trap: trap_request=0xffffff66 fr.pc=0x000001e06e469b94 relative=0x0000000000000334
Event: 1.036 Thread 0x000001e07a46c6b0 Uncommon trap: reason=speculate_class_check action=maybe_recompile pc=0x000001e06e469b94 method=sun.security.util.math.intpoly.IntegerPolynomial.multByInt([JJ)V @ 26 c2
Event: 1.036 Thread 0x000001e07a46c6b0 DEOPT PACKING pc=0x000001e06e469b94 sp=0x00000004b34fe530
Event: 1.036 Thread 0x000001e07a46c6b0 DEOPT UNPACKING pc=0x000001e06dec46a2 sp=0x00000004b34fe470 mode 2
Event: 1.036 Thread 0x000001e07a46c6b0 Uncommon trap: trap_request=0xffffffde fr.pc=0x000001e06e464f40 relative=0x0000000000000280
Event: 1.036 Thread 0x000001e07a46c6b0 Uncommon trap: reason=class_check action=maybe_recompile pc=0x000001e06e464f40 method=sun.security.util.math.intpoly.IntegerPolynomial.multByInt([JJ)V @ 26 c2
Event: 1.036 Thread 0x000001e07a46c6b0 DEOPT PACKING pc=0x000001e06e464f40 sp=0x00000004b34fe4a0
Event: 1.036 Thread 0x000001e07a46c6b0 DEOPT UNPACKING pc=0x000001e06dec46a2 sp=0x00000004b34fe470 mode 2
Event: 1.036 Thread 0x000001e07a46c6b0 Uncommon trap: trap_request=0xffffffde fr.pc=0x000001e06e464f40 relative=0x0000000000000280
Event: 1.036 Thread 0x000001e07a46c6b0 Uncommon trap: reason=class_check action=maybe_recompile pc=0x000001e06e464f40 method=sun.security.util.math.intpoly.IntegerPolynomial.multByInt([JJ)V @ 26 c2
Event: 1.036 Thread 0x000001e07a46c6b0 DEOPT PACKING pc=0x000001e06e464f40 sp=0x00000004b34fe4a0
Event: 1.036 Thread 0x000001e07a46c6b0 DEOPT UNPACKING pc=0x000001e06dec46a2 sp=0x00000004b34fe470 mode 2
Event: 1.036 Thread 0x000001e07a46c6b0 Uncommon trap: trap_request=0xffffffde fr.pc=0x000001e06e464f40 relative=0x0000000000000280
Event: 1.036 Thread 0x000001e07a46c6b0 Uncommon trap: reason=class_check action=maybe_recompile pc=0x000001e06e464f40 method=sun.security.util.math.intpoly.IntegerPolynomial.multByInt([JJ)V @ 26 c2
Event: 1.036 Thread 0x000001e07a46c6b0 DEOPT PACKING pc=0x000001e06e464f40 sp=0x00000004b34fe4a0
Event: 1.036 Thread 0x000001e07a46c6b0 DEOPT UNPACKING pc=0x000001e06dec46a2 sp=0x00000004b34fe470 mode 2
Event: 1.036 Thread 0x000001e07a46c6b0 Uncommon trap: trap_request=0xffffffde fr.pc=0x000001e06e464f40 relative=0x0000000000000280
Event: 1.036 Thread 0x000001e07a46c6b0 Uncommon trap: reason=class_check action=maybe_recompile pc=0x000001e06e464f40 method=sun.security.util.math.intpoly.IntegerPolynomial.multByInt([JJ)V @ 26 c2
Event: 1.036 Thread 0x000001e07a46c6b0 DEOPT PACKING pc=0x000001e06e464f40 sp=0x00000004b34fe4a0
Event: 1.036 Thread 0x000001e07a46c6b0 DEOPT UNPACKING pc=0x000001e06dec46a2 sp=0x00000004b34fe470 mode 2

Classes loaded (20 events):
Event: 1.079 Loading class jdk/internal/event/TLSHandshakeEvent
Event: 1.079 Loading class jdk/internal/event/TLSHandshakeEvent done
Event: 1.080 Loading class com/sun/crypto/provider/GaloisCounterMode$GCMEncrypt
Event: 1.080 Loading class com/sun/crypto/provider/GaloisCounterMode$GCMEncrypt done
Event: 1.080 Loading class com/sun/crypto/provider/GaloisCounterMode$EncryptOp
Event: 1.080 Loading class com/sun/crypto/provider/GaloisCounterMode$EncryptOp done
Event: 1.080 Loading class sun/security/ssl/CipherSuite$1
Event: 1.080 Loading class sun/security/ssl/CipherSuite$1 done
Event: 1.083 Loading class java/util/concurrent/CompletionException
Event: 1.083 Loading class java/util/concurrent/CompletionException done
Event: 1.113 Loading class java/util/Collections$UnmodifiableMap$UnmodifiableEntrySet
Event: 1.113 Loading class java/util/Collections$UnmodifiableMap$UnmodifiableEntrySet done
Event: 1.113 Loading class java/util/Collections$UnmodifiableMap$UnmodifiableEntrySet$1
Event: 1.113 Loading class java/util/Collections$UnmodifiableMap$UnmodifiableEntrySet$1 done
Event: 1.113 Loading class java/util/Collections$UnmodifiableMap$UnmodifiableEntrySet$UnmodifiableEntry
Event: 1.113 Loading class java/util/Collections$UnmodifiableMap$UnmodifiableEntrySet$UnmodifiableEntry done
Event: 1.133 Loading class sun/security/ssl/NewSessionTicket$T13NewSessionTicketMessage
Event: 1.134 Loading class sun/security/ssl/NewSessionTicket$NewSessionTicketMessage
Event: 1.134 Loading class sun/security/ssl/NewSessionTicket$NewSessionTicketMessage done
Event: 1.134 Loading class sun/security/ssl/NewSessionTicket$T13NewSessionTicketMessage done

Classes unloaded (0 events):
No events

Classes redefined (0 events):
No events

Internal exceptions (20 events):
Event: 0.561 Thread 0x000001e0608fdc00 Exception <a 'java/lang/NoSuchMethodError'{0x000000008cd93380}: 'int java.lang.invoke.DirectMethodHandle$Holder.invokeStaticInit(java.lang.Object, float, float)'> (0x000000008cd93380) 
thrown [s\src\hotspot\share\interpreter\linkResolver.cpp, line 784]
Event: 0.562 Thread 0x000001e0608fdc00 Exception <a 'java/lang/NoSuchMethodError'{0x000000008cd99f38}: 'int java.lang.invoke.DirectMethodHandle$Holder.invokeStaticInit(java.lang.Object, double, double)'> (0x000000008cd99f38) 
thrown [s\src\hotspot\share\interpreter\linkResolver.cpp, line 784]
Event: 0.563 Thread 0x000001e0608fdc00 Exception <a 'java/lang/NoSuchMethodError'{0x000000008cd9e5c0}: 'int java.lang.invoke.DirectMethodHandle$Holder.invokeStatic(java.lang.Object, long)'> (0x000000008cd9e5c0) 
thrown [s\src\hotspot\share\interpreter\linkResolver.cpp, line 784]
Event: 0.572 Thread 0x000001e0608fdc00 Exception <a 'java/lang/NoSuchMethodError'{0x000000008cdc82a0}: 'java.lang.Object java.lang.invoke.DirectMethodHandle$Holder.invokeSpecial(java.lang.Object, java.lang.Object, int, java.lang.Object, java.lang.Object)'> (0x000000008cdc82a0) 
thrown [s\src\hotspot\share\interpreter\linkResolver.cpp, line 784]
Event: 0.573 Thread 0x000001e0608fdc00 Exception <a 'java/lang/NoSuchMethodError'{0x000000008cdcbc30}: 'java.lang.Object java.lang.invoke.DelegatingMethodHandle$Holder.delegate(java.lang.Object, int, java.lang.Object, java.lang.Object)'> (0x000000008cdcbc30) 
thrown [s\src\hotspot\share\interpreter\linkResolver.cpp, line 784]
Event: 0.576 Thread 0x000001e0608fdc00 Exception <a 'java/lang/NoSuchMethodError'{0x000000008cddaf50}: 'int java.lang.invoke.Invokers$Holder.linkToTargetMethod(java.lang.Object, java.lang.Object, java.lang.Object)'> (0x000000008cddaf50) 
thrown [s\src\hotspot\share\interpreter\linkResolver.cpp, line 784]
Event: 0.582 Thread 0x000001e0608fdc00 Exception <a 'java/lang/NoSuchMethodError'{0x000000008cc0d208}: 'long java.lang.invoke.DirectMethodHandle$Holder.invokeSpecial(java.lang.Object, java.lang.Object)'> (0x000000008cc0d208) 
thrown [s\src\hotspot\share\interpreter\linkResolver.cpp, line 784]
Event: 0.583 Thread 0x000001e0608fdc00 Exception <a 'java/lang/NoSuchMethodError'{0x000000008cc13ad8}: 'int java.lang.invoke.DirectMethodHandle$Holder.invokeStatic(java.lang.Object, java.lang.Object, java.lang.Object, java.lang.Object)'> (0x000000008cc13ad8) 
thrown [s\src\hotspot\share\interpreter\linkResolver.cpp, line 784]
Event: 0.584 Thread 0x000001e0608fdc00 Exception <a 'java/lang/NoSuchMethodError'{0x000000008cc16ef8}: 'java.lang.Object java.lang.invoke.Invokers$Holder.invokeExact_MT(java.lang.Object, java.lang.Object, java.lang.Object, java.lang.Object, java.lang.Object, java.lang.Object)'> (0x000000008cc16ef8) 
thrown [s\src\hotspot\share\interpreter\linkResolver.cpp, line 784]
Event: 0.703 Thread 0x000001e0608fdc00 Exception <a 'java/lang/NoSuchMethodError'{0x000000008cbebf10}: 'java.lang.Object java.lang.invoke.DirectMethodHandle$Holder.newInvokeSpecial(java.lang.Object, java.lang.Object, java.lang.Object, java.lang.Object, java.lang.Object)'> (0x000000008cbebf10) 
thrown [s\src\hotspot\share\interpreter\linkResolver.cpp, line 784]
Event: 0.758 Thread 0x000001e0608fdc00 Exception <a 'java/lang/NoSuchMethodError'{0x000000008c974b38}: 'java.lang.Object java.lang.invoke.DirectMethodHandle$Holder.invokeSpecial(java.lang.Object, java.lang.Object, java.lang.Object, java.lang.Object, int)'> (0x000000008c974b38) 
thrown [s\src\hotspot\share\interpreter\linkResolver.cpp, line 784]
Event: 0.758 Thread 0x000001e0608fdc00 Exception <a 'java/lang/NoSuchMethodError'{0x000000008c9784a0}: 'java.lang.Object java.lang.invoke.Invokers$Holder.linkToTargetMethod(java.lang.Object, java.lang.Object, int, java.lang.Object)'> (0x000000008c9784a0) 
thrown [s\src\hotspot\share\interpreter\linkResolver.cpp, line 784]
Event: 0.770 Thread 0x000001e0608fdc00 Exception <a 'java/lang/NoSuchMethodError'{0x000000008c9a71f0}: 'void java.lang.invoke.DirectMethodHandle$Holder.invokeSpecial(java.lang.Object, java.lang.Object, java.lang.Object)'> (0x000000008c9a71f0) 
thrown [s\src\hotspot\share\interpreter\linkResolver.cpp, line 784]
Event: 0.793 Thread 0x000001e07a46cd40 Exception <a 'java/lang/NoSuchMethodError'{0x000000008cbaa0f8}: 'void java.lang.invoke.DirectMethodHandle$Holder.invokeStatic(java.lang.Object, java.lang.Object, int)'> (0x000000008cbaa0f8) 
thrown [s\src\hotspot\share\interpreter\linkResolver.cpp, line 784]
Event: 0.798 Thread 0x000001e0608fdc00 Exception <a 'java/lang/NoSuchMethodError'{0x000000008c836fd8}: 'void java.lang.invoke.DirectMethodHandle$Holder.invokeSpecial(java.lang.Object, java.lang.Object, java.lang.Object, java.lang.Object, java.lang.Object)'> (0x000000008c836fd8) 
thrown [s\src\hotspot\share\interpreter\linkResolver.cpp, line 784]
Event: 0.806 Thread 0x000001e07a46cd40 Exception <a 'java/lang/NoSuchMethodError'{0x000000008c85b578}: 'void java.lang.invoke.DirectMethodHandle$Holder.invokeStatic(java.lang.Object, java.lang.Object)'> (0x000000008c85b578) 
thrown [s\src\hotspot\share\interpreter\linkResolver.cpp, line 784]
Event: 0.809 Thread 0x000001e07a46c6b0 Exception <a 'java/lang/NoSuchMethodError'{0x000000008c8ebff0}: 'void java.lang.invoke.DirectMethodHandle$Holder.invokeInterface(java.lang.Object, java.lang.Object, java.lang.Object)'> (0x000000008c8ebff0) 
thrown [s\src\hotspot\share\interpreter\linkResolver.cpp, line 784]
Event: 0.820 Thread 0x000001e07a46c6b0 Exception <a 'java/lang/NoSuchMethodError'{0x000000008c73a2e8}: 'void java.lang.invoke.DirectMethodHandle$Holder.invokeVirtual(java.lang.Object, java.lang.Object)'> (0x000000008c73a2e8) 
thrown [s\src\hotspot\share\interpreter\linkResolver.cpp, line 784]
Event: 1.026 Thread 0x000001e07a46c6b0 Exception <a 'java/lang/NoSuchMethodError'{0x000000008d273e78}: 'void java.lang.invoke.DirectMethodHandle$Holder.invokeInterface(java.lang.Object, java.lang.Object)'> (0x000000008d273e78) 
thrown [s\src\hotspot\share\interpreter\linkResolver.cpp, line 784]
Event: 1.081 Thread 0x000001e07a46c6b0 Exception <a 'java/lang/NoSuchMethodError'{0x000000008d108cf8}: 'void java.lang.invoke.DirectMethodHandle$Holder.invokeStatic(java.lang.Object, java.lang.Object, java.lang.Object, java.lang.Object)'> (0x000000008d108cf8) 
thrown [s\src\hotspot\share\interpreter\linkResolver.cpp, line 784]

ZGC Phase Switch (0 events):
No events

VM Operations (10 events):
Event: 0.106 Executing VM operation: HandshakeAllThreads (Deoptimize)
Event: 0.106 Executing VM operation: HandshakeAllThreads (Deoptimize) done
Event: 0.116 Executing VM operation: HandshakeAllThreads (Deoptimize)
Event: 0.116 Executing VM operation: HandshakeAllThreads (Deoptimize) done
Event: 0.375 Executing VM operation: HandshakeAllThreads (Deoptimize)
Event: 0.375 Executing VM operation: HandshakeAllThreads (Deoptimize) done
Event: 0.797 Executing VM operation: HandshakeAllThreads (Deoptimize)
Event: 0.797 Executing VM operation: HandshakeAllThreads (Deoptimize) done
Event: 0.868 Executing VM operation: G1CollectForAllocation (G1 Evacuation Pause)
Event: 0.875 Executing VM operation: G1CollectForAllocation (G1 Evacuation Pause) done

Memory protections (0 events):
No events

Nmethod flushes (0 events):
No events

Events (20 events):
Event: 0.038 Thread 0x000001e0608fdc00 Thread added: 0x000001e07a460e90
Event: 0.038 Thread 0x000001e0608fdc00 Thread added: 0x000001e07a461ba0
Event: 0.038 Thread 0x000001e0608fdc00 Thread added: 0x000001e07a4656e0
Event: 0.038 Thread 0x000001e0608fdc00 Thread added: 0x000001e07a4663b0
Event: 0.038 Thread 0x000001e0608fdc00 Thread added: 0x000001e07a46b1d0
Event: 0.039 Thread 0x000001e0608fdc00 Thread added: 0x000001e07a46f4a0
Event: 0.039 Thread 0x000001e0608fdc00 Thread added: 0x000001e07a473810
Event: 0.039 Thread 0x000001e0608fdc00 Thread added: 0x000001e07a473eb0
Event: 0.059 Thread 0x000001e0608fdc00 Thread added: 0x000001e07a46e780
Event: 0.062 Thread 0x000001e0608fdc00 Thread added: 0x000001e07a46ee10
Event: 0.066 Loaded shared library E:\IntelliJ IDEA 2024.3.2.2\jbr\bin\net.dll
Event: 0.068 Loaded shared library E:\IntelliJ IDEA 2024.3.2.2\jbr\bin\nio.dll
Event: 0.084 Loaded shared library E:\IntelliJ IDEA 2024.3.2.2\jbr\bin\zip.dll
Event: 0.186 Loaded shared library E:\IntelliJ IDEA 2024.3.2.2\jbr\bin\jimage.dll
Event: 0.237 Loaded shared library E:\IntelliJ IDEA 2024.3.2.2\jbr\bin\sunmscapi.dll
Event: 0.680 Loaded shared library E:\IntelliJ IDEA 2024.3.2.2\jbr\bin\extnet.dll
Event: 0.692 Thread 0x000001e0608fdc00 Thread added: 0x000001e07a46cd40
Event: 0.805 Thread 0x000001e07a46cd40 Thread added: 0x000001e07a46c6b0
Event: 0.830 Thread 0x000001e07a46cd40 Thread added: 0x000001e07a46d3d0
Event: 0.898 Thread 0x000001e07a473eb0 Thread added: 0x000001e07f201740


Dynamic libraries:
0x00007ff786a00000 - 0x00007ff786a0a000 	E:\IntelliJ IDEA 2024.3.2.2\jbr\bin\java.exe
0x00007ffc8e970000 - 0x00007ffc8eb68000 	C:\Windows\SYSTEM32\ntdll.dll
0x00007ffc8d1e0000 - 0x00007ffc8d2a2000 	C:\Windows\System32\KERNEL32.DLL
0x00007ffc8c2b0000 - 0x00007ffc8c5af000 	C:\Windows\System32\KERNELBASE.dll
0x00007ffc8c7e0000 - 0x00007ffc8c8e0000 	C:\Windows\System32\ucrtbase.dll
0x00007ffc84e30000 - 0x00007ffc84e4b000 	E:\IntelliJ IDEA 2024.3.2.2\jbr\bin\VCRUNTIME140.dll
0x00007ffc5ba80000 - 0x00007ffc5ba98000 	E:\IntelliJ IDEA 2024.3.2.2\jbr\bin\jli.dll
0x00007ffc8d8a0000 - 0x00007ffc8da3d000 	C:\Windows\System32\USER32.dll
0x00007ffc73c30000 - 0x00007ffc73eca000 	C:\Windows\WinSxS\amd64_microsoft.windows.common-controls_6595b64144ccf1df_6.0.19041.4355_none_60b8b9eb71f62e16\COMCTL32.dll
0x00007ffc8c280000 - 0x00007ffc8c2a2000 	C:\Windows\System32\win32u.dll
0x00007ffc8def0000 - 0x00007ffc8df1b000 	C:\Windows\System32\GDI32.dll
0x00007ffc8ddb0000 - 0x00007ffc8de4e000 	C:\Windows\System32\msvcrt.dll
0x00007ffc8c160000 - 0x00007ffc8c27a000 	C:\Windows\System32\gdi32full.dll
0x00007ffc8c740000 - 0x00007ffc8c7dd000 	C:\Windows\System32\msvcp_win.dll
0x00007ffc8c990000 - 0x00007ffc8c9bf000 	C:\Windows\System32\IMM32.DLL
0x00007ffc86080000 - 0x00007ffc8608c000 	E:\IntelliJ IDEA 2024.3.2.2\jbr\bin\vcruntime140_1.dll
0x00007ffc48590000 - 0x00007ffc4861d000 	E:\IntelliJ IDEA 2024.3.2.2\jbr\bin\msvcp140.dll
0x00007ffc00160000 - 0x00007ffc00f21000 	E:\IntelliJ IDEA 2024.3.2.2\jbr\bin\server\jvm.dll
0x00007ffc8d130000 - 0x00007ffc8d1df000 	C:\Windows\System32\ADVAPI32.dll
0x00007ffc8da40000 - 0x00007ffc8dadf000 	C:\Windows\System32\sechost.dll
0x00007ffc8dae0000 - 0x00007ffc8dc03000 	C:\Windows\System32\RPCRT4.dll
0x00007ffc8c5b0000 - 0x00007ffc8c5d7000 	C:\Windows\System32\bcrypt.dll
0x00007ffc8cff0000 - 0x00007ffc8d05b000 	C:\Windows\System32\WS2_32.dll
0x00007ffc8b5a0000 - 0x00007ffc8b5eb000 	C:\Windows\SYSTEM32\POWRPROF.dll
0x00007ffc699f0000 - 0x00007ffc69a17000 	C:\Windows\SYSTEM32\WINMM.dll
0x00007ffc84290000 - 0x00007ffc8429a000 	C:\Windows\SYSTEM32\VERSION.dll
0x00007ffc8b410000 - 0x00007ffc8b422000 	C:\Windows\SYSTEM32\UMPDC.dll
0x00007ffc89db0000 - 0x00007ffc89dc2000 	C:\Windows\SYSTEM32\kernel.appcore.dll
0x00007ffc85a20000 - 0x00007ffc85a2a000 	E:\IntelliJ IDEA 2024.3.2.2\jbr\bin\jimage.dll
0x00007ffc81980000 - 0x00007ffc81b64000 	C:\Windows\SYSTEM32\DBGHELP.DLL
0x00007ffc81640000 - 0x00007ffc81674000 	C:\Windows\SYSTEM32\dbgcore.DLL
0x00007ffc8c080000 - 0x00007ffc8c102000 	C:\Windows\System32\bcryptPrimitives.dll
0x00007ffc84e10000 - 0x00007ffc84e30000 	E:\IntelliJ IDEA 2024.3.2.2\jbr\bin\java.dll
0x00007ffc8e1c0000 - 0x00007ffc8e92d000 	C:\Windows\System32\SHELL32.dll
0x00007ffc8a090000 - 0x00007ffc8a834000 	C:\Windows\SYSTEM32\windows.storage.dll
0x00007ffc8cb60000 - 0x00007ffc8ceb5000 	C:\Windows\System32\combase.dll
0x00007ffc8ba40000 - 0x00007ffc8ba6f000 	C:\Windows\SYSTEM32\Wldp.dll
0x00007ffc8d060000 - 0x00007ffc8d12d000 	C:\Windows\System32\OLEAUT32.dll
0x00007ffc8d7f0000 - 0x00007ffc8d89d000 	C:\Windows\System32\SHCORE.dll
0x00007ffc8df20000 - 0x00007ffc8df75000 	C:\Windows\System32\shlwapi.dll
0x00007ffc8bf40000 - 0x00007ffc8bf64000 	C:\Windows\SYSTEM32\profapi.dll
0x00007ffc84df0000 - 0x00007ffc84e08000 	E:\IntelliJ IDEA 2024.3.2.2\jbr\bin\zip.dll
0x00007ffc84de0000 - 0x00007ffc84df0000 	E:\IntelliJ IDEA 2024.3.2.2\jbr\bin\net.dll
0x00007ffc7b270000 - 0x00007ffc7b37a000 	C:\Windows\SYSTEM32\WINHTTP.dll
0x00007ffc8b7a0000 - 0x00007ffc8b80c000 	C:\Windows\system32\mswsock.dll
0x00007ffc71570000 - 0x00007ffc71586000 	E:\IntelliJ IDEA 2024.3.2.2\jbr\bin\nio.dll
0x00007ffc738c0000 - 0x00007ffc738ce000 	E:\IntelliJ IDEA 2024.3.2.2\jbr\bin\sunmscapi.dll
0x00007ffc8c5e0000 - 0x00007ffc8c73c000 	C:\Windows\System32\CRYPT32.dll
0x00007ffc8bab0000 - 0x00007ffc8bad7000 	C:\Windows\SYSTEM32\ncrypt.dll
0x00007ffc8ba70000 - 0x00007ffc8baab000 	C:\Windows\SYSTEM32\NTASN1.dll
0x00007ffc8b990000 - 0x00007ffc8b9a8000 	C:\Windows\SYSTEM32\CRYPTSP.dll
0x00007ffc8b050000 - 0x00007ffc8b084000 	C:\Windows\system32\rsaenh.dll
0x00007ffc8bec0000 - 0x00007ffc8beee000 	C:\Windows\SYSTEM32\USERENV.dll
0x00007ffc8b9b0000 - 0x00007ffc8b9bc000 	C:\Windows\SYSTEM32\CRYPTBASE.dll
0x00007ffc8b430000 - 0x00007ffc8b46b000 	C:\Windows\SYSTEM32\IPHLPAPI.DLL
0x00007ffc8e130000 - 0x00007ffc8e138000 	C:\Windows\System32\NSI.dll
0x00007ffc71550000 - 0x00007ffc71557000 	C:\Windows\system32\wshunix.dll
0x00007ffc71540000 - 0x00007ffc71549000 	E:\IntelliJ IDEA 2024.3.2.2\jbr\bin\extnet.dll

dbghelp: loaded successfully - version: 4.0.5 - missing functions: none
symbol engine: initialized successfully - sym options: 0x614 - pdb path: .;E:\IntelliJ IDEA 2024.3.2.2\jbr\bin;C:\Windows\SYSTEM32;C:\Windows\WinSxS\amd64_microsoft.windows.common-controls_6595b64144ccf1df_6.0.19041.4355_none_60b8b9eb71f62e16;E:\IntelliJ IDEA 2024.3.2.2\jbr\bin\server

VM Arguments:
java_command: git4idea.http.GitAskPassApp Username for 'https://github.com': 
java_class_path (initial): E:/IntelliJ IDEA 2024.3.2.2/plugins/vcs-git/lib/git4idea-rt.jar;E:/IntelliJ IDEA 2024.3.2.2/lib/externalProcess-rt.jar
Launcher Type: SUN_STANDARD

[Global flags]
     intx CICompilerCount                          = 3                                         {product} {ergonomic}
     uint ConcGCThreads                            = 1                                         {product} {ergonomic}
     uint G1ConcRefinementThreads                  = 4                                         {product} {ergonomic}
   size_t G1HeapRegionSize                         = 1048576                                   {product} {ergonomic}
    uintx GCDrainStackTargetSize                   = 64                                        {product} {ergonomic}
   size_t InitialHeapSize                          = 130023424                                 {product} {ergonomic}
   size_t MarkStackSize                            = 4194304                                   {product} {ergonomic}
   size_t MaxHeapSize                              = 2055208960                                {product} {ergonomic}
   size_t MaxNewSize                               = 1233125376                                {product} {ergonomic}
   size_t MinHeapDeltaBytes                        = 1048576                                   {product} {ergonomic}
   size_t MinHeapSize                              = 8388608                                   {product} {ergonomic}
    uintx NonNMethodCodeHeapSize                   = 5832780                                {pd product} {ergonomic}
    uintx NonProfiledCodeHeapSize                  = 122912730                              {pd product} {ergonomic}
    uintx ProfiledCodeHeapSize                     = 122912730                              {pd product} {ergonomic}
    uintx ReservedCodeCacheSize                    = 251658240                              {pd product} {ergonomic}
     bool SegmentedCodeCache                       = true                                      {product} {ergonomic}
   size_t SoftMaxHeapSize                          = 2055208960                             {manageable} {ergonomic}
     bool UseCompressedOops                        = true                           {product lp64_product} {ergonomic}
     bool UseG1GC                                  = true                                      {product} {ergonomic}
     bool UseLargePagesIndividualAllocation        = false                                  {pd product} {ergonomic}

Logging:
Log output configuration:
 #0: stdout all=warning uptime,level,tags foldmultilines=false
 #1: stderr all=off uptime,level,tags foldmultilines=false

Environment Variables:
JAVA_HOME=C:\Program Files\Java\jdk-22
PATH=C:\Program Files\Git\mingw64\libexec\git-core;C:\Program Files\Git\mingw64\libexec\git-core;C:\Program Files\Git\mingw64\bin;C:\Program Files\Git\usr\bin;C:\Users\Clone\bin;E:\App\db_home\bin;C:\Program Files\Common Files\Oracle\Java\javapath;C:\Program Files (x86)\Common Files\Oracle\Java\java8path;C:\Program Files (x86)\Common Files\Oracle\Java\javapath;C:\Windows\system32;C:\Windows;C:\Windows\System32\Wbem;C:\Windows\System32\WindowsPowerShell\v1.0;C:\Windows\System32\OpenSSH;.;C:\Program Files\Git\usr\bin;.;C:\Program Files\WireGuard;C:\Program Files\Microsoft SQL Server\150\Tools\Binn;C:\Program Files (x86)\Microsoft SQL Server\160\Tools\Binn;C:\Program Files\Microsoft SQL Server\160\Tools\Binn;C:\Program Files\Microsoft SQL Server\Client SDK\ODBC\170\Tools\Binn;C:\Program Files\Microsoft SQL Server\160\DTS\Binn;C:\Program Files\nodejs;C:\ProgramData\chocolatey\bin;C:\Program Files\apache-maven-3.9.4\bin;C:\Program Files\PostgreSQL\16\bin;C:\Program Files\PostgreSQL\16\lib;C:\Python311;C:\Program Files\Java\jdk-17\bin;C:\Program Files\Java\jdk-22\bin;C:\Program Files\Git\cmd;C:\Program Files\TortoiseGit\bin;C:\Python311\Scripts;C:\Python311;C:\Users\Clone\AppData\Local\Programs\Python\Python311\Scripts;C:\Users\Clone\AppData\Local\Programs\Python\Python311;C:\Users\Clone\AppData\Local\Microsoft\WindowsApps;C:\Program Files\Git\usr\bin;.;C:\Program Files\Git\usr\bin;.;C:\Program Files\JetBrains\DataGrip 2023.1.2\bin;C:\Program Files\JetBrains\PyCharm Community Edition 2023.1.2\bin;C:\Users\Clone\AppData\Roaming\npm;C:\Users\Clone\AppData\Local\Programs\Microsoft VS Code\bin;E:\IntelliJ IDEA 2024.3.2.2\bin
USERNAME=Clone
DISPLAY=:0.0
LC_ALL=en_US.UTF-8
TERM=xterm-256color
TMPDIR=C:\Users\Clone\AppData\Local\Temp
OS=Windows_NT
PROCESSOR_IDENTIFIER=Intel64 Family 6 Model 78 Stepping 3, GenuineIntel
TMP=C:\Users\Clone\AppData\Local\Temp
TEMP=C:\Users\Clone\AppData\Local\Temp




Periodic native trim disabled

JNI global refs:
JNI global refs: 19, weak refs: 0

JNI global refs memory usage: 835, weak refs: 833

Process memory usage:
Resident Set Size: 84728K (1% of 8027508K total physical memory with 577972K free physical memory)

OOME stack traces (most recent first):
Classloader memory used:
Loader bootstrap                                                                       : 7414K
Loader jdk.internal.loader.ClassLoaders$PlatformClassLoader                            : 1981K
Loader jdk.internal.loader.ClassLoaders$AppClassLoader                                 : 16448B

---------------  S Y S T E M  ---------------

OS:
 Windows 10 , 64 bit Build 19041 (10.0.19041.5438)
OS uptime: 0 days 8:54 hours

CPU: total 4 (initial active 4) (2 cores per cpu, 2 threads per core) family 6 model 78 stepping 3 microcode 0xcc, cx8, cmov, fxsr, ht, mmx, 3dnowpref, sse, sse2, sse3, ssse3, sse4.1, sse4.2, popcnt, lzcnt, tsc, tscinvbit, avx, avx2, aes, erms, clmul, bmi1, bmi2, rtm, adx, fma, vzeroupper, clflush, clflushopt, rdtscp, f16c
Processor Information for all 4 processors :
  Max Mhz: 2496, Current Mhz: 2396, Mhz Limit: 2396

Memory: 4k page, system-wide physical 7839M (564M free)
TotalPageFile size 23101M (AvailPageFile size 6M)
current process WorkingSet (physical memory assigned to process): 82M, peak: 84M
current process commit charge ("private bytes"): 221M, peak: 224M

vm_info: OpenJDK 64-Bit Server VM (21.0.5+8-b631.30) for windows-amd64 JRE (21.0.5+8-b631.30), built on 2024-12-06 by "builduser" with MS VC++ 16.10 / 16.11 (VS2019)

END.
