#
# There is insufficient memory for the Java Runtime Environment to continue.
# Native memory allocation (malloc) failed to allocate 1048576 bytes. Error detail: AllocateHeap
# Possible reasons:
#   The system is out of physical RAM or swap space
#   This process is running with CompressedOops enabled, and the Java Heap may be blocking the growth of the native heap
# Possible solutions:
#   Reduce memory load on the system
#   Increase physical memory or swap space
#   Check if swap backing store is full
#   Decrease Java heap size (-Xmx/-Xms)
#   Decrease number of Java threads
#   Decrease Java thread stack sizes (-Xss)
#   Set larger code cache with -XX:ReservedCodeCacheSize=
#   JVM is running with Unscaled Compressed Oops mode in which the Java heap is
#     placed in the first 4GB address space. The Java Heap base address is the
#     maximum limit for the native heap growth. Please use -XX:HeapBaseMinAddress
#     to set the Java Heap base and to place the Java Heap above 4GB virtual address.
# This output file may be truncated or incomplete.
#
#  Out of Memory Error (allocation.cpp:44), pid=27264, tid=22032
#
# JRE version: OpenJDK Runtime Environment JBR-21.0.5+8-631.30-jcef (21.0.5+8) (build 21.0.5+8-b631.30)
# Java VM: OpenJDK 64-Bit Server VM JBR-21.0.5+8-631.30-jcef (21.0.5+8-b631.30, mixed mode, sharing, tiered, compressed oops, compressed class ptrs, g1 gc, windows-amd64)
# No core dump will be written. Minidumps are not enabled by default on client versions of Windows
#

---------------  S U M M A R Y ------------

Command Line: -Djava.rmi.server.hostname=127.0.0.1 -Duser.timezone=UTC -Xmx2048m -Xms128m -Djdbc.classpath=C:\Users\Clone\AppData\Local\Temp\RemoteDriver6.classpath.txt --add-exports=java.desktop/sun.awt=ALL-UNNAMED --add-exports=java.desktop/java.awt.peer=ALL-UNNAMED --add-opens=java.desktop/java.awt=ALL-UNNAMED --add-opens=jdk.unsupported/sun.misc=ALL-UNNAMED --add-opens=java.base/java.nio=ALL-UNNAMED --add-opens=java.base/java.util=ALL-UNNAMED -Dfile.encoding=UTF-8 -Dsun.stdout.encoding=UTF-8 -Dsun.stderr.encoding=UTF-8 com.intellij.database.remote.RemoteJdbcServer oracle.jdbc.OracleDriver

Host: Intel(R) Core(TM) i5-6300U CPU @ 2.40GHz, 4 cores, 7G,  Windows 10 , 64 bit Build 19041 (10.0.19041.5438)
Time: Mon Feb 17 08:22:41 2025 West Asia Standard Time elapsed time: 3600.048177 seconds (0d 1h 0m 0s)

---------------  T H R E A D  ---------------

Current thread (0x0000026db3414890):  VMThread "VM Thread"          [id=22032, stack(0x000000ba26700000,0x000000ba26800000) (1024K)]

Stack: [0x000000ba26700000,0x000000ba26800000]
Native frames: (J=compiled Java code, j=interpreted, Vv=VM code, C=native code)
V  [jvm.dll+0x6e52b9]
V  [jvm.dll+0x8c3633]
V  [jvm.dll+0x8c5b8e]
V  [jvm.dll+0x8c6273]
V  [jvm.dll+0x288f46]
V  [jvm.dll+0xc0e57]
V  [jvm.dll+0x353cb2]
V  [jvm.dll+0x34d64e]
V  [jvm.dll+0x3356d9]
V  [jvm.dll+0x379a24]
V  [jvm.dll+0x8cbff8]
V  [jvm.dll+0x8cd374]
V  [jvm.dll+0x8cd8b0]
V  [jvm.dll+0x8cdb43]
V  [jvm.dll+0x86b248]
V  [jvm.dll+0x6e3abd]
C  [ucrtbase.dll+0x21bb2]
C  [KERNEL32.DLL+0x17374]
C  [ntdll.dll+0x4cc91]

VM_Operation (0x000000ba278fed90): G1CollectFull, mode: safepoint, requested by thread 0x0000026df9109160


---------------  P R O C E S S  ---------------

Threads class SMR info:
_java_thread_list=0x0000026df989d3c0, length=22, elements={
0x0000026d99762fd0, 0x0000026db3432170, 0x0000026db34340d0, 0x0000026db3438ce0,
0x0000026db34399b0, 0x0000026db343aba0, 0x0000026db343bd90, 0x0000026db3442800,
0x0000026db3463a40, 0x0000026db37e6f50, 0x0000026db37e85c0, 0x0000026df980a8d0,
0x0000026df951b810, 0x0000026df951be70, 0x0000026df9109160, 0x0000026df9109e20,
0x0000026df95f8910, 0x0000026df9032740, 0x0000026df92a8e90, 0x0000026df92a7450,
0x0000026df92a7ae0, 0x0000026df92a8170
}

Java Threads: ( => current thread )
  0x0000026d99762fd0 JavaThread "main"                              [_thread_blocked, id=18444, stack(0x000000ba26000000,0x000000ba26100000) (1024K)]
  0x0000026db3432170 JavaThread "Reference Handler"          daemon [_thread_blocked, id=3736, stack(0x000000ba26800000,0x000000ba26900000) (1024K)]
  0x0000026db34340d0 JavaThread "Finalizer"                  daemon [_thread_blocked, id=1008, stack(0x000000ba26900000,0x000000ba26a00000) (1024K)]
  0x0000026db3438ce0 JavaThread "Signal Dispatcher"          daemon [_thread_blocked, id=30268, stack(0x000000ba26a00000,0x000000ba26b00000) (1024K)]
  0x0000026db34399b0 JavaThread "Attach Listener"            daemon [_thread_blocked, id=12120, stack(0x000000ba26b00000,0x000000ba26c00000) (1024K)]
  0x0000026db343aba0 JavaThread "Service Thread"             daemon [_thread_blocked, id=28632, stack(0x000000ba26c00000,0x000000ba26d00000) (1024K)]
  0x0000026db343bd90 JavaThread "Monitor Deflation Thread"   daemon [_thread_blocked, id=29620, stack(0x000000ba26d00000,0x000000ba26e00000) (1024K)]
  0x0000026db3442800 JavaThread "C2 CompilerThread0"         daemon [_thread_blocked, id=30932, stack(0x000000ba26e00000,0x000000ba26f00000) (1024K)]
  0x0000026db3463a40 JavaThread "C1 CompilerThread0"         daemon [_thread_blocked, id=27192, stack(0x000000ba26f00000,0x000000ba27000000) (1024K)]
  0x0000026db37e6f50 JavaThread "Common-Cleaner"             daemon [_thread_blocked, id=30116, stack(0x000000ba27000000,0x000000ba27100000) (1024K)]
  0x0000026db37e85c0 JavaThread "Notification Thread"        daemon [_thread_blocked, id=24132, stack(0x000000ba27100000,0x000000ba27200000) (1024K)]
  0x0000026df980a8d0 JavaThread "RMI TCP Accept-16034"       daemon [_thread_in_native, id=15072, stack(0x000000ba27500000,0x000000ba27600000) (1024K)]
  0x0000026df951b810 JavaThread "RMI TCP Accept-0"           daemon [_thread_in_native, id=17080, stack(0x000000ba27600000,0x000000ba27700000) (1024K)]
  0x0000026df951be70 JavaThread "RMI Reaper"                        [_thread_blocked, id=31496, stack(0x000000ba27700000,0x000000ba27800000) (1024K)]
  0x0000026df9109160 JavaThread "RMI GC Daemon"              daemon [_thread_blocked, id=12804, stack(0x000000ba27800000,0x000000ba27900000) (1024K)]
  0x0000026df9109e20 JavaThread "RMI TCP Connection(2)-127.0.0.1" daemon [_thread_in_native, id=29152, stack(0x000000ba27a00000,0x000000ba27b00000) (1024K)]
  0x0000026df95f8910 JavaThread "RMI Scheduler(0)"           daemon [_thread_blocked, id=29744, stack(0x000000ba27b00000,0x000000ba27c00000) (1024K)]
  0x0000026df9032740 JavaThread "RMI TCP Connection(3)-127.0.0.1" daemon [_thread_in_native, id=22892, stack(0x000000ba27c00000,0x000000ba27d00000) (1024K)]
  0x0000026df92a8e90 JavaThread "RMI RenewClean-[127.0.0.1:49992]" daemon [_thread_blocked, id=3248, stack(0x000000ba27e00000,0x000000ba27f00000) (1024K)]
  0x0000026df92a7450 JavaThread "oracle.jdbc.driver.BlockSource.ThreadedCachingBlockSource.BlockReleaser" daemon [_thread_blocked, id=31240, stack(0x000000ba27f00000,0x000000ba28000000) (1024K)]
  0x0000026df92a7ae0 JavaThread "InterruptTimer"             daemon [_thread_blocked, id=32036, stack(0x000000ba28000000,0x000000ba28100000) (1024K)]
  0x0000026df92a8170 JavaThread "RMI RenewClean-[127.0.0.1:53295]" daemon [_thread_blocked, id=16112, stack(0x000000ba25d00000,0x000000ba25e00000) (1024K)]
Total: 22

Other Threads:
=>0x0000026db3414890 VMThread "VM Thread"                           [id=22032, stack(0x000000ba26700000,0x000000ba26800000) (1024K)]
  0x0000026db34014a0 WatcherThread "VM Periodic Task Thread"        [id=12028, stack(0x000000ba26600000,0x000000ba26700000) (1024K)]
  0x0000026d998b75f0 WorkerThread "GC Thread#0"                     [id=12832, stack(0x000000ba26100000,0x000000ba26200000) (1024K)]
  0x0000026df9101500 WorkerThread "GC Thread#1"                     [id=22264, stack(0x000000ba27200000,0x000000ba27300000) (1024K)]
  0x0000026df91018a0 WorkerThread "GC Thread#2"                     [id=23580, stack(0x000000ba27300000,0x000000ba27400000) (1024K)]
  0x0000026df9194140 WorkerThread "GC Thread#3"                     [id=30388, stack(0x000000ba27400000,0x000000ba27500000) (1024K)]
  0x0000026d998c94f0 ConcurrentGCThread "G1 Main Marker"            [id=32228, stack(0x000000ba26200000,0x000000ba26300000) (1024K)]
  0x0000026d998ca0b0 WorkerThread "G1 Conc#0"                       [id=31476, stack(0x000000ba26300000,0x000000ba26400000) (1024K)]
  0x0000026d9992eba0 ConcurrentGCThread "G1 Refine#0"               [id=13772, stack(0x000000ba26400000,0x000000ba26500000) (1024K)]
  0x0000026db32c6640 ConcurrentGCThread "G1 Service"                [id=31092, stack(0x000000ba26500000,0x000000ba26600000) (1024K)]
Total: 10

Threads with active compile tasks:
Total: 0

VM state: at safepoint (normal execution)

VM Mutex/Monitor currently owned by a thread:  ([mutex/lock_event])
[0x00007ffc00e2ea30] Threads_lock - owner thread: 0x0000026db3414890
[0x00007ffc00e2eb30] Heap_lock - owner thread: 0x0000026df9109160

Heap address: 0x0000000080000000, size: 2048 MB, Compressed Oops mode: 32-bit

CDS archive(s) mapped at: [0x0000026db4000000-0x0000026db4d00000-0x0000026db4d00000), size 13631488, SharedBaseAddress: 0x0000026db4000000, ArchiveRelocationMode: 1.
Compressed class space mapped at: 0x0000026db5000000-0x0000026df5000000, reserved size: 1073741824
Narrow klass base: 0x0000026db4000000, Narrow klass shift: 0, Narrow klass range: 0x100000000

GC Precious Log:
 CardTable entry size: 512
 Card Set container configuration: InlinePtr #cards 5 size 8 Array Of Cards #cards 12 size 40 Howl #buckets 4 coarsen threshold 1843 Howl Bitmap #cards 512 size 80 coarsen threshold 460 Card regions per heap region 1 cards per card region 2048
 CPUs: 4 total, 4 available
 Memory: 7839M
 Large Page Support: Disabled
 NUMA Support: Disabled
 Compressed Oops: Enabled (32-bit)
 Heap Region Size: 1M
 Heap Min Capacity: 128M
 Heap Initial Capacity: 128M
 Heap Max Capacity: 2G
 Pre-touch: Disabled
 Parallel Workers: 4
 Concurrent Workers: 1
 Concurrent Refinement Workers: 4
 Periodic GC: Disabled

Heap:
 garbage-first heap   total 131072K, used 43678K [0x0000000080000000, 0x0000000100000000)
  region size 1024K, 36 young (36864K), 5 survivors (5120K)
 Metaspace       used 20450K, committed 20864K, reserved 1114112K
  class space    used 2299K, committed 2496K, reserved 1048576K

Heap Regions: E=young(eden), S=young(survivor), O=old, HS=humongous(starts), HC=humongous(continues), CS=collection set, F=free, TAMS=top-at-mark-start, PB=parsable bottom
|   0|0x0000000080000000, 0x0000000080100000, 0x0000000080100000|100%|HS|  |TAMS 0x0000000080000000| PB 0x0000000080000000| Complete 
|   1|0x0000000080100000, 0x0000000080200000, 0x0000000080200000|100%|HC|  |TAMS 0x0000000080100000| PB 0x0000000080100000| Complete 
|   2|0x0000000080200000, 0x0000000080300000, 0x0000000080300000|100%|HS|  |TAMS 0x0000000080200000| PB 0x0000000080200000| Complete 
|   3|0x0000000080300000, 0x0000000080400000, 0x0000000080400000|100%|HS|  |TAMS 0x0000000080300000| PB 0x0000000080300000| Complete 
|   4|0x0000000080400000, 0x0000000080500000, 0x0000000080500000|100%| O|  |TAMS 0x0000000080400000| PB 0x0000000080400000| Untracked 
|   5|0x0000000080500000, 0x0000000080600000, 0x0000000080600000|100%| O|  |TAMS 0x0000000080500000| PB 0x0000000080500000| Untracked 
|   6|0x0000000080600000, 0x0000000080700000, 0x0000000080700000|100%| O|  |TAMS 0x0000000080600000| PB 0x0000000080600000| Untracked 
|   7|0x0000000080700000, 0x0000000080800000, 0x0000000080800000|100%| O|  |TAMS 0x0000000080700000| PB 0x0000000080700000| Untracked 
|   8|0x0000000080800000, 0x000000008086f608, 0x0000000080900000| 43%| O|  |TAMS 0x0000000080800000| PB 0x0000000080800000| Untracked 
|   9|0x0000000080900000, 0x0000000080900000, 0x0000000080a00000|  0%| F|  |TAMS 0x0000000080900000| PB 0x0000000080900000| Untracked 
|  10|0x0000000080a00000, 0x0000000080a00000, 0x0000000080b00000|  0%| F|  |TAMS 0x0000000080a00000| PB 0x0000000080a00000| Untracked 
|  11|0x0000000080b00000, 0x0000000080b00000, 0x0000000080c00000|  0%| F|  |TAMS 0x0000000080b00000| PB 0x0000000080b00000| Untracked 
|  12|0x0000000080c00000, 0x0000000080c00000, 0x0000000080d00000|  0%| F|  |TAMS 0x0000000080c00000| PB 0x0000000080c00000| Untracked 
|  13|0x0000000080d00000, 0x0000000080d00000, 0x0000000080e00000|  0%| F|  |TAMS 0x0000000080d00000| PB 0x0000000080d00000| Untracked 
|  14|0x0000000080e00000, 0x0000000080e00000, 0x0000000080f00000|  0%| F|  |TAMS 0x0000000080e00000| PB 0x0000000080e00000| Untracked 
|  15|0x0000000080f00000, 0x0000000080f00000, 0x0000000081000000|  0%| F|  |TAMS 0x0000000080f00000| PB 0x0000000080f00000| Untracked 
|  16|0x0000000081000000, 0x0000000081000000, 0x0000000081100000|  0%| F|  |TAMS 0x0000000081000000| PB 0x0000000081000000| Untracked 
|  17|0x0000000081100000, 0x0000000081100000, 0x0000000081200000|  0%| F|  |TAMS 0x0000000081100000| PB 0x0000000081100000| Untracked 
|  18|0x0000000081200000, 0x0000000081200000, 0x0000000081300000|  0%| F|  |TAMS 0x0000000081200000| PB 0x0000000081200000| Untracked 
|  19|0x0000000081300000, 0x0000000081300000, 0x0000000081400000|  0%| F|  |TAMS 0x0000000081300000| PB 0x0000000081300000| Untracked 
|  20|0x0000000081400000, 0x0000000081400000, 0x0000000081500000|  0%| F|  |TAMS 0x0000000081400000| PB 0x0000000081400000| Untracked 
|  21|0x0000000081500000, 0x0000000081500000, 0x0000000081600000|  0%| F|  |TAMS 0x0000000081500000| PB 0x0000000081500000| Untracked 
|  22|0x0000000081600000, 0x0000000081600000, 0x0000000081700000|  0%| F|  |TAMS 0x0000000081600000| PB 0x0000000081600000| Untracked 
|  23|0x0000000081700000, 0x0000000081700000, 0x0000000081800000|  0%| F|  |TAMS 0x0000000081700000| PB 0x0000000081700000| Untracked 
|  24|0x0000000081800000, 0x0000000081800000, 0x0000000081900000|  0%| F|  |TAMS 0x0000000081800000| PB 0x0000000081800000| Untracked 
|  25|0x0000000081900000, 0x0000000081900000, 0x0000000081a00000|  0%| F|  |TAMS 0x0000000081900000| PB 0x0000000081900000| Untracked 
|  26|0x0000000081a00000, 0x0000000081a00000, 0x0000000081b00000|  0%| F|  |TAMS 0x0000000081a00000| PB 0x0000000081a00000| Untracked 
|  27|0x0000000081b00000, 0x0000000081b00000, 0x0000000081c00000|  0%| F|  |TAMS 0x0000000081b00000| PB 0x0000000081b00000| Untracked 
|  28|0x0000000081c00000, 0x0000000081c00000, 0x0000000081d00000|  0%| F|  |TAMS 0x0000000081c00000| PB 0x0000000081c00000| Untracked 
|  29|0x0000000081d00000, 0x0000000081d00000, 0x0000000081e00000|  0%| F|  |TAMS 0x0000000081d00000| PB 0x0000000081d00000| Untracked 
|  30|0x0000000081e00000, 0x0000000081e00000, 0x0000000081f00000|  0%| F|  |TAMS 0x0000000081e00000| PB 0x0000000081e00000| Untracked 
|  31|0x0000000081f00000, 0x0000000081f00000, 0x0000000082000000|  0%| F|  |TAMS 0x0000000081f00000| PB 0x0000000081f00000| Untracked 
|  32|0x0000000082000000, 0x0000000082000000, 0x0000000082100000|  0%| F|  |TAMS 0x0000000082000000| PB 0x0000000082000000| Untracked 
|  33|0x0000000082100000, 0x0000000082100000, 0x0000000082200000|  0%| F|  |TAMS 0x0000000082100000| PB 0x0000000082100000| Untracked 
|  34|0x0000000082200000, 0x0000000082200000, 0x0000000082300000|  0%| F|  |TAMS 0x0000000082200000| PB 0x0000000082200000| Untracked 
|  35|0x0000000082300000, 0x0000000082300000, 0x0000000082400000|  0%| F|  |TAMS 0x0000000082300000| PB 0x0000000082300000| Untracked 
|  36|0x0000000082400000, 0x0000000082400000, 0x0000000082500000|  0%| F|  |TAMS 0x0000000082400000| PB 0x0000000082400000| Untracked 
|  37|0x0000000082500000, 0x0000000082500000, 0x0000000082600000|  0%| F|  |TAMS 0x0000000082500000| PB 0x0000000082500000| Untracked 
|  38|0x0000000082600000, 0x0000000082600000, 0x0000000082700000|  0%| F|  |TAMS 0x0000000082600000| PB 0x0000000082600000| Untracked 
|  39|0x0000000082700000, 0x0000000082700000, 0x0000000082800000|  0%| F|  |TAMS 0x0000000082700000| PB 0x0000000082700000| Untracked 
|  40|0x0000000082800000, 0x0000000082800000, 0x0000000082900000|  0%| F|  |TAMS 0x0000000082800000| PB 0x0000000082800000| Untracked 
|  41|0x0000000082900000, 0x0000000082900000, 0x0000000082a00000|  0%| F|  |TAMS 0x0000000082900000| PB 0x0000000082900000| Untracked 
|  42|0x0000000082a00000, 0x0000000082a00000, 0x0000000082b00000|  0%| F|  |TAMS 0x0000000082a00000| PB 0x0000000082a00000| Untracked 
|  43|0x0000000082b00000, 0x0000000082b00000, 0x0000000082c00000|  0%| F|  |TAMS 0x0000000082b00000| PB 0x0000000082b00000| Untracked 
|  44|0x0000000082c00000, 0x0000000082c00000, 0x0000000082d00000|  0%| F|  |TAMS 0x0000000082c00000| PB 0x0000000082c00000| Untracked 
|  45|0x0000000082d00000, 0x0000000082d00000, 0x0000000082e00000|  0%| F|  |TAMS 0x0000000082d00000| PB 0x0000000082d00000| Untracked 
|  46|0x0000000082e00000, 0x0000000082e00000, 0x0000000082f00000|  0%| F|  |TAMS 0x0000000082e00000| PB 0x0000000082e00000| Untracked 
|  47|0x0000000082f00000, 0x0000000082f00000, 0x0000000083000000|  0%| F|  |TAMS 0x0000000082f00000| PB 0x0000000082f00000| Untracked 
|  48|0x0000000083000000, 0x0000000083000000, 0x0000000083100000|  0%| F|  |TAMS 0x0000000083000000| PB 0x0000000083000000| Untracked 
|  49|0x0000000083100000, 0x0000000083100000, 0x0000000083200000|  0%| F|  |TAMS 0x0000000083100000| PB 0x0000000083100000| Untracked 
|  50|0x0000000083200000, 0x0000000083200000, 0x0000000083300000|  0%| F|  |TAMS 0x0000000083200000| PB 0x0000000083200000| Untracked 
|  51|0x0000000083300000, 0x0000000083300000, 0x0000000083400000|  0%| F|  |TAMS 0x0000000083300000| PB 0x0000000083300000| Untracked 
|  52|0x0000000083400000, 0x0000000083400000, 0x0000000083500000|  0%| F|  |TAMS 0x0000000083400000| PB 0x0000000083400000| Untracked 
|  53|0x0000000083500000, 0x0000000083500000, 0x0000000083600000|  0%| F|  |TAMS 0x0000000083500000| PB 0x0000000083500000| Untracked 
|  54|0x0000000083600000, 0x0000000083600000, 0x0000000083700000|  0%| F|  |TAMS 0x0000000083600000| PB 0x0000000083600000| Untracked 
|  55|0x0000000083700000, 0x0000000083700000, 0x0000000083800000|  0%| F|  |TAMS 0x0000000083700000| PB 0x0000000083700000| Untracked 
|  56|0x0000000083800000, 0x0000000083800000, 0x0000000083900000|  0%| F|  |TAMS 0x0000000083800000| PB 0x0000000083800000| Untracked 
|  57|0x0000000083900000, 0x0000000083900000, 0x0000000083a00000|  0%| F|  |TAMS 0x0000000083900000| PB 0x0000000083900000| Untracked 
|  58|0x0000000083a00000, 0x0000000083a00000, 0x0000000083b00000|  0%| F|  |TAMS 0x0000000083a00000| PB 0x0000000083a00000| Untracked 
|  59|0x0000000083b00000, 0x0000000083b00000, 0x0000000083c00000|  0%| F|  |TAMS 0x0000000083b00000| PB 0x0000000083b00000| Untracked 
|  60|0x0000000083c00000, 0x0000000083c00000, 0x0000000083d00000|  0%| F|  |TAMS 0x0000000083c00000| PB 0x0000000083c00000| Untracked 
|  61|0x0000000083d00000, 0x0000000083d00000, 0x0000000083e00000|  0%| F|  |TAMS 0x0000000083d00000| PB 0x0000000083d00000| Untracked 
|  62|0x0000000083e00000, 0x0000000083e00000, 0x0000000083f00000|  0%| F|  |TAMS 0x0000000083e00000| PB 0x0000000083e00000| Untracked 
|  63|0x0000000083f00000, 0x0000000083f00000, 0x0000000084000000|  0%| F|  |TAMS 0x0000000083f00000| PB 0x0000000083f00000| Untracked 
|  64|0x0000000084000000, 0x0000000084000000, 0x0000000084100000|  0%| F|  |TAMS 0x0000000084000000| PB 0x0000000084000000| Untracked 
|  65|0x0000000084100000, 0x0000000084100000, 0x0000000084200000|  0%| F|  |TAMS 0x0000000084100000| PB 0x0000000084100000| Untracked 
|  66|0x0000000084200000, 0x0000000084200000, 0x0000000084300000|  0%| F|  |TAMS 0x0000000084200000| PB 0x0000000084200000| Untracked 
|  67|0x0000000084300000, 0x0000000084300000, 0x0000000084400000|  0%| F|  |TAMS 0x0000000084300000| PB 0x0000000084300000| Untracked 
|  68|0x0000000084400000, 0x0000000084400000, 0x0000000084500000|  0%| F|  |TAMS 0x0000000084400000| PB 0x0000000084400000| Untracked 
|  69|0x0000000084500000, 0x0000000084500000, 0x0000000084600000|  0%| F|  |TAMS 0x0000000084500000| PB 0x0000000084500000| Untracked 
|  70|0x0000000084600000, 0x0000000084600000, 0x0000000084700000|  0%| F|  |TAMS 0x0000000084600000| PB 0x0000000084600000| Untracked 
|  71|0x0000000084700000, 0x0000000084700000, 0x0000000084800000|  0%| F|  |TAMS 0x0000000084700000| PB 0x0000000084700000| Untracked 
|  72|0x0000000084800000, 0x0000000084800000, 0x0000000084900000|  0%| F|  |TAMS 0x0000000084800000| PB 0x0000000084800000| Untracked 
|  73|0x0000000084900000, 0x0000000084900000, 0x0000000084a00000|  0%| F|  |TAMS 0x0000000084900000| PB 0x0000000084900000| Untracked 
|  74|0x0000000084a00000, 0x0000000084a00000, 0x0000000084b00000|  0%| F|  |TAMS 0x0000000084a00000| PB 0x0000000084a00000| Untracked 
|  75|0x0000000084b00000, 0x0000000084b00000, 0x0000000084c00000|  0%| F|  |TAMS 0x0000000084b00000| PB 0x0000000084b00000| Untracked 
|  76|0x0000000084c00000, 0x0000000084c00000, 0x0000000084d00000|  0%| F|  |TAMS 0x0000000084c00000| PB 0x0000000084c00000| Untracked 
|  77|0x0000000084d00000, 0x0000000084d00000, 0x0000000084e00000|  0%| F|  |TAMS 0x0000000084d00000| PB 0x0000000084d00000| Untracked 
|  78|0x0000000084e00000, 0x0000000084e00000, 0x0000000084f00000|  0%| F|  |TAMS 0x0000000084e00000| PB 0x0000000084e00000| Untracked 
|  79|0x0000000084f00000, 0x0000000084f00000, 0x0000000085000000|  0%| F|  |TAMS 0x0000000084f00000| PB 0x0000000084f00000| Untracked 
|  80|0x0000000085000000, 0x0000000085000000, 0x0000000085100000|  0%| F|  |TAMS 0x0000000085000000| PB 0x0000000085000000| Untracked 
|  81|0x0000000085100000, 0x0000000085100000, 0x0000000085200000|  0%| F|  |TAMS 0x0000000085100000| PB 0x0000000085100000| Untracked 
|  82|0x0000000085200000, 0x0000000085200000, 0x0000000085300000|  0%| F|  |TAMS 0x0000000085200000| PB 0x0000000085200000| Untracked 
|  83|0x0000000085300000, 0x0000000085300000, 0x0000000085400000|  0%| F|  |TAMS 0x0000000085300000| PB 0x0000000085300000| Untracked 
|  84|0x0000000085400000, 0x0000000085400000, 0x0000000085500000|  0%| F|  |TAMS 0x0000000085400000| PB 0x0000000085400000| Untracked 
|  85|0x0000000085500000, 0x0000000085500000, 0x0000000085600000|  0%| F|  |TAMS 0x0000000085500000| PB 0x0000000085500000| Untracked 
|  86|0x0000000085600000, 0x0000000085600000, 0x0000000085700000|  0%| F|  |TAMS 0x0000000085600000| PB 0x0000000085600000| Untracked 
|  87|0x0000000085700000, 0x0000000085700000, 0x0000000085800000|  0%| F|  |TAMS 0x0000000085700000| PB 0x0000000085700000| Untracked 
|  88|0x0000000085800000, 0x0000000085800000, 0x0000000085900000|  0%| F|  |TAMS 0x0000000085800000| PB 0x0000000085800000| Untracked 
|  89|0x0000000085900000, 0x0000000085900000, 0x0000000085a00000|  0%| F|  |TAMS 0x0000000085900000| PB 0x0000000085900000| Untracked 
|  90|0x0000000085a00000, 0x0000000085a385b0, 0x0000000085b00000| 22%| S|CS|TAMS 0x0000000085a00000| PB 0x0000000085a00000| Complete 
|  91|0x0000000085b00000, 0x0000000085c00000, 0x0000000085c00000|100%| S|CS|TAMS 0x0000000085b00000| PB 0x0000000085b00000| Complete 
|  92|0x0000000085c00000, 0x0000000085d00000, 0x0000000085d00000|100%| S|CS|TAMS 0x0000000085c00000| PB 0x0000000085c00000| Complete 
|  93|0x0000000085d00000, 0x0000000085e00000, 0x0000000085e00000|100%| S|CS|TAMS 0x0000000085d00000| PB 0x0000000085d00000| Complete 
|  94|0x0000000085e00000, 0x0000000085f00000, 0x0000000085f00000|100%| S|CS|TAMS 0x0000000085e00000| PB 0x0000000085e00000| Complete 
|  95|0x0000000085f00000, 0x0000000085f00000, 0x0000000086000000|  0%| F|  |TAMS 0x0000000085f00000| PB 0x0000000085f00000| Untracked 
|  96|0x0000000086000000, 0x0000000086000000, 0x0000000086100000|  0%| F|  |TAMS 0x0000000086000000| PB 0x0000000086000000| Untracked 
|  97|0x0000000086100000, 0x0000000086165a68, 0x0000000086200000| 39%| E|  |TAMS 0x0000000086100000| PB 0x0000000086100000| Complete 
|  98|0x0000000086200000, 0x0000000086300000, 0x0000000086300000|100%| E|CS|TAMS 0x0000000086200000| PB 0x0000000086200000| Complete 
|  99|0x0000000086300000, 0x0000000086400000, 0x0000000086400000|100%| E|CS|TAMS 0x0000000086300000| PB 0x0000000086300000| Complete 
| 100|0x0000000086400000, 0x0000000086500000, 0x0000000086500000|100%| E|CS|TAMS 0x0000000086400000| PB 0x0000000086400000| Complete 
| 101|0x0000000086500000, 0x0000000086600000, 0x0000000086600000|100%| E|CS|TAMS 0x0000000086500000| PB 0x0000000086500000| Complete 
| 102|0x0000000086600000, 0x0000000086700000, 0x0000000086700000|100%| E|CS|TAMS 0x0000000086600000| PB 0x0000000086600000| Complete 
| 103|0x0000000086700000, 0x0000000086800000, 0x0000000086800000|100%| E|CS|TAMS 0x0000000086700000| PB 0x0000000086700000| Complete 
| 104|0x0000000086800000, 0x0000000086900000, 0x0000000086900000|100%| E|CS|TAMS 0x0000000086800000| PB 0x0000000086800000| Complete 
| 105|0x0000000086900000, 0x0000000086a00000, 0x0000000086a00000|100%| E|CS|TAMS 0x0000000086900000| PB 0x0000000086900000| Complete 
| 106|0x0000000086a00000, 0x0000000086b00000, 0x0000000086b00000|100%| E|CS|TAMS 0x0000000086a00000| PB 0x0000000086a00000| Complete 
| 107|0x0000000086b00000, 0x0000000086c00000, 0x0000000086c00000|100%| E|CS|TAMS 0x0000000086b00000| PB 0x0000000086b00000| Complete 
| 108|0x0000000086c00000, 0x0000000086d00000, 0x0000000086d00000|100%| E|CS|TAMS 0x0000000086c00000| PB 0x0000000086c00000| Complete 
| 109|0x0000000086d00000, 0x0000000086e00000, 0x0000000086e00000|100%| E|CS|TAMS 0x0000000086d00000| PB 0x0000000086d00000| Complete 
| 110|0x0000000086e00000, 0x0000000086f00000, 0x0000000086f00000|100%| E|CS|TAMS 0x0000000086e00000| PB 0x0000000086e00000| Complete 
| 111|0x0000000086f00000, 0x0000000087000000, 0x0000000087000000|100%| E|CS|TAMS 0x0000000086f00000| PB 0x0000000086f00000| Complete 
| 112|0x0000000087000000, 0x0000000087100000, 0x0000000087100000|100%| E|CS|TAMS 0x0000000087000000| PB 0x0000000087000000| Complete 
| 113|0x0000000087100000, 0x0000000087200000, 0x0000000087200000|100%| E|CS|TAMS 0x0000000087100000| PB 0x0000000087100000| Complete 
| 114|0x0000000087200000, 0x0000000087300000, 0x0000000087300000|100%| E|CS|TAMS 0x0000000087200000| PB 0x0000000087200000| Complete 
| 115|0x0000000087300000, 0x0000000087400000, 0x0000000087400000|100%| E|CS|TAMS 0x0000000087300000| PB 0x0000000087300000| Complete 
| 116|0x0000000087400000, 0x0000000087500000, 0x0000000087500000|100%| E|CS|TAMS 0x0000000087400000| PB 0x0000000087400000| Complete 
| 117|0x0000000087500000, 0x0000000087600000, 0x0000000087600000|100%| E|CS|TAMS 0x0000000087500000| PB 0x0000000087500000| Complete 
| 118|0x0000000087600000, 0x0000000087700000, 0x0000000087700000|100%| E|CS|TAMS 0x0000000087600000| PB 0x0000000087600000| Complete 
| 119|0x0000000087700000, 0x0000000087800000, 0x0000000087800000|100%| E|CS|TAMS 0x0000000087700000| PB 0x0000000087700000| Complete 
| 120|0x0000000087800000, 0x0000000087900000, 0x0000000087900000|100%| E|CS|TAMS 0x0000000087800000| PB 0x0000000087800000| Complete 
| 121|0x0000000087900000, 0x0000000087a00000, 0x0000000087a00000|100%| E|CS|TAMS 0x0000000087900000| PB 0x0000000087900000| Complete 
| 122|0x0000000087a00000, 0x0000000087b00000, 0x0000000087b00000|100%| E|CS|TAMS 0x0000000087a00000| PB 0x0000000087a00000| Complete 
| 123|0x0000000087b00000, 0x0000000087c00000, 0x0000000087c00000|100%| E|CS|TAMS 0x0000000087b00000| PB 0x0000000087b00000| Complete 
| 124|0x0000000087c00000, 0x0000000087d00000, 0x0000000087d00000|100%| E|CS|TAMS 0x0000000087c00000| PB 0x0000000087c00000| Complete 
| 125|0x0000000087d00000, 0x0000000087e00000, 0x0000000087e00000|100%| E|CS|TAMS 0x0000000087d00000| PB 0x0000000087d00000| Complete 
| 126|0x0000000087e00000, 0x0000000087f00000, 0x0000000087f00000|100%| E|CS|TAMS 0x0000000087e00000| PB 0x0000000087e00000| Complete 
| 127|0x0000000087f00000, 0x0000000088000000, 0x0000000088000000|100%| E|CS|TAMS 0x0000000087f00000| PB 0x0000000087f00000| Complete 

Card table byte_map: [0x0000026daea10000,0x0000026daee10000] _byte_map_base: 0x0000026dae610000

Marking Bits: (CMBitMap*) 0x0000026d998b7c00
 Bits: [0x0000026daee10000, 0x0000026db0e10000)

Polling page: 0x0000026d99930000

Metaspace:

Usage:
  Non-class:     17.73 MB used.
      Class:      2.25 MB used.
       Both:     19.97 MB used.

Virtual space:
  Non-class space:       64.00 MB reserved,      17.94 MB ( 28%) committed,  1 nodes.
      Class space:        1.00 GB reserved,       2.44 MB ( <1%) committed,  1 nodes.
             Both:        1.06 GB reserved,      20.38 MB (  2%) committed. 

Chunk freelists:
   Non-Class:  14.08 MB
       Class:  13.52 MB
        Both:  27.60 MB

MaxMetaspaceSize: unlimited
CompressedClassSpaceSize: 1.00 GB
Initial GC threshold: 21.00 MB
Current GC threshold: 21.00 MB
CDS: on
 - commit_granule_bytes: 65536.
 - commit_granule_words: 8192.
 - virtual_space_node_default_size: 8388608.
 - enlarge_chunks_in_place: 1.
 - use_allocation_guard: 0.


Internal statistics:

num_allocs_failed_limit: 0.
num_arena_births: 632.
num_arena_deaths: 0.
num_vsnodes_births: 2.
num_vsnodes_deaths: 0.
num_space_committed: 326.
num_space_uncommitted: 0.
num_chunks_returned_to_freelist: 0.
num_chunks_taken_from_freelist: 1239.
num_chunk_merges: 0.
num_chunk_splits: 807.
num_chunks_enlarged: 452.
num_inconsistent_stats: 0.

CodeHeap 'non-profiled nmethods': size=120000Kb used=1472Kb max_used=1472Kb free=118527Kb
 bounds [0x0000026da6ac0000, 0x0000026da6d30000, 0x0000026dadff0000]
CodeHeap 'profiled nmethods': size=120000Kb used=6432Kb max_used=6432Kb free=113567Kb
 bounds [0x0000026d9eff0000, 0x0000026d9f640000, 0x0000026da6520000]
CodeHeap 'non-nmethods': size=5760Kb used=1547Kb max_used=1621Kb free=4212Kb
 bounds [0x0000026da6520000, 0x0000026da6790000, 0x0000026da6ac0000]
 total_blobs=3874 nmethods=3261 adapters=517
 compilation: enabled
              stopped_count=0, restarted_count=0
 full_count=0

Compilation events (20 events):
Event: 3068.266 Thread 0x0000026db3463a40 3252       1       java.net.StandardSocketOptions$StdSocketOption::type (5 bytes)
Event: 3068.266 Thread 0x0000026db3463a40 nmethod 3252 0x0000026da6c2d190 code [0x0000026da6c2d320, 0x0000026da6c2d3e8]
Event: 3104.954 Thread 0x0000026db3442800 3253       4       java.io.FilterInputStream::read (8 bytes)
Event: 3104.976 Thread 0x0000026db3442800 nmethod 3253 0x0000026da6c2d490 code [0x0000026da6c2d760, 0x0000026da6c2e8c8]
Event: 3204.068 Thread 0x0000026db3442800 3254       4       java.io.DataOutputStream::<init> (19 bytes)
Event: 3204.073 Thread 0x0000026db3442800 nmethod 3254 0x0000026da6c2f390 code [0x0000026da6c2f540, 0x0000026da6c2f9d0]
Event: 3305.530 Thread 0x0000026db3463a40 3255   !   3       java.net.Socket::getImpl (115 bytes)
Event: 3305.532 Thread 0x0000026db3463a40 nmethod 3255 0x0000026d9f633d90 code [0x0000026d9f634080, 0x0000026d9f635108]
Event: 3431.981 Thread 0x0000026db3442800 3256       4       java.util.concurrent.ScheduledThreadPoolExecutor$ScheduledFutureTask::compareTo (101 bytes)
Event: 3431.982 Thread 0x0000026db3442800 nmethod 3256 0x0000026da6c2fb10 code [0x0000026da6c2fca0, 0x0000026da6c2fde8]
Event: 3456.186 Thread 0x0000026db3463a40 3257       3       java.lang.invoke.LambdaForm$MH/0x0000026db527ac00::invoke (60 bytes)
Event: 3456.188 Thread 0x0000026db3463a40 nmethod 3257 0x0000026d9f635890 code [0x0000026d9f635b20, 0x0000026d9f6367c0]
Event: 3465.187 Thread 0x0000026db3442800 3258   !   4       java.io.ObjectOutputStream::writeObject (38 bytes)
Event: 3465.189 Thread 0x0000026db3442800 nmethod 3258 0x0000026da6c2ff10 code [0x0000026da6c300c0, 0x0000026da6c30208]
Event: 3501.199 Thread 0x0000026db3463a40 3259       3       sun.rmi.transport.DGCAckHandler::received (22 bytes)
Event: 3501.200 Thread 0x0000026db3463a40 nmethod 3259 0x0000026d9f636b90 code [0x0000026d9f636d80, 0x0000026d9f637480]
Event: 3501.200 Thread 0x0000026db3463a40 3260   !   3       java.util.Collections$SynchronizedMap::remove (25 bytes)
Event: 3501.200 Thread 0x0000026db3463a40 nmethod 3260 0x0000026d9f637710 code [0x0000026d9f6378c0, 0x0000026d9f637b88]
Event: 3501.200 Thread 0x0000026db3463a40 3261  s    3       sun.rmi.transport.DGCAckHandler::release (29 bytes)
Event: 3501.200 Thread 0x0000026db3463a40 nmethod 3261 0x0000026d9f637d10 code [0x0000026d9f637ec0, 0x0000026d9f6381f8]

GC Heap History (7 events):
Event: 4.551 GC heap before
{Heap before GC invocations=0 (full 0):
 garbage-first heap   total 131072K, used 16384K [0x0000000080000000, 0x0000000100000000)
  region size 1024K, 13 young (13312K), 0 survivors (0K)
 Metaspace       used 4439K, committed 4672K, reserved 1114112K
  class space    used 530K, committed 640K, reserved 1048576K
}
Event: 4.561 GC heap after
{Heap after GC invocations=1 (full 0):
 garbage-first heap   total 131072K, used 8490K [0x0000000080000000, 0x0000000100000000)
  region size 1024K, 2 young (2048K), 2 survivors (2048K)
 Metaspace       used 4439K, committed 4672K, reserved 1114112K
  class space    used 530K, committed 640K, reserved 1048576K
}
Event: 5.578 GC heap before
{Heap before GC invocations=1 (full 0):
 garbage-first heap   total 131072K, used 20778K [0x0000000080000000, 0x0000000100000000)
  region size 1024K, 15 young (15360K), 2 survivors (2048K)
 Metaspace       used 10146K, committed 10560K, reserved 1114112K
  class space    used 1206K, committed 1408K, reserved 1048576K
}
Event: 5.584 GC heap after
{Heap after GC invocations=2 (full 0):
 garbage-first heap   total 131072K, used 10398K [0x0000000080000000, 0x0000000100000000)
  region size 1024K, 2 young (2048K), 2 survivors (2048K)
 Metaspace       used 10146K, committed 10560K, reserved 1114112K
  class space    used 1206K, committed 1408K, reserved 1048576K
}
Event: 153.538 GC heap before
{Heap before GC invocations=2 (full 0):
 garbage-first heap   total 131072K, used 41118K [0x0000000080000000, 0x0000000100000000)
  region size 1024K, 33 young (33792K), 2 survivors (2048K)
 Metaspace       used 20238K, committed 20736K, reserved 1114112K
  class space    used 2296K, committed 2496K, reserved 1048576K
}
Event: 153.550 GC heap after
{Heap after GC invocations=3 (full 0):
 garbage-first heap   total 131072K, used 12958K [0x0000000080000000, 0x0000000100000000)
  region size 1024K, 5 young (5120K), 5 survivors (5120K)
 Metaspace       used 20238K, committed 20736K, reserved 1114112K
  class space    used 2296K, committed 2496K, reserved 1048576K
}
Event: 3600.045 GC heap before
{Heap before GC invocations=3 (full 0):
 garbage-first heap   total 131072K, used 43678K [0x0000000080000000, 0x0000000100000000)
  region size 1024K, 36 young (36864K), 5 survivors (5120K)
 Metaspace       used 20450K, committed 20864K, reserved 1114112K
  class space    used 2299K, committed 2496K, reserved 1048576K
}

Dll operation events (2 events):
Event: 0.032 Loaded shared library E:\IntelliJ IDEA 2024.3.2.2\jbr\bin\java.dll
Event: 0.095 Loaded shared library E:\IntelliJ IDEA 2024.3.2.2\jbr\bin\zip.dll

Deoptimization events (20 events):
Event: 6.563 Thread 0x0000026df9032740 DEOPT PACKING pc=0x0000026d9f3961d6 sp=0x000000ba27cfdf70
Event: 6.563 Thread 0x0000026df9032740 DEOPT UNPACKING pc=0x0000026da6574e42 sp=0x000000ba27cfd408 mode 0
Event: 6.716 Thread 0x0000026df9032740 Uncommon trap: trap_request=0xffffff45 fr.pc=0x0000026da6b4ced0 relative=0x0000000000000d90
Event: 6.716 Thread 0x0000026df9032740 Uncommon trap: reason=unstable_if action=reinterpret pc=0x0000026da6b4ced0 method=jdk.internal.org.objectweb.asm.Frame.execute(IILjdk/internal/org/objectweb/asm/Symbol;Ljdk/internal/org/objectweb/asm/SymbolTable;)V @ 1 c2
Event: 6.716 Thread 0x0000026df9032740 DEOPT PACKING pc=0x0000026da6b4ced0 sp=0x000000ba27cfde80
Event: 6.716 Thread 0x0000026df9032740 DEOPT UNPACKING pc=0x0000026da65746a2 sp=0x000000ba27cfdde8 mode 2
Event: 6.867 Thread 0x0000026df9032740 DEOPT PACKING pc=0x0000026d9f078ac5 sp=0x000000ba27cf9b40
Event: 6.867 Thread 0x0000026df9032740 DEOPT UNPACKING pc=0x0000026da6574e42 sp=0x000000ba27cf8f90 mode 0
Event: 7.030 Thread 0x0000026df9032740 Uncommon trap: trap_request=0xffffff6e fr.pc=0x0000026da6b966e0 relative=0x0000000000000420
Event: 7.172 Thread 0x0000026df9032740 Uncommon trap: reason=loop_limit_check action=maybe_recompile pc=0x0000026da6b966e0 method=java.lang.StringLatin1.indexOf([BI[BII)I @ 37 c2
Event: 7.177 Thread 0x0000026df9032740 DEOPT PACKING pc=0x0000026da6b966e0 sp=0x000000ba27cfcd40
Event: 7.177 Thread 0x0000026df9032740 DEOPT UNPACKING pc=0x0000026da65746a2 sp=0x000000ba27cfcca0 mode 2
Event: 7.273 Thread 0x0000026df9032740 DEOPT PACKING pc=0x0000026d9f24b57d sp=0x000000ba27cfe240
Event: 7.273 Thread 0x0000026df9032740 DEOPT UNPACKING pc=0x0000026da6574e42 sp=0x000000ba27cfd6d8 mode 0
Event: 153.991 Thread 0x0000026df9032740 Uncommon trap: trap_request=0xfffffff4 fr.pc=0x0000026da6bda968 relative=0x0000000000000848
Event: 153.991 Thread 0x0000026df9032740 Uncommon trap: reason=null_check action=make_not_entrant pc=0x0000026da6bda968 method=java.io.ObjectStreamClass.getField(Ljava/lang/String;Ljava/lang/Class;)Ljava/io/ObjectStreamField; @ 67 c2
Event: 153.991 Thread 0x0000026df9032740 DEOPT PACKING pc=0x0000026da6bda968 sp=0x000000ba27cfd110
Event: 153.991 Thread 0x0000026df9032740 DEOPT UNPACKING pc=0x0000026da65746a2 sp=0x000000ba27cfd0b8 mode 2
Event: 367.436 Thread 0x0000026df9032740 DEOPT PACKING pc=0x0000026d9f412899 sp=0x000000ba27cfe040
Event: 367.436 Thread 0x0000026df9032740 DEOPT UNPACKING pc=0x0000026da6574e42 sp=0x000000ba27cfd4b8 mode 0

Classes loaded (20 events):
Event: 7.508 Loading class java/time/chrono/ChronoZonedDateTime done
Event: 7.508 Loading class java/time/ZonedDateTime done
Event: 7.763 Loading class java/util/DualPivotQuicksort
Event: 7.764 Loading class java/util/DualPivotQuicksort done
Event: 7.780 Loading class java/math/MathContext
Event: 7.780 Loading class java/math/MathContext done
Event: 7.781 Loading class java/math/MutableBigInteger
Event: 7.781 Loading class java/math/MutableBigInteger done
Event: 7.784 Loading class java/math/BigDecimal$UnsafeHolder
Event: 7.784 Loading class java/math/BigDecimal$UnsafeHolder done
Event: 7.786 Loading class java/io/ObjectOutputStream$PutFieldImpl
Event: 7.786 Loading class java/io/ObjectOutputStream$PutField
Event: 7.787 Loading class java/io/ObjectOutputStream$PutField done
Event: 7.788 Loading class java/io/ObjectOutputStream$PutFieldImpl done
Event: 20.522 Loading class java/util/ArrayList$ListItr
Event: 20.530 Loading class java/util/ArrayList$ListItr done
Event: 142.006 Loading class java/rmi/server/RemoteObjectInvocationHandler$MethodToHash_Maps$1
Event: 142.006 Loading class java/rmi/server/RemoteObjectInvocationHandler$MethodToHash_Maps$1 done
Event: 153.552 Loading class sun/rmi/transport/DGCClient$EndpointEntry$CleanRequest
Event: 153.552 Loading class sun/rmi/transport/DGCClient$EndpointEntry$CleanRequest done

Classes unloaded (0 events):
No events

Classes redefined (0 events):
No events

Internal exceptions (20 events):
Event: 6.472 Thread 0x0000026df9032740 Exception <a 'java/lang/NoSuchMethodError'{0x00000000873c51c0}: 'void java.lang.invoke.DelegatingMethodHandle$Holder.reinvoke_L(java.lang.Object, java.lang.Object, int)'> (0x00000000873c51c0) 
thrown [s\src\hotspot\share\interpreter\linkResolver.cpp, line 784]
Event: 6.473 Thread 0x0000026df9032740 Exception <a 'java/lang/NoSuchMethodError'{0x00000000873cbb10}: 'int java.lang.invoke.Invokers$Holder.invokeExact_MT(java.lang.Object, java.lang.Object, java.lang.Object)'> (0x00000000873cbb10) 
thrown [s\src\hotspot\share\interpreter\linkResolver.cpp, line 784]
Event: 6.507 Thread 0x0000026df9032740 Exception <a 'java/lang/NoSuchMethodError'{0x0000000087239970}: 'void java.lang.invoke.DelegatingMethodHandle$Holder.reinvoke_L(java.lang.Object, java.lang.Object, long)'> (0x0000000087239970) 
thrown [s\src\hotspot\share\interpreter\linkResolver.cpp, line 784]
Event: 6.507 Thread 0x0000026df9032740 Exception <a 'java/lang/NoSuchMethodError'{0x0000000087240570}: 'long java.lang.invoke.Invokers$Holder.invokeExact_MT(java.lang.Object, java.lang.Object, java.lang.Object)'> (0x0000000087240570) 
thrown [s\src\hotspot\share\interpreter\linkResolver.cpp, line 784]
Event: 6.665 Thread 0x0000026df9032740 Exception <a 'java/lang/NoSuchMethodError'{0x0000000087150af8}: 'java.lang.Object java.lang.invoke.DirectMethodHandle$Holder.invokeInterface(java.lang.Object, java.lang.Object, java.lang.Object)'> (0x0000000087150af8) 
thrown [s\src\hotspot\share\interpreter\linkResolver.cpp, line 784]
Event: 6.673 Thread 0x0000026df9032740 Exception <a 'java/lang/NoSuchMethodError'{0x0000000087185440}: static [Ljava/lang/StackTraceElement;.<clinit>()V> (0x0000000087185440) 
thrown [s\src\hotspot\share\prims\jni.cpp, line 1135]
Event: 6.686 Thread 0x0000026df9032740 Exception <a 'java/lang/NoSuchMethodError'{0x00000000871991a0}: 'void java.lang.invoke.DirectMethodHandle$Holder.invokeInterface(java.lang.Object, java.lang.Object, java.lang.Object, java.lang.Object)'> (0x00000000871991a0) 
thrown [s\src\hotspot\share\interpreter\linkResolver.cpp, line 784]
Event: 6.687 Thread 0x0000026df9032740 Exception <a 'java/lang/NoSuchMethodError'{0x000000008719d4e8}: 'void java.lang.invoke.DirectMethodHandle$Holder.invokeSpecial(java.lang.Object, java.lang.Object, java.lang.Object, java.lang.Object, java.lang.Object)'> (0x000000008719d4e8) 
thrown [s\src\hotspot\share\interpreter\linkResolver.cpp, line 784]
Event: 6.689 Thread 0x0000026df9032740 Exception <a 'java/lang/NoSuchMethodError'{0x00000000871aba40}: 'java.lang.Object java.lang.invoke.Invokers$Holder.invokeExact_MT(java.lang.Object, java.lang.Object, java.lang.Object, java.lang.Object, java.lang.Object)'> (0x00000000871aba40) 
thrown [s\src\hotspot\share\interpreter\linkResolver.cpp, line 784]
Event: 6.777 Thread 0x0000026df9032740 Exception <a 'java/lang/NoSuchMethodError'{0x0000000086d3ede0}: 'int java.lang.invoke.DirectMethodHandle$Holder.invokeInterface(java.lang.Object, java.lang.Object, int)'> (0x0000000086d3ede0) 
thrown [s\src\hotspot\share\interpreter\linkResolver.cpp, line 784]
Event: 6.778 Thread 0x0000026df9032740 Exception <a 'java/lang/NoSuchMethodError'{0x0000000086d42f48}: 'int java.lang.invoke.DirectMethodHandle$Holder.invokeSpecial(java.lang.Object, java.lang.Object, java.lang.Object, int)'> (0x0000000086d42f48) 
thrown [s\src\hotspot\share\interpreter\linkResolver.cpp, line 784]
Event: 6.781 Thread 0x0000026df9032740 Exception <a 'java/lang/NoSuchMethodError'{0x0000000086d55470}: 'java.lang.Object java.lang.invoke.DirectMethodHandle$Holder.invokeStatic(java.lang.Object, java.lang.Object, java.lang.Object, java.lang.Object, int)'> (0x0000000086d55470) 
thrown [s\src\hotspot\share\interpreter\linkResolver.cpp, line 784]
Event: 6.794 Thread 0x0000026df9032740 Exception <a 'java/lang/NoSuchMethodError'{0x0000000086d8e990}: 'void java.lang.invoke.DirectMethodHandle$Holder.invokeInterface(java.lang.Object, java.lang.Object, int)'> (0x0000000086d8e990) 
thrown [s\src\hotspot\share\interpreter\linkResolver.cpp, line 784]
Event: 7.340 Thread 0x0000026df9032740 Exception <a 'java/lang/NoSuchMethodError'{0x00000000868a10e8}: 'void java.lang.invoke.DirectMethodHandle$Holder.invokeInterface(java.lang.Object, java.lang.Object)'> (0x00000000868a10e8) 
thrown [s\src\hotspot\share\interpreter\linkResolver.cpp, line 784]
Event: 7.683 Thread 0x0000026df9032740 Exception <a 'java/lang/NoSuchMethodError'{0x00000000865ee500}: 'java.lang.Object java.lang.invoke.DirectMethodHandle$Holder.invokeInterface(java.lang.Object, java.lang.Object, int)'> (0x00000000865ee500) 
thrown [s\src\hotspot\share\interpreter\linkResolver.cpp, line 784]
Event: 7.755 Thread 0x0000026df9032740 Exception <a 'java/lang/NoSuchMethodError'{0x000000008648cd80}: 'int java.lang.invoke.DirectMethodHandle$Holder.invokeInterface(java.lang.Object, java.lang.Object, int, int)'> (0x000000008648cd80) 
thrown [s\src\hotspot\share\interpreter\linkResolver.cpp, line 784]
Event: 7.756 Thread 0x0000026df9032740 Exception <a 'java/lang/NoSuchMethodError'{0x0000000086493b68}: 'int java.lang.invoke.DelegatingMethodHandle$Holder.reinvoke_L(java.lang.Object, java.lang.Object, int, int)'> (0x0000000086493b68) 
thrown [s\src\hotspot\share\interpreter\linkResolver.cpp, line 784]
Event: 7.762 Thread 0x0000026df9032740 Exception <a 'java/lang/NoSuchMethodError'{0x00000000864aa8c0}: static Lcom/intellij/database/remote/jdbc/RemoteResultSet$DataRetrievingOptions;.<clinit>()V> (0x00000000864aa8c0) 
thrown [s\src\hotspot\share\prims\jni.cpp, line 1135]
Event: 7.778 Thread 0x0000026df9032740 Exception <a 'java/lang/NoSuchMethodError'{0x00000000864cb590}: static [Ljava/lang/Object;.<clinit>()V> (0x00000000864cb590) 
thrown [s\src\hotspot\share\prims\jni.cpp, line 1135]
Event: 153.991 Thread 0x0000026df9032740 Implicit null exception at 0x0000026da6bda1ea to 0x0000026da6bda93c

ZGC Phase Switch (0 events):
No events

VM Operations (20 events):
Event: 1252.207 Executing VM operation: Cleanup done
Event: 1261.213 Executing VM operation: Cleanup
Event: 1261.213 Executing VM operation: Cleanup done
Event: 1284.226 Executing VM operation: Cleanup
Event: 1284.226 Executing VM operation: Cleanup done
Event: 1333.250 Executing VM operation: Cleanup
Event: 1333.250 Executing VM operation: Cleanup done
Event: 1351.259 Executing VM operation: Cleanup
Event: 1351.259 Executing VM operation: Cleanup done
Event: 1375.273 Executing VM operation: Cleanup
Event: 1375.273 Executing VM operation: Cleanup done
Event: 1477.326 Executing VM operation: Cleanup
Event: 1477.326 Executing VM operation: Cleanup done
Event: 1806.509 Executing VM operation: Cleanup
Event: 1806.509 Executing VM operation: Cleanup done
Event: 2294.778 Executing VM operation: Cleanup
Event: 2294.779 Executing VM operation: Cleanup done
Event: 2769.019 Executing VM operation: Cleanup
Event: 2769.019 Executing VM operation: Cleanup done
Event: 3600.044 Executing VM operation: G1CollectFull (System.gc())

Memory protections (0 events):
No events

Nmethod flushes (0 events):
No events

Events (20 events):
Event: 668.259 Thread 0x0000026df951b810 Thread added: 0x0000026df92a8800
Event: 743.269 Thread 0x0000026df92a8800 Thread exited: 0x0000026df92a8800
Event: 968.256 Thread 0x0000026df951b810 Thread added: 0x0000026df92a8800
Event: 1043.260 Thread 0x0000026df92a8800 Thread exited: 0x0000026df92a8800
Event: 1268.256 Thread 0x0000026df951b810 Thread added: 0x0000026df92a8800
Event: 1343.260 Thread 0x0000026df92a8800 Thread exited: 0x0000026df92a8800
Event: 1568.258 Thread 0x0000026df951b810 Thread added: 0x0000026df92a8800
Event: 1643.263 Thread 0x0000026df92a8800 Thread exited: 0x0000026df92a8800
Event: 1868.260 Thread 0x0000026df951b810 Thread added: 0x0000026df92a8800
Event: 1943.265 Thread 0x0000026df92a8800 Thread exited: 0x0000026df92a8800
Event: 2168.261 Thread 0x0000026df951b810 Thread added: 0x0000026df92a9520
Event: 2243.265 Thread 0x0000026df92a9520 Thread exited: 0x0000026df92a9520
Event: 2468.263 Thread 0x0000026df951b810 Thread added: 0x0000026df92a60a0
Event: 2543.268 Thread 0x0000026df92a60a0 Thread exited: 0x0000026df92a60a0
Event: 2768.265 Thread 0x0000026df951b810 Thread added: 0x0000026df92a8800
Event: 2843.268 Thread 0x0000026df92a8800 Thread exited: 0x0000026df92a8800
Event: 3068.266 Thread 0x0000026df951b810 Thread added: 0x0000026df92a8800
Event: 3143.270 Thread 0x0000026df92a8800 Thread exited: 0x0000026df92a8800
Event: 3368.267 Thread 0x0000026df951b810 Thread added: 0x0000026df92a8800
Event: 3443.272 Thread 0x0000026df92a8800 Thread exited: 0x0000026df92a8800


Dynamic libraries:
0x00007ff786a00000 - 0x00007ff786a0a000 	E:\IntelliJ IDEA 2024.3.2.2\jbr\bin\java.exe
0x00007ffc8e970000 - 0x00007ffc8eb68000 	C:\Windows\SYSTEM32\ntdll.dll
0x00007ffc8d1e0000 - 0x00007ffc8d2a2000 	C:\Windows\System32\KERNEL32.DLL
0x00007ffc8c2b0000 - 0x00007ffc8c5af000 	C:\Windows\System32\KERNELBASE.dll
0x00007ffc8c7e0000 - 0x00007ffc8c8e0000 	C:\Windows\System32\ucrtbase.dll
0x00007ffc5ba80000 - 0x00007ffc5ba98000 	E:\IntelliJ IDEA 2024.3.2.2\jbr\bin\jli.dll
0x00007ffc8d8a0000 - 0x00007ffc8da3d000 	C:\Windows\System32\USER32.dll
0x00007ffc8c280000 - 0x00007ffc8c2a2000 	C:\Windows\System32\win32u.dll
0x00007ffc8def0000 - 0x00007ffc8df1b000 	C:\Windows\System32\GDI32.dll
0x00007ffc8c160000 - 0x00007ffc8c27a000 	C:\Windows\System32\gdi32full.dll
0x00007ffc8c740000 - 0x00007ffc8c7dd000 	C:\Windows\System32\msvcp_win.dll
0x00007ffc73c30000 - 0x00007ffc73eca000 	C:\Windows\WinSxS\amd64_microsoft.windows.common-controls_6595b64144ccf1df_6.0.19041.4355_none_60b8b9eb71f62e16\COMCTL32.dll
0x00007ffc8ddb0000 - 0x00007ffc8de4e000 	C:\Windows\System32\msvcrt.dll
0x00007ffc84e30000 - 0x00007ffc84e4b000 	E:\IntelliJ IDEA 2024.3.2.2\jbr\bin\VCRUNTIME140.dll
0x00007ffc8c990000 - 0x00007ffc8c9bf000 	C:\Windows\System32\IMM32.DLL
0x00007ffc86080000 - 0x00007ffc8608c000 	E:\IntelliJ IDEA 2024.3.2.2\jbr\bin\vcruntime140_1.dll
0x00007ffc48590000 - 0x00007ffc4861d000 	E:\IntelliJ IDEA 2024.3.2.2\jbr\bin\msvcp140.dll
0x00007ffc00160000 - 0x00007ffc00f21000 	E:\IntelliJ IDEA 2024.3.2.2\jbr\bin\server\jvm.dll
0x00007ffc8d130000 - 0x00007ffc8d1df000 	C:\Windows\System32\ADVAPI32.dll
0x00007ffc8da40000 - 0x00007ffc8dadf000 	C:\Windows\System32\sechost.dll
0x00007ffc8dae0000 - 0x00007ffc8dc03000 	C:\Windows\System32\RPCRT4.dll
0x00007ffc8c5b0000 - 0x00007ffc8c5d7000 	C:\Windows\System32\bcrypt.dll
0x00007ffc8cff0000 - 0x00007ffc8d05b000 	C:\Windows\System32\WS2_32.dll
0x00007ffc8b5a0000 - 0x00007ffc8b5eb000 	C:\Windows\SYSTEM32\POWRPROF.dll
0x00007ffc699f0000 - 0x00007ffc69a17000 	C:\Windows\SYSTEM32\WINMM.dll
0x00007ffc84290000 - 0x00007ffc8429a000 	C:\Windows\SYSTEM32\VERSION.dll
0x00007ffc8b410000 - 0x00007ffc8b422000 	C:\Windows\SYSTEM32\UMPDC.dll
0x00007ffc89db0000 - 0x00007ffc89dc2000 	C:\Windows\SYSTEM32\kernel.appcore.dll
0x00007ffc85a20000 - 0x00007ffc85a2a000 	E:\IntelliJ IDEA 2024.3.2.2\jbr\bin\jimage.dll
0x00007ffc81980000 - 0x00007ffc81b64000 	C:\Windows\SYSTEM32\DBGHELP.DLL
0x00007ffc81640000 - 0x00007ffc81674000 	C:\Windows\SYSTEM32\dbgcore.DLL
0x00007ffc8c080000 - 0x00007ffc8c102000 	C:\Windows\System32\bcryptPrimitives.dll
0x00007ffc84e10000 - 0x00007ffc84e30000 	E:\IntelliJ IDEA 2024.3.2.2\jbr\bin\java.dll
0x00007ffc8e1c0000 - 0x00007ffc8e92d000 	C:\Windows\System32\SHELL32.dll
0x00007ffc8a090000 - 0x00007ffc8a834000 	C:\Windows\SYSTEM32\windows.storage.dll
0x00007ffc8cb60000 - 0x00007ffc8ceb5000 	C:\Windows\System32\combase.dll
0x00007ffc8ba40000 - 0x00007ffc8ba6f000 	C:\Windows\SYSTEM32\Wldp.dll
0x00007ffc8d060000 - 0x00007ffc8d12d000 	C:\Windows\System32\OLEAUT32.dll
0x00007ffc8d7f0000 - 0x00007ffc8d89d000 	C:\Windows\System32\SHCORE.dll
0x00007ffc8df20000 - 0x00007ffc8df75000 	C:\Windows\System32\shlwapi.dll
0x00007ffc8bf40000 - 0x00007ffc8bf64000 	C:\Windows\SYSTEM32\profapi.dll
0x00007ffc84df0000 - 0x00007ffc84e08000 	E:\IntelliJ IDEA 2024.3.2.2\jbr\bin\zip.dll
0x00007ffc84de0000 - 0x00007ffc84df0000 	E:\IntelliJ IDEA 2024.3.2.2\jbr\bin\net.dll
0x00007ffc7b270000 - 0x00007ffc7b37a000 	C:\Windows\SYSTEM32\WINHTTP.dll
0x00007ffc8b7a0000 - 0x00007ffc8b80c000 	C:\Windows\system32\mswsock.dll
0x00007ffc71570000 - 0x00007ffc71586000 	E:\IntelliJ IDEA 2024.3.2.2\jbr\bin\nio.dll
0x00007ffc5beb0000 - 0x00007ffc5beb9000 	E:\IntelliJ IDEA 2024.3.2.2\jbr\bin\management.dll
0x00007ffc5abc0000 - 0x00007ffc5abcb000 	E:\IntelliJ IDEA 2024.3.2.2\jbr\bin\management_ext.dll
0x00007ffc8de50000 - 0x00007ffc8de58000 	C:\Windows\System32\PSAPI.DLL
0x00007ffc8b430000 - 0x00007ffc8b46b000 	C:\Windows\SYSTEM32\IPHLPAPI.DLL
0x00007ffc8e130000 - 0x00007ffc8e138000 	C:\Windows\System32\NSI.dll
0x00007ffc8b990000 - 0x00007ffc8b9a8000 	C:\Windows\SYSTEM32\CRYPTSP.dll
0x00007ffc8b050000 - 0x00007ffc8b084000 	C:\Windows\system32\rsaenh.dll
0x00007ffc8bec0000 - 0x00007ffc8beee000 	C:\Windows\SYSTEM32\USERENV.dll
0x00007ffc8b9b0000 - 0x00007ffc8b9bc000 	C:\Windows\SYSTEM32\CRYPTBASE.dll
0x00007ffc71540000 - 0x00007ffc71549000 	E:\IntelliJ IDEA 2024.3.2.2\jbr\bin\extnet.dll
0x00007ffc86090000 - 0x00007ffc86097000 	E:\IntelliJ IDEA 2024.3.2.2\jbr\bin\rmi.dll
0x00007ffc8b480000 - 0x00007ffc8b54a000 	C:\Windows\SYSTEM32\DNSAPI.dll
0x00007ffc79ad0000 - 0x00007ffc79ada000 	C:\Windows\System32\rasadhlp.dll
0x00007ffc79710000 - 0x00007ffc79790000 	C:\Windows\System32\fwpuclnt.dll
0x00007ffc6e930000 - 0x00007ffc6e947000 	C:\Windows\system32\napinsp.dll
0x00007ffc6e910000 - 0x00007ffc6e92b000 	C:\Windows\system32\pnrpnsp.dll
0x00007ffc88940000 - 0x00007ffc88955000 	C:\Windows\system32\wshbth.dll
0x00007ffc86a20000 - 0x00007ffc86a3d000 	C:\Windows\system32\NLAapi.dll
0x00007ffc6e8f0000 - 0x00007ffc6e902000 	C:\Windows\System32\winrnr.dll

dbghelp: loaded successfully - version: 4.0.5 - missing functions: none
symbol engine: initialized successfully - sym options: 0x614 - pdb path: .;E:\IntelliJ IDEA 2024.3.2.2\jbr\bin;C:\Windows\SYSTEM32;C:\Windows\WinSxS\amd64_microsoft.windows.common-controls_6595b64144ccf1df_6.0.19041.4355_none_60b8b9eb71f62e16;E:\IntelliJ IDEA 2024.3.2.2\jbr\bin\server

VM Arguments:
jvm_args: -Djava.rmi.server.hostname=127.0.0.1 -Duser.timezone=UTC -Xmx2048m -Xms128m -Djdbc.classpath=C:\Users\Clone\AppData\Local\Temp\RemoteDriver6.classpath.txt --add-exports=java.desktop/sun.awt=ALL-UNNAMED --add-exports=java.desktop/java.awt.peer=ALL-UNNAMED --add-opens=java.desktop/java.awt=ALL-UNNAMED --add-opens=jdk.unsupported/sun.misc=ALL-UNNAMED --add-opens=java.base/java.nio=ALL-UNNAMED --add-opens=java.base/java.util=ALL-UNNAMED -Dfile.encoding=UTF-8 -Dsun.stdout.encoding=UTF-8 -Dsun.stderr.encoding=UTF-8 
java_command: com.intellij.database.remote.RemoteJdbcServer oracle.jdbc.OracleDriver
java_class_path (initial): E:\IntelliJ IDEA 2024.3.2.2\lib\util_rt.jar;E:\IntelliJ IDEA 2024.3.2.2\lib\util-8.jar;E:\IntelliJ IDEA 2024.3.2.2\lib\groovy.jar;E:\IntelliJ IDEA 2024.3.2.2\plugins\DatabaseTools\lib\jdbc-console.jar;E:\IntelliJ IDEA 2024.3.2.2\plugins\grid-core-impl\lib\jdbc-console-types.jar;E:\IntelliJ IDEA 2024.3.2.2\lib\util.jar;E:\IntelliJ IDEA 2024.3.2.2\lib\bouncy-castle.jar
Launcher Type: SUN_STANDARD

[Global flags]
     intx CICompilerCount                          = 3                                         {product} {ergonomic}
     uint ConcGCThreads                            = 1                                         {product} {ergonomic}
     uint G1ConcRefinementThreads                  = 4                                         {product} {ergonomic}
   size_t G1HeapRegionSize                         = 1048576                                   {product} {ergonomic}
    uintx GCDrainStackTargetSize                   = 64                                        {product} {ergonomic}
   size_t InitialHeapSize                          = 134217728                                 {product} {command line}
   size_t MarkStackSize                            = 4194304                                   {product} {ergonomic}
   size_t MaxHeapSize                              = 2147483648                                {product} {command line}
   size_t MaxNewSize                               = 1287651328                                {product} {ergonomic}
   size_t MinHeapDeltaBytes                        = 1048576                                   {product} {ergonomic}
   size_t MinHeapSize                              = 134217728                                 {product} {command line}
    uintx NonNMethodCodeHeapSize                   = 5832780                                {pd product} {ergonomic}
    uintx NonProfiledCodeHeapSize                  = 122912730                              {pd product} {ergonomic}
    uintx ProfiledCodeHeapSize                     = 122912730                              {pd product} {ergonomic}
    uintx ReservedCodeCacheSize                    = 251658240                              {pd product} {ergonomic}
     bool SegmentedCodeCache                       = true                                      {product} {ergonomic}
   size_t SoftMaxHeapSize                          = 2147483648                             {manageable} {ergonomic}
     bool UseCompressedOops                        = true                           {product lp64_product} {ergonomic}
     bool UseG1GC                                  = true                                      {product} {ergonomic}
     bool UseLargePagesIndividualAllocation        = false                                  {pd product} {ergonomic}

Logging:
Log output configuration:
 #0: stdout all=warning uptime,level,tags foldmultilines=false
 #1: stderr all=off uptime,level,tags foldmultilines=false

Environment Variables:
JAVA_HOME=C:\Program Files\Java\jdk-22
PATH=E:\App\db_home\bin;C:\Program Files\Common Files\Oracle\Java\javapath;C:\Program Files (x86)\Common Files\Oracle\Java\java8path;C:\Program Files (x86)\Common Files\Oracle\Java\javapath;C:\Windows\system32;C:\Windows;C:\Windows\System32\Wbem;C:\Windows\System32\WindowsPowerShell\v1.0\;C:\Windows\System32\OpenSSH\;";c:\Program Files\Git\bin;";C:\Program Files\WireGuard\;C:\Program Files\Microsoft SQL Server\150\Tools\Binn\;C:\Program Files (x86)\Microsoft SQL Server\160\Tools\Binn\;C:\Program Files\Microsoft SQL Server\160\Tools\Binn\;C:\Program Files\Microsoft SQL Server\Client SDK\ODBC\170\Tools\Binn\;C:\Program Files\Microsoft SQL Server\160\DTS\Binn\;C:\Program Files\nodejs\;C:\ProgramData\chocolatey\bin;C:\Program Files\apache-maven-3.9.4\bin;C:\Program Files\PostgreSQL\16\bin;C:\Program Files\PostgreSQL\16\lib;C:\Python311;C:\Program Files\Java\jdk-17\bin;C:\Program Files\Java\jdk-22\bin;C:\Program Files\Git\cmd;C:\Program Files\TortoiseGit\bin;C:\Python311\Scripts\;C:\Python311\;C:\Users\Clone\AppData\Local\Programs\Python\Python311\Scripts\;C:\Users\Clone\AppData\Local\Programs\Python\Python311\;C:\Users\Clone\AppData\Local\Microsoft\WindowsApps;C:\Program Files\Git\bin;";c:\Program Files\Git\bin;";C:\Program Files\JetBrains\DataGrip 2023.1.2\bin;;C:\Program Files\JetBrains\PyCharm Community Edition 2023.1.2\bin;;C:\Users\Clone\AppData\Roaming\npm;C:\Users\Clone\AppData\Local\Programs\Microsoft VS Code\bin;E:\IntelliJ IDEA 2024.3.2.2\bin;
USERNAME=Clone
OS=Windows_NT
PROCESSOR_IDENTIFIER=Intel64 Family 6 Model 78 Stepping 3, GenuineIntel
TMP=C:\Users\Clone\AppData\Local\Temp
TEMP=C:\Users\Clone\AppData\Local\Temp




Periodic native trim disabled

JNI global refs:
JNI global refs: 16, weak refs: 0

JNI global refs memory usage: 835, weak refs: 833

Process memory usage:
Resident Set Size: 51820K (0% of 8027508K total physical memory with 522124K free physical memory)

OOME stack traces (most recent first):
Classloader memory used:
Loader bootstrap                                                                       : 9876K
Loader com.intellij.database.remote.jdbc.impl.JdbcClassLoader$JdbcClassLoaderImpl      : 7041K
Loader jdk.internal.loader.ClassLoaders$AppClassLoader                                 : 3014K
Loader jdk.internal.loader.ClassLoaders$PlatformClassLoader                            : 366K
Loader jdk.internal.reflect.DelegatingClassLoader                                      : 138K
Loader com.intellij.database.remote.jdbc.impl.JdbcClassLoader$1                        : 13008B

---------------  S Y S T E M  ---------------

OS:
 Windows 10 , 64 bit Build 19041 (10.0.19041.5438)
OS uptime: 0 days 9:50 hours

CPU: total 4 (initial active 4) (2 cores per cpu, 2 threads per core) family 6 model 78 stepping 3 microcode 0xcc, cx8, cmov, fxsr, ht, mmx, 3dnowpref, sse, sse2, sse3, ssse3, sse4.1, sse4.2, popcnt, lzcnt, tsc, tscinvbit, avx, avx2, aes, erms, clmul, bmi1, bmi2, rtm, adx, fma, vzeroupper, clflush, clflushopt, rdtscp, f16c
Processor Information for all 4 processors :
  Max Mhz: 2496, Current Mhz: 2396, Mhz Limit: 2396

Memory: 4k page, system-wide physical 7839M (507M free)
TotalPageFile size 23101M (AvailPageFile size 4M)
current process WorkingSet (physical memory assigned to process): 54M, peak: 146M
current process commit charge ("private bytes"): 236M, peak: 262M

vm_info: OpenJDK 64-Bit Server VM (21.0.5+8-b631.30) for windows-amd64 JRE (21.0.5+8-b631.30), built on 2024-12-06 by "builduser" with MS VC++ 16.10 / 16.11 (VS2019)

END.
