#
# There is insufficient memory for the Java Runtime Environment to continue.
# Native memory allocation (mmap) failed to map 130023424 bytes. Error detail: G1 virtual space
# Possible reasons:
#   The system is out of physical RAM or swap space
#   This process is running with CompressedOops enabled, and the Java Heap may be blocking the growth of the native heap
# Possible solutions:
#   Reduce memory load on the system
#   Increase physical memory or swap space
#   Check if swap backing store is full
#   Decrease Java heap size (-Xmx/-Xms)
#   Decrease number of Java threads
#   Decrease Java thread stack sizes (-Xss)
#   Set larger code cache with -XX:ReservedCodeCacheSize=
#   JVM is running with Unscaled Compressed Oops mode in which the Java heap is
#     placed in the first 4GB address space. The Java Heap base address is the
#     maximum limit for the native heap growth. Please use -XX:HeapBaseMinAddress
#     to set the Java Heap base and to place the Java Heap above 4GB virtual address.
# This output file may be truncated or incomplete.
#
#  Out of Memory Error (os_windows.cpp:3828), pid=22800, tid=10352
#
# JRE version:  (21.0.5+8) (build )
# Java VM: OpenJDK 64-Bit Server VM (21.0.5+8-b631.30, mixed mode, sharing, tiered, compressed oops, compressed class ptrs, g1 gc, windows-amd64)
# No core dump will be written. Minidumps are not enabled by default on client versions of Windows
#

---------------  S U M M A R Y ------------

Command Line: git4idea.http.GitAskPassApp Username for 'https://github.com': 

Host: Intel(R) Core(TM) i5-6300U CPU @ 2.40GHz, 4 cores, 7G,  Windows 10 , 64 bit Build 19041 (10.0.19041.5438)
Time: Mon Feb 17 08:25:56 2025 West Asia Standard Time elapsed time: 0.012085 seconds (0d 0h 0m 0s)

---------------  T H R E A D  ---------------

Current thread (0x000002beb7522a00):  JavaThread "Unknown thread" [_thread_in_vm, id=10352, stack(0x000000ec37b00000,0x000000ec37c00000) (1024K)]

Stack: [0x000000ec37b00000,0x000000ec37c00000]
Native frames: (J=compiled Java code, j=interpreted, Vv=VM code, C=native code)
V  [jvm.dll+0x6e52b9]
V  [jvm.dll+0x8c3633]
V  [jvm.dll+0x8c5b8e]
V  [jvm.dll+0x8c6273]
V  [jvm.dll+0x288f46]
V  [jvm.dll+0x6e1a35]
V  [jvm.dll+0x6d5e3a]
V  [jvm.dll+0x3634bb]
V  [jvm.dll+0x36b086]
V  [jvm.dll+0x3bd346]
V  [jvm.dll+0x3bd618]
V  [jvm.dll+0x335c2c]
V  [jvm.dll+0x33691b]
V  [jvm.dll+0x88aa89]
V  [jvm.dll+0x3ca518]
V  [jvm.dll+0x873b98]
V  [jvm.dll+0x45eede]
V  [jvm.dll+0x460bc1]
C  [jli.dll+0x52ab]
C  [ucrtbase.dll+0x21bb2]
C  [KERNEL32.DLL+0x17374]
C  [ntdll.dll+0x4cc91]


---------------  P R O C E S S  ---------------

Threads class SMR info:
_java_thread_list=0x00007ffc00dba148, length=0, elements={
}

Java Threads: ( => current thread )
Total: 0

Other Threads:
  0x000002beb97629f0 WorkerThread "GC Thread#0"                     [id=27268, stack(0x000000ec37c00000,0x000000ec37d00000) (1024K)]
  0x000002beb9773fa0 ConcurrentGCThread "G1 Main Marker"            [id=27472, stack(0x000000ec37d00000,0x000000ec37e00000) (1024K)]
  0x000002beb9775150 WorkerThread "G1 Conc#0"                       [id=24040, stack(0x000000ec37e00000,0x000000ec37f00000) (1024K)]

[error occurred during error reporting (printing all threads), id 0xc0000005, EXCEPTION_ACCESS_VIOLATION (0xc0000005) at pc=0x00007ffc004a8ce7]
VM state: not at safepoint (not fully initialized)

VM Mutex/Monitor currently owned by a thread:  ([mutex/lock_event])
[0x00007ffc00e2eb30] Heap_lock - owner thread: 0x000002beb7522a00

Heap address: 0x0000000085800000, size: 1960 MB, Compressed Oops mode: 32-bit

CDS archive(s) mapped at: [0x0000000000000000-0x0000000000000000-0x0000000000000000), size 0, SharedBaseAddress: 0x0000000800000000, ArchiveRelocationMode: 1.
Narrow klass base: 0x0000000000000000, Narrow klass shift: 0, Narrow klass range: 0x0

GC Precious Log:
 CardTable entry size: 512
 Card Set container configuration: InlinePtr #cards 5 size 8 Array Of Cards #cards 12 size 40 Howl #buckets 4 coarsen threshold 1843 Howl Bitmap #cards 512 size 80 coarsen threshold 460 Card regions per heap region 1 cards per card region 2048

Heap:
 garbage-first heap   total 0K, used 0K [0x0000000085800000, 0x0000000100000000)
  region size 1024K, 0 young (0K), 0 survivors (0K)
 Metaspace       used 0K, committed 0K, reserved 0K
  class space    used 0K, committed 0K, reserved 0K

Heap Regions: E=young(eden), S=young(survivor), O=old, HS=humongous(starts), HC=humongous(continues), CS=collection set, F=free, TAMS=top-at-mark-start, PB=parsable bottom

Card table byte_map: [0x000002becca90000,0x000002becce70000] _byte_map_base: 0x000002becc664000

Marking Bits: (CMBitMap*) 0x000002beb9763000
 Bits: [0x000002becce70000, 0x000002beced10000)

GC Heap History (0 events):
No events

Dll operation events (1 events):
Event: 0.007 Loaded shared library E:\IntelliJ IDEA 2024.3.2.2\jbr\bin\java.dll

Deoptimization events (0 events):
No events

Classes loaded (0 events):
No events

Classes unloaded (0 events):
No events

Classes redefined (0 events):
No events

Internal exceptions (0 events):
No events

ZGC Phase Switch (0 events):
No events

VM Operations (0 events):
No events

Memory protections (0 events):
No events

Nmethod flushes (0 events):
No events

Events (0 events):
No events


Dynamic libraries:
0x00007ff786a00000 - 0x00007ff786a0a000 	E:\IntelliJ IDEA 2024.3.2.2\jbr\bin\java.exe
0x00007ffc8e970000 - 0x00007ffc8eb68000 	C:\Windows\SYSTEM32\ntdll.dll
0x00007ffc8d1e0000 - 0x00007ffc8d2a2000 	C:\Windows\System32\KERNEL32.DLL
0x00007ffc8c2b0000 - 0x00007ffc8c5af000 	C:\Windows\System32\KERNELBASE.dll
0x00007ffc8c7e0000 - 0x00007ffc8c8e0000 	C:\Windows\System32\ucrtbase.dll
0x00007ffc84e30000 - 0x00007ffc84e4b000 	E:\IntelliJ IDEA 2024.3.2.2\jbr\bin\VCRUNTIME140.dll
0x00007ffc736f0000 - 0x00007ffc73708000 	E:\IntelliJ IDEA 2024.3.2.2\jbr\bin\jli.dll
0x00007ffc8d8a0000 - 0x00007ffc8da3d000 	C:\Windows\System32\USER32.dll
0x00007ffc8c280000 - 0x00007ffc8c2a2000 	C:\Windows\System32\win32u.dll
0x00007ffc73c30000 - 0x00007ffc73eca000 	C:\Windows\WinSxS\amd64_microsoft.windows.common-controls_6595b64144ccf1df_6.0.19041.4355_none_60b8b9eb71f62e16\COMCTL32.dll
0x00007ffc8def0000 - 0x00007ffc8df1b000 	C:\Windows\System32\GDI32.dll
0x00007ffc8ddb0000 - 0x00007ffc8de4e000 	C:\Windows\System32\msvcrt.dll
0x00007ffc8c160000 - 0x00007ffc8c27a000 	C:\Windows\System32\gdi32full.dll
0x00007ffc8c740000 - 0x00007ffc8c7dd000 	C:\Windows\System32\msvcp_win.dll
0x00007ffc8c990000 - 0x00007ffc8c9bf000 	C:\Windows\System32\IMM32.DLL
0x00007ffc86080000 - 0x00007ffc8608c000 	E:\IntelliJ IDEA 2024.3.2.2\jbr\bin\vcruntime140_1.dll
0x00007ffc4add0000 - 0x00007ffc4ae5d000 	E:\IntelliJ IDEA 2024.3.2.2\jbr\bin\msvcp140.dll
0x00007ffc00160000 - 0x00007ffc00f21000 	E:\IntelliJ IDEA 2024.3.2.2\jbr\bin\server\jvm.dll
0x00007ffc8d130000 - 0x00007ffc8d1df000 	C:\Windows\System32\ADVAPI32.dll
0x00007ffc8da40000 - 0x00007ffc8dadf000 	C:\Windows\System32\sechost.dll
0x00007ffc8dae0000 - 0x00007ffc8dc03000 	C:\Windows\System32\RPCRT4.dll
0x00007ffc8c5b0000 - 0x00007ffc8c5d7000 	C:\Windows\System32\bcrypt.dll
0x00007ffc8cff0000 - 0x00007ffc8d05b000 	C:\Windows\System32\WS2_32.dll
0x00007ffc8b5a0000 - 0x00007ffc8b5eb000 	C:\Windows\SYSTEM32\POWRPROF.dll
0x00007ffc84290000 - 0x00007ffc8429a000 	C:\Windows\SYSTEM32\VERSION.dll
0x00007ffc699f0000 - 0x00007ffc69a17000 	C:\Windows\SYSTEM32\WINMM.dll
0x00007ffc8b410000 - 0x00007ffc8b422000 	C:\Windows\SYSTEM32\UMPDC.dll
0x00007ffc89db0000 - 0x00007ffc89dc2000 	C:\Windows\SYSTEM32\kernel.appcore.dll
0x00007ffc85a20000 - 0x00007ffc85a2a000 	E:\IntelliJ IDEA 2024.3.2.2\jbr\bin\jimage.dll
0x00007ffc81980000 - 0x00007ffc81b64000 	C:\Windows\SYSTEM32\DBGHELP.DLL
0x00007ffc81640000 - 0x00007ffc81674000 	C:\Windows\SYSTEM32\dbgcore.DLL
0x00007ffc8c080000 - 0x00007ffc8c102000 	C:\Windows\System32\bcryptPrimitives.dll
0x00007ffc84e10000 - 0x00007ffc84e30000 	E:\IntelliJ IDEA 2024.3.2.2\jbr\bin\java.dll

dbghelp: loaded successfully - version: 4.0.5 - missing functions: none
symbol engine: initialized successfully - sym options: 0x614 - pdb path: .;E:\IntelliJ IDEA 2024.3.2.2\jbr\bin;C:\Windows\SYSTEM32;C:\Windows\WinSxS\amd64_microsoft.windows.common-controls_6595b64144ccf1df_6.0.19041.4355_none_60b8b9eb71f62e16;E:\IntelliJ IDEA 2024.3.2.2\jbr\bin\server

VM Arguments:
java_command: git4idea.http.GitAskPassApp Username for 'https://github.com': 
java_class_path (initial): E:/IntelliJ IDEA 2024.3.2.2/plugins/vcs-git/lib/git4idea-rt.jar;E:/IntelliJ IDEA 2024.3.2.2/lib/externalProcess-rt.jar
Launcher Type: SUN_STANDARD

[Global flags]
     intx CICompilerCount                          = 3                                         {product} {ergonomic}
     uint ConcGCThreads                            = 1                                         {product} {ergonomic}
     uint G1ConcRefinementThreads                  = 4                                         {product} {ergonomic}
   size_t G1HeapRegionSize                         = 1048576                                   {product} {ergonomic}
    uintx GCDrainStackTargetSize                   = 64                                        {product} {ergonomic}
   size_t InitialHeapSize                          = 130023424                                 {product} {ergonomic}
   size_t MarkStackSize                            = 4194304                                   {product} {ergonomic}
   size_t MaxHeapSize                              = 2055208960                                {product} {ergonomic}
   size_t MinHeapDeltaBytes                        = 1048576                                   {product} {ergonomic}
   size_t MinHeapSize                              = 8388608                                   {product} {ergonomic}
    uintx NonNMethodCodeHeapSize                   = 5832780                                {pd product} {ergonomic}
    uintx NonProfiledCodeHeapSize                  = 122912730                              {pd product} {ergonomic}
    uintx ProfiledCodeHeapSize                     = 122912730                              {pd product} {ergonomic}
    uintx ReservedCodeCacheSize                    = 251658240                              {pd product} {ergonomic}
     bool SegmentedCodeCache                       = true                                      {product} {ergonomic}
   size_t SoftMaxHeapSize                          = 2055208960                             {manageable} {ergonomic}
     bool UseCompressedOops                        = true                           {product lp64_product} {ergonomic}
     bool UseG1GC                                  = true                                      {product} {ergonomic}
     bool UseLargePagesIndividualAllocation        = false                                  {pd product} {ergonomic}

Logging:
Log output configuration:
 #0: stdout all=warning uptime,level,tags foldmultilines=false
 #1: stderr all=off uptime,level,tags foldmultilines=false

Environment Variables:
JAVA_HOME=C:\Program Files\Java\jdk-22
PATH=C:\Program Files\Git\mingw64\libexec\git-core;C:\Program Files\Git\mingw64\libexec\git-core;C:\Program Files\Git\mingw64\bin;C:\Program Files\Git\usr\bin;C:\Users\Clone\bin;E:\App\db_home\bin;C:\Program Files\Common Files\Oracle\Java\javapath;C:\Program Files (x86)\Common Files\Oracle\Java\java8path;C:\Program Files (x86)\Common Files\Oracle\Java\javapath;C:\Windows\system32;C:\Windows;C:\Windows\System32\Wbem;C:\Windows\System32\WindowsPowerShell\v1.0;C:\Windows\System32\OpenSSH;.;C:\Program Files\Git\usr\bin;.;C:\Program Files\WireGuard;C:\Program Files\Microsoft SQL Server\150\Tools\Binn;C:\Program Files (x86)\Microsoft SQL Server\160\Tools\Binn;C:\Program Files\Microsoft SQL Server\160\Tools\Binn;C:\Program Files\Microsoft SQL Server\Client SDK\ODBC\170\Tools\Binn;C:\Program Files\Microsoft SQL Server\160\DTS\Binn;C:\Program Files\nodejs;C:\ProgramData\chocolatey\bin;C:\Program Files\apache-maven-3.9.4\bin;C:\Program Files\PostgreSQL\16\bin;C:\Program Files\PostgreSQL\16\lib;C:\Python311;C:\Program Files\Java\jdk-17\bin;C:\Program Files\Java\jdk-22\bin;C:\Program Files\Git\cmd;C:\Program Files\TortoiseGit\bin;C:\Python311\Scripts;C:\Python311;C:\Users\Clone\AppData\Local\Programs\Python\Python311\Scripts;C:\Users\Clone\AppData\Local\Programs\Python\Python311;C:\Users\Clone\AppData\Local\Microsoft\WindowsApps;C:\Program Files\Git\usr\bin;.;C:\Program Files\Git\usr\bin;.;C:\Program Files\JetBrains\DataGrip 2023.1.2\bin;C:\Program Files\JetBrains\PyCharm Community Edition 2023.1.2\bin;C:\Users\Clone\AppData\Roaming\npm;C:\Users\Clone\AppData\Local\Programs\Microsoft VS Code\bin;E:\IntelliJ IDEA 2024.3.2.2\bin
USERNAME=Clone
DISPLAY=:0.0
LC_ALL=en_US.UTF-8
TERM=xterm-256color
TMPDIR=C:\Users\Clone\AppData\Local\Temp
OS=Windows_NT
PROCESSOR_IDENTIFIER=Intel64 Family 6 Model 78 Stepping 3, GenuineIntel
TMP=C:\Users\Clone\AppData\Local\Temp
TEMP=C:\Users\Clone\AppData\Local\Temp




Periodic native trim disabled

JNI global refs:
JNI global refs: 0, weak refs: 0

JNI global refs memory usage: 0, weak refs: 0

Process memory usage:
Resident Set Size: 10712K (0% of 8027508K total physical memory with 770200K free physical memory)

OOME stack traces (most recent first):
Classloader memory used:

---------------  S Y S T E M  ---------------

OS:
 Windows 10 , 64 bit Build 19041 (10.0.19041.5438)
OS uptime: 0 days 9:54 hours

CPU: total 4 (initial active 4) (2 cores per cpu, 2 threads per core) family 6 model 78 stepping 3 microcode 0xcc, cx8, cmov, fxsr, ht, mmx, 3dnowpref, sse, sse2, sse3, ssse3, sse4.1, sse4.2, popcnt, lzcnt, tsc, tscinvbit, avx, avx2, aes, erms, clmul, bmi1, bmi2, rtm, adx, fma, vzeroupper, clflush, clflushopt, rdtscp, f16c
Processor Information for all 4 processors :
  Max Mhz: 2496, Current Mhz: 2396, Mhz Limit: 2396

Memory: 4k page, system-wide physical 7839M (752M free)
TotalPageFile size 23101M (AvailPageFile size 41M)
current process WorkingSet (physical memory assigned to process): 10M, peak: 10M
current process commit charge ("private bytes"): 51M, peak: 175M

vm_info: OpenJDK 64-Bit Server VM (21.0.5+8-b631.30) for windows-amd64 JRE (21.0.5+8-b631.30), built on 2024-12-06 by "builduser" with MS VC++ 16.10 / 16.11 (VS2019)

END.
