#
# There is insufficient memory for the Java Runtime Environment to continue.
# Native memory allocation (mmap) failed to map 65536 bytes for Failed to commit metaspace.
# Possible reasons:
#   The system is out of physical RAM or swap space
#   The process is running with CompressedOops enabled, and the Java Heap may be blocking the growth of the native heap
# Possible solutions:
#   Reduce memory load on the system
#   Increase physical memory or swap space
#   Check if swap backing store is full
#   Decrease Java heap size (-Xmx/-Xms)
#   Decrease number of Java threads
#   Decrease Java thread stack sizes (-Xss)
#   Set larger code cache with -XX:ReservedCodeCacheSize=
#   JVM is running with Unscaled Compressed Oops mode in which the Java heap is
#     placed in the first 4GB address space. The Java Heap base address is the
#     maximum limit for the native heap growth. Please use -XX:HeapBaseMinAddress
#     to set the Java Heap base and to place the Java Heap above 4GB virtual address.
# This output file may be truncated or incomplete.
#
#  Out of Memory Error (virtualSpaceNode.cpp:110), pid=28264, tid=26840
#
# JRE version: Java(TM) SE Runtime Environment (17.0.12+8) (build 17.0.12+8-LTS-286)
# Java VM: Java HotSpot(TM) 64-Bit Server VM (17.0.12+8-LTS-286, mixed mode, emulated-client, sharing, tiered, compressed oops, compressed class ptrs, g1 gc, windows-amd64)
# No core dump will be written. Minidumps are not enabled by default on client versions of Windows
#

---------------  S U M M A R Y ------------

Command Line: -XX:TieredStopAtLevel=1 -Dspring.output.ansi.enabled=always -Dcom.sun.management.jmxremote -Dspring.jmx.enabled=true -Dspring.liveBeansView.mbeanDomain -Dspring.application.admin.enabled=true -Dmanagement.endpoints.jmx.exposure.include=* -javaagent:E:\IntelliJ IDEA 2024.3.2.2\lib\idea_rt.jar=52966:E:\IntelliJ IDEA 2024.3.2.2\bin -agentpath:C:\Users\Clone\AppData\Local\JetBrains\IntelliJIdea2024.3\microservices-jvm\scheduled\4\win\amd64\scheduled.dll=bind=127.0.0.1:52967 -Dfile.encoding=UTF-8 uz.trading.WebScrapingApplication

Host: Intel(R) Core(TM) i5-6300U CPU @ 2.40GHz, 4 cores, 7G,  Windows 10 , 64 bit Build 19041 (10.0.19041.5438)
Time: Sun Feb 16 22:23:10 2025 West Asia Standard Time elapsed time: 13.867359 seconds (0d 0h 0m 13s)

---------------  T H R E A D  ---------------

Current thread (0x000001f373903ce0):  JavaThread "restartedMain" [_thread_in_vm, id=26840, stack(0x0000003f08b00000,0x0000003f08c00000)]

Stack: [0x0000003f08b00000,0x0000003f08c00000]
Native frames: (J=compiled Java code, j=interpreted, Vv=VM code, C=native code)
V  [jvm.dll+0x67a04a]
V  [jvm.dll+0x7da4ed]
V  [jvm.dll+0x7dbe33]
V  [jvm.dll+0x7dc4a3]
V  [jvm.dll+0x24508f]
V  [jvm.dll+0x7d60bb]
V  [jvm.dll+0x6206c6]
V  [jvm.dll+0x1bed07]
V  [jvm.dll+0x623022]
V  [jvm.dll+0x621086]
V  [jvm.dll+0x23a821]
V  [jvm.dll+0x1e8e87]
V  [jvm.dll+0x1dea41]
V  [jvm.dll+0x53f78c]
V  [jvm.dll+0x7553b8]
V  [jvm.dll+0x7554a4]
V  [jvm.dll+0x40d1af]
V  [jvm.dll+0x413c39]
C  [java.dll+0x17ec]

Java frames: (J=compiled Java code, j=interpreted, Vv=VM code)
J 1260  java.lang.ClassLoader.defineClass1(Ljava/lang/ClassLoader;Ljava/lang/String;[BIILjava/security/ProtectionDomain;Ljava/lang/String;)Ljava/lang/Class; java.base@17.0.12 (0 bytes) @ 0x000001f365574ae3 [0x000001f365574a20+0x00000000000000c3]
J 1289 c1 java.lang.ClassLoader.defineClass(Ljava/lang/String;[BIILjava/security/ProtectionDomain;)Ljava/lang/Class; java.base@17.0.12 (43 bytes) @ 0x000001f365583a5c [0x000001f365583960+0x00000000000000fc]
J 1290 c1 jdk.internal.loader.BuiltinClassLoader.defineClass(Ljava/lang/String;Ljdk/internal/loader/Resource;)Ljava/lang/Class; java.base@17.0.12 (121 bytes) @ 0x000001f3655847e4 [0x000001f365584320+0x00000000000004c4]
J 1487 c1 jdk.internal.loader.BuiltinClassLoader.findClassOnClassPathOrNull(Ljava/lang/String;)Ljava/lang/Class; java.base@17.0.12 (64 bytes) @ 0x000001f3655d5154 [0x000001f3655d4ea0+0x00000000000002b4]
J 1123 c1 jdk.internal.loader.BuiltinClassLoader.loadClassOrNull(Ljava/lang/String;Z)Ljava/lang/Class; java.base@17.0.12 (143 bytes) @ 0x000001f36553495c [0x000001f365534500+0x000000000000045c]
J 1226 c1 jdk.internal.loader.ClassLoaders$AppClassLoader.loadClass(Ljava/lang/String;Z)Ljava/lang/Class; java.base@17.0.12 (40 bytes) @ 0x000001f365566e44 [0x000001f365566d00+0x0000000000000144]
J 1221 c1 java.lang.ClassLoader.loadClass(Ljava/lang/String;)Ljava/lang/Class; java.base@17.0.12 (7 bytes) @ 0x000001f365565b64 [0x000001f365565b20+0x0000000000000044]
v  ~StubRoutines::call_stub
j  oracle.jdbc.driver.JavaToJavaConverter.<clinit>()V+7231
v  ~StubRoutines::call_stub
j  oracle.jdbc.driver.CharCommonAccessor.<clinit>()V+333
v  ~StubRoutines::call_stub
j  oracle.jdbc.driver.T4CTTIdcb.fillupAccessors([Loracle/jdbc/driver/Accessor;[Loracle/jdbc/driver/Accessor;IILoracle/jdbc/driver/T4C8TTIuds;Ljava/lang/String;J)J+835
j  oracle.jdbc.driver.T4CTTIdcb.receiveCommon([Loracle/jdbc/driver/Accessor;Z)[Loracle/jdbc/driver/Accessor;+266
j  oracle.jdbc.driver.T4CTTIdcb.receive([Loracle/jdbc/driver/Accessor;)[Loracle/jdbc/driver/Accessor;+50
j  oracle.jdbc.driver.T4C8Oall.readDCB()V+21
j  oracle.jdbc.driver.T4CTTIfun.receive()V+377
j  oracle.jdbc.driver.T4CTTIfun.doRPC()V+63
j  oracle.jdbc.driver.T4C8Oall.doOALL(ZZZZZ)V+12
j  oracle.jdbc.driver.T4CStatement.doOall8(Loracle/jdbc/driver/T4C8Oall;ZZZZZ)V+112
j  oracle.jdbc.driver.T4CStatement.executeForDescribe()V+47
j  oracle.jdbc.driver.OracleStatement.prepareDefineBufferAndExecute()V+23
j  oracle.jdbc.driver.OracleStatement.executeMaybeDescribe()V+92
j  oracle.jdbc.driver.OracleStatement.executeSQLSelect()V+44
j  oracle.jdbc.driver.OracleStatement.doExecuteWithTimeout()V+33
j  oracle.jdbc.driver.OracleStatement.executeQuery(Ljava/lang/String;)Ljava/sql/ResultSet;+151
j  oracle.jdbc.driver.OracleStatementWrapper.executeQuery(Ljava/lang/String;)Ljava/sql/ResultSet;+5
j  oracle.jdbc.driver.PhysicalConnection.getPropertyFromDatabase(Ljava/lang/String;)Ljava/lang/String;+25
j  oracle.jdbc.driver.PhysicalConnection.getCurrentSchema()Ljava/lang/String;+10
j  oracle.jdbc.driver.T4CConnection.getCurrentSchema()Ljava/lang/String;+23
j  oracle.jdbc.driver.PhysicalConnection.getSchema()Ljava/lang/String;+1
j  com.zaxxer.hikari.pool.HikariProxyConnection.getSchema()Ljava/lang/String;+4
j  org.hibernate.engine.jdbc.env.internal.DefaultSchemaNameResolver.determineAppropriateResolverDelegate(Ljava/sql/Connection;)Lorg/hibernate/engine/jdbc/env/spi/SchemaNameResolver;+29
j  org.hibernate.engine.jdbc.env.internal.DefaultSchemaNameResolver.resolveSchemaName(Ljava/sql/Connection;Lorg/hibernate/dialect/Dialect;)Ljava/lang/String;+2
j  org.hibernate.engine.jdbc.env.internal.JdbcEnvironmentImpl.determineCurrentSchemaName(Ljava/sql/DatabaseMetaData;Lorg/hibernate/service/ServiceRegistry;Lorg/hibernate/dialect/Dialect;)Ljava/lang/String;+77
j  org.hibernate.engine.jdbc.env.internal.JdbcEnvironmentImpl.<init>(Lorg/hibernate/service/spi/ServiceRegistryImplementor;Lorg/hibernate/dialect/Dialect;Ljava/sql/DatabaseMetaData;Lorg/hibernate/engine/jdbc/connections/spi/JdbcConnectionAccess;)V+178
j  org.hibernate.engine.jdbc.env.internal.JdbcEnvironmentInitiator$1.execute(Ljava/sql/Connection;)Lorg/hibernate/engine/jdbc/env/internal/JdbcEnvironmentImpl;+182
j  org.hibernate.engine.jdbc.env.internal.JdbcEnvironmentInitiator$1.execute(Ljava/sql/Connection;)Ljava/lang/Object;+2
j  org.hibernate.jdbc.WorkExecutor.executeReturningWork(Lorg/hibernate/jdbc/ReturningWork;Ljava/sql/Connection;)Ljava/lang/Object;+2
j  org.hibernate.jdbc.AbstractReturningWork.accept(Lorg/hibernate/jdbc/WorkExecutor;Ljava/sql/Connection;)Ljava/lang/Object;+3
j  org.hibernate.resource.transaction.backend.jdbc.internal.JdbcIsolationDelegate.delegateWork(Lorg/hibernate/jdbc/WorkExecutorVisitable;Z)Ljava/lang/Object;+47
j  org.hibernate.engine.jdbc.env.internal.JdbcEnvironmentInitiator.getJdbcEnvironmentUsingJdbcMetadata(Ljava/util/Map;Lorg/hibernate/service/spi/ServiceRegistryImplementor;Lorg/hibernate/engine/jdbc/dialect/spi/DialectFactory;Ljava/lang/String;Ljava/lang/Integer;Ljava/lang/Integer;Ljava/lang/String;)Lorg/hibernate/engine/jdbc/env/internal/JdbcEnvironmentImpl;+109
j  org.hibernate.engine.jdbc.env.internal.JdbcEnvironmentInitiator.initiateService(Ljava/util/Map;Lorg/hibernate/service/spi/ServiceRegistryImplementor;)Lorg/hibernate/engine/jdbc/env/spi/JdbcEnvironment;+123
j  org.hibernate.engine.jdbc.env.internal.JdbcEnvironmentInitiator.initiateService(Ljava/util/Map;Lorg/hibernate/service/spi/ServiceRegistryImplementor;)Lorg/hibernate/service/Service;+3
j  org.hibernate.boot.registry.internal.StandardServiceRegistryImpl.initiateService(Lorg/hibernate/service/spi/ServiceInitiator;)Lorg/hibernate/service/Service;+9
j  org.hibernate.service.internal.AbstractServiceRegistryImpl.createService(Lorg/hibernate/service/spi/ServiceBinding;)Lorg/hibernate/service/Service;+26
j  org.hibernate.service.internal.AbstractServiceRegistryImpl.initializeService(Lorg/hibernate/service/spi/ServiceBinding;)Lorg/hibernate/service/Service;+30
j  org.hibernate.service.internal.AbstractServiceRegistryImpl.getService(Ljava/lang/Class;)Lorg/hibernate/service/Service;+112
j  org.hibernate.boot.model.relational.Database.<init>(Lorg/hibernate/boot/spi/MetadataBuildingOptions;)V+10
j  org.hibernate.boot.internal.InFlightMetadataCollectorImpl.getDatabase()Lorg/hibernate/boot/model/relational/Database;+16
j  org.hibernate.boot.internal.InFlightMetadataCollectorImpl.<init>(Lorg/hibernate/boot/spi/BootstrapContext;Lorg/hibernate/boot/spi/MetadataBuildingOptions;)V+412
j  org.hibernate.boot.model.process.spi.MetadataBuildingProcess.complete(Lorg/hibernate/boot/model/process/spi/ManagedResources;Lorg/hibernate/boot/spi/BootstrapContext;Lorg/hibernate/boot/spi/MetadataBuildingOptions;)Lorg/hibernate/boot/spi/MetadataImplementor;+6
j  org.hibernate.jpa.boot.internal.EntityManagerFactoryBuilderImpl.metadata()Lorg/hibernate/boot/spi/MetadataImplementor;+30
j  org.hibernate.jpa.boot.internal.EntityManagerFactoryBuilderImpl.build()Ljakarta/persistence/EntityManagerFactory;+3
j  org.springframework.orm.jpa.vendor.SpringHibernateJpaPersistenceProvider.createContainerEntityManagerFactory(Ljakarta/persistence/spi/PersistenceUnitInfo;Ljava/util/Map;)Ljakarta/persistence/EntityManagerFactory;+59
j  org.springframework.orm.jpa.LocalContainerEntityManagerFactoryBean.createNativeEntityManagerFactory()Ljakarta/persistence/EntityManagerFactory;+111
j  org.springframework.orm.jpa.AbstractEntityManagerFactoryBean.buildNativeEntityManagerFactory()Ljakarta/persistence/EntityManagerFactory;+1
j  org.springframework.orm.jpa.AbstractEntityManagerFactoryBean.afterPropertiesSet()V+192
j  org.springframework.orm.jpa.LocalContainerEntityManagerFactoryBean.afterPropertiesSet()V+81
j  org.springframework.beans.factory.support.AbstractAutowireCapableBeanFactory.invokeInitMethods(Ljava/lang/String;Ljava/lang/Object;Lorg/springframework/beans/factory/support/RootBeanDefinition;)V+56
j  org.springframework.beans.factory.support.AbstractAutowireCapableBeanFactory.initializeBean(Ljava/lang/String;Ljava/lang/Object;Lorg/springframework/beans/factory/support/RootBeanDefinition;)Ljava/lang/Object;+34
j  org.springframework.beans.factory.support.AbstractAutowireCapableBeanFactory.doCreateBean(Ljava/lang/String;Lorg/springframework/beans/factory/support/RootBeanDefinition;[Ljava/lang/Object;)Ljava/lang/Object;+228
j  org.springframework.beans.factory.support.AbstractAutowireCapableBeanFactory.createBean(Ljava/lang/String;Lorg/springframework/beans/factory/support/RootBeanDefinition;[Ljava/lang/Object;)Ljava/lang/Object;+153
j  org.springframework.beans.factory.support.AbstractBeanFactory.lambda$doGetBean$0(Ljava/lang/String;Lorg/springframework/beans/factory/support/RootBeanDefinition;[Ljava/lang/Object;)Ljava/lang/Object;+4
j  org.springframework.beans.factory.support.AbstractBeanFactory$$Lambda$462+0x000001f3012744a0.getObject()Ljava/lang/Object;+16
j  org.springframework.beans.factory.support.DefaultSingletonBeanRegistry.getSingleton(Ljava/lang/String;Lorg/springframework/beans/factory/ObjectFactory;)Ljava/lang/Object;+336
J 2962 c1 org.springframework.beans.factory.support.AbstractBeanFactory.doGetBean(Ljava/lang/String;Ljava/lang/Class;[Ljava/lang/Object;Z)Ljava/lang/Object; (787 bytes) @ 0x000001f3658c14fc [0x000001f3658c0f20+0x00000000000005dc]
J 2966 c1 org.springframework.beans.factory.support.AbstractBeanFactory.getBean(Ljava/lang/String;Ljava/lang/Class;)Ljava/lang/Object; (9 bytes) @ 0x000001f3658bdfe4 [0x000001f3658bdfa0+0x0000000000000044]
j  org.springframework.context.support.AbstractApplicationContext.finishBeanFactoryInitialization(Lorg/springframework/beans/factory/config/ConfigurableListableBeanFactory;)V+220
j  org.springframework.context.support.AbstractApplicationContext.refresh()V+94
j  org.springframework.boot.web.servlet.context.ServletWebServerApplicationContext.refresh()V+1
j  org.springframework.boot.SpringApplication.refresh(Lorg/springframework/context/ConfigurableApplicationContext;)V+1
j  org.springframework.boot.SpringApplication.refreshContext(Lorg/springframework/context/ConfigurableApplicationContext;)V+19
j  org.springframework.boot.SpringApplication.run([Ljava/lang/String;)Lorg/springframework/context/ConfigurableApplicationContext;+113
j  org.springframework.boot.SpringApplication.run([Ljava/lang/Class;[Ljava/lang/String;)Lorg/springframework/context/ConfigurableApplicationContext;+9
j  org.springframework.boot.SpringApplication.run(Ljava/lang/Class;[Ljava/lang/String;)Lorg/springframework/context/ConfigurableApplicationContext;+9
j  uz.trading.WebScrapingApplication.main([Ljava/lang/String;)V+3
v  ~StubRoutines::call_stub
j  jdk.internal.reflect.NativeMethodAccessorImpl.invoke0(Ljava/lang/reflect/Method;Ljava/lang/Object;[Ljava/lang/Object;)Ljava/lang/Object;+0 java.base@17.0.12
j  jdk.internal.reflect.NativeMethodAccessorImpl.invoke(Ljava/lang/Object;[Ljava/lang/Object;)Ljava/lang/Object;+133 java.base@17.0.12
j  jdk.internal.reflect.DelegatingMethodAccessorImpl.invoke(Ljava/lang/Object;[Ljava/lang/Object;)Ljava/lang/Object;+6 java.base@17.0.12
j  java.lang.reflect.Method.invoke(Ljava/lang/Object;[Ljava/lang/Object;)Ljava/lang/Object;+59 java.base@17.0.12
j  org.springframework.boot.devtools.restart.RestartLauncher.run()V+47
v  ~StubRoutines::call_stub

---------------  P R O C E S S  ---------------

Threads class SMR info:
_java_thread_list=0x000001f375df53a0, length=31, elements={
0x000001f35d951650, 0x000001f36ee6dab0, 0x000001f36ee70740, 0x000001f36ee81d70,
0x000001f36ee829f0, 0x000001f36ee843c0, 0x000001f36ee84d80, 0x000001f36ee857f0,
0x000001f36ee861f0, 0x000001f37312f910, 0x000001f36ee58a40, 0x000001f373745f60,
0x000001f373746440, 0x000001f3737398e0, 0x000001f37383e600, 0x000001f3739101a0,
0x000001f373920b40, 0x000001f37393b9e0, 0x000001f373904c10, 0x000001f373901970,
0x000001f373903ce0, 0x000001f374315af0, 0x000001f373902390, 0x000001f375738df0,
0x000001f375736f90, 0x000001f375739d20, 0x000001f375739300, 0x000001f37573c090,
0x000001f3757388e0, 0x000001f3757379b0, 0x000001f37573ac50
}

Java Threads: ( => current thread )
  0x000001f35d951650 JavaThread "main" [_thread_blocked, id=13692, stack(0x0000003f06c00000,0x0000003f06d00000)]
  0x000001f36ee6dab0 JavaThread "Reference Handler" daemon [_thread_blocked, id=23092, stack(0x0000003f07300000,0x0000003f07400000)]
  0x000001f36ee70740 JavaThread "Finalizer" daemon [_thread_blocked, id=2436, stack(0x0000003f07400000,0x0000003f07500000)]
  0x000001f36ee81d70 JavaThread "Signal Dispatcher" daemon [_thread_blocked, id=28116, stack(0x0000003f07500000,0x0000003f07600000)]
  0x000001f36ee829f0 JavaThread "Attach Listener" daemon [_thread_blocked, id=26412, stack(0x0000003f07600000,0x0000003f07700000)]
  0x000001f36ee843c0 JavaThread "Service Thread" daemon [_thread_blocked, id=27320, stack(0x0000003f07700000,0x0000003f07800000)]
  0x000001f36ee84d80 JavaThread "Monitor Deflation Thread" daemon [_thread_blocked, id=14664, stack(0x0000003f07800000,0x0000003f07900000)]
  0x000001f36ee857f0 JavaThread "C1 CompilerThread0" daemon [_thread_blocked, id=15584, stack(0x0000003f07900000,0x0000003f07a00000)]
  0x000001f36ee861f0 JavaThread "Sweeper thread" daemon [_thread_blocked, id=19244, stack(0x0000003f07a00000,0x0000003f07b00000)]
  0x000001f37312f910 JavaThread "Common-Cleaner" daemon [_thread_blocked, id=24596, stack(0x0000003f07b00000,0x0000003f07c00000)]
  0x000001f36ee58a40 JavaThread "C1 CompilerThread1" daemon [_thread_blocked, id=21896, stack(0x0000003f07c00000,0x0000003f07d00000)]
  0x000001f373745f60 JavaThread "Monitor Ctrl-Break" daemon [_thread_in_native, id=10824, stack(0x0000003f07d00000,0x0000003f07e00000)]
  0x000001f373746440 JavaThread "Notification Thread" daemon [_thread_blocked, id=14992, stack(0x0000003f07f00000,0x0000003f08000000)]
  0x000001f3737398e0 JavaThread "Thread-0" daemon [_thread_in_native, id=11300, stack(0x0000003f07e00000,0x0000003f07f00000)]
  0x000001f37383e600 JavaThread "RMI TCP Accept-0" daemon [_thread_in_native, id=26340, stack(0x0000003f08400000,0x0000003f08500000)]
  0x000001f3739101a0 JavaThread "RMI TCP Connection(1)-192.168.6.34" daemon [_thread_in_native, id=12028, stack(0x0000003f08500000,0x0000003f08600000)]
  0x000001f373920b40 JavaThread "RMI TCP Connection(2)-192.168.6.34" daemon [_thread_in_native, id=19280, stack(0x0000003f08700000,0x0000003f08800000)]
  0x000001f37393b9e0 JavaThread "RMI Scheduler(0)" daemon [_thread_blocked, id=9580, stack(0x0000003f08800000,0x0000003f08900000)]
  0x000001f373904c10 JavaThread "JMX server connection timeout 21" daemon [_thread_blocked, id=13072, stack(0x0000003f08a00000,0x0000003f08b00000)]
  0x000001f373901970 JavaThread "Thread-1" [_thread_blocked, id=27892, stack(0x0000003f08900000,0x0000003f08a00000)]
=>0x000001f373903ce0 JavaThread "restartedMain" [_thread_in_vm, id=26840, stack(0x0000003f08b00000,0x0000003f08c00000)]
  0x000001f374315af0 JavaThread "C1 CompilerThread2" daemon [_thread_blocked, id=20648, stack(0x0000003f08d00000,0x0000003f08e00000)]
  0x000001f373902390 JavaThread "Catalina-utility-1" [_thread_blocked, id=26160, stack(0x0000003f08c00000,0x0000003f08d00000)]
  0x000001f375738df0 JavaThread "Catalina-utility-2" [_thread_blocked, id=26876, stack(0x0000003f08e00000,0x0000003f08f00000)]
  0x000001f375736f90 JavaThread "container-0" [_thread_blocked, id=11224, stack(0x0000003f08f00000,0x0000003f09000000)]
  0x000001f375739d20 JavaThread "oracle.jdbc.diagnostics.Diagnostic.CLOCK" daemon [_thread_blocked, id=4424, stack(0x0000003f09000000,0x0000003f09100000)]
  0x000001f375739300 JavaThread "oracle.jdbc.driver.BlockSource.ThreadedCachingBlockSource.BlockReleaser" daemon [_thread_blocked, id=16840, stack(0x0000003f09100000,0x0000003f09200000)]
  0x000001f37573c090 JavaThread "InterruptTimer" daemon [_thread_blocked, id=27968, stack(0x0000003f09300000,0x0000003f09400000)]
  0x000001f3757388e0 JavaThread "OJDBC-WORKER-THREAD-1" daemon [_thread_blocked, id=27716, stack(0x0000003f09400000,0x0000003f09500000)]
  0x000001f3757379b0 JavaThread "HikariPool-1 housekeeper" daemon [_thread_blocked, id=28148, stack(0x0000003f09500000,0x0000003f09600000)]
  0x000001f37573ac50 JavaThread "HikariPool-1 connection adder" daemon [_thread_in_native, id=15260, stack(0x0000003f09600000,0x0000003f09700000)]

Other Threads:
  0x000001f36ee672e0 VMThread "VM Thread" [stack: 0x0000003f07200000,0x0000003f07300000] [id=12400]
  0x000001f35d952610 WatcherThread [stack: 0x0000003f08600000,0x0000003f08700000] [id=7268]
  0x000001f35d9a8b30 GCTaskThread "GC Thread#0" [stack: 0x0000003f06d00000,0x0000003f06e00000] [id=26056]
  0x000001f3737c99b0 GCTaskThread "GC Thread#1" [stack: 0x0000003f08000000,0x0000003f08100000] [id=724]
  0x000001f3737deb90 GCTaskThread "GC Thread#2" [stack: 0x0000003f08100000,0x0000003f08200000] [id=14672]
  0x000001f3737e2e60 GCTaskThread "GC Thread#3" [stack: 0x0000003f08200000,0x0000003f08300000] [id=1248]
  0x000001f35d9b9f90 ConcurrentGCThread "G1 Main Marker" [stack: 0x0000003f06e00000,0x0000003f06f00000] [id=25740]
  0x000001f35d9bc150 ConcurrentGCThread "G1 Conc#0" [stack: 0x0000003f06f00000,0x0000003f07000000] [id=10228]
  0x000001f36ed160c0 ConcurrentGCThread "G1 Refine#0" [stack: 0x0000003f07000000,0x0000003f07100000] [id=26872]
  0x000001f3737e3a20 ConcurrentGCThread "G1 Refine#1" [stack: 0x0000003f08300000,0x0000003f08400000] [id=25168]
  0x000001f36ed16900 ConcurrentGCThread "G1 Service" [stack: 0x0000003f07100000,0x0000003f07200000] [id=1764]

Threads with active compile tasks:

VM state: not at safepoint (normal execution)

VM Mutex/Monitor currently owned by a thread:  ([mutex/lock_event])
[0x000001f35d94d2d0] Metaspace_lock - owner thread: 0x000001f373903ce0

Heap address: 0x0000000085800000, size: 1960 MB, Compressed Oops mode: 32-bit

CDS archive(s) mapped at: [0x000001f300000000-0x000001f300bd0000-0x000001f300bd0000), size 12386304, SharedBaseAddress: 0x000001f300000000, ArchiveRelocationMode: 1.
Compressed class space mapped at: 0x000001f301000000-0x000001f341000000, reserved size: 1073741824
Narrow klass base: 0x000001f300000000, Narrow klass shift: 0, Narrow klass range: 0x100000000

GC Precious Log:
 CPUs: 4 total, 4 available
 Memory: 7839M
 Large Page Support: Disabled
 NUMA Support: Disabled
 Compressed Oops: Enabled (32-bit)
 Heap Region Size: 1M
 Heap Min Capacity: 8M
 Heap Initial Capacity: 124M
 Heap Max Capacity: 1960M
 Pre-touch: Disabled
 Parallel Workers: 4
 Concurrent Workers: 1
 Concurrent Refinement Workers: 4
 Periodic GC: Disabled

Heap:
 garbage-first heap   total 68608K, used 36632K [0x0000000085800000, 0x0000000100000000)
  region size 1024K, 9 young (9216K), 3 survivors (3072K)
 Metaspace       used 49159K, committed 49664K, reserved 1114112K
  class space    used 6844K, committed 7104K, reserved 1048576K

Heap Regions: E=young(eden), S=young(survivor), O=old, HS=humongous(starts), HC=humongous(continues), CS=collection set, F=free, OA=open archive, CA=closed archive, TAMS=top-at-mark-start (previous, next)
|   0|0x0000000085800000, 0x0000000085900000, 0x0000000085900000|100%|HS|  |TAMS 0x0000000085900000, 0x0000000085800000| Complete 
|   1|0x0000000085900000, 0x0000000085a00000, 0x0000000085a00000|100%|HS|  |TAMS 0x0000000085a00000, 0x0000000085900000| Complete 
|   2|0x0000000085a00000, 0x0000000085b00000, 0x0000000085b00000|100%|HS|  |TAMS 0x0000000085b00000, 0x0000000085a00000| Complete 
|   3|0x0000000085b00000, 0x0000000085c00000, 0x0000000085c00000|100%| O|  |TAMS 0x0000000085c00000, 0x0000000085b00000| Untracked 
|   4|0x0000000085c00000, 0x0000000085d00000, 0x0000000085d00000|100%| O|  |TAMS 0x0000000085d00000, 0x0000000085c00000| Untracked 
|   5|0x0000000085d00000, 0x0000000085e00000, 0x0000000085e00000|100%| O|  |TAMS 0x0000000085e00000, 0x0000000085d00000| Untracked 
|   6|0x0000000085e00000, 0x0000000085f00000, 0x0000000085f00000|100%| O|  |TAMS 0x0000000085f00000, 0x0000000085e00000| Untracked 
|   7|0x0000000085f00000, 0x0000000086000000, 0x0000000086000000|100%| O|  |TAMS 0x0000000086000000, 0x0000000085f00000| Untracked 
|   8|0x0000000086000000, 0x0000000086100000, 0x0000000086100000|100%| O|  |TAMS 0x0000000086100000, 0x0000000086000000| Untracked 
|   9|0x0000000086100000, 0x00000000861c9200, 0x0000000086200000| 78%| O|  |TAMS 0x0000000086100000, 0x0000000086100000| Untracked 
|  10|0x0000000086200000, 0x0000000086300000, 0x0000000086300000|100%| O|  |TAMS 0x0000000086300000, 0x0000000086200000| Untracked 
|  11|0x0000000086300000, 0x0000000086400000, 0x0000000086400000|100%| O|  |TAMS 0x0000000086400000, 0x0000000086300000| Untracked 
|  12|0x0000000086400000, 0x0000000086500000, 0x0000000086500000|100%| O|  |TAMS 0x0000000086500000, 0x0000000086400000| Untracked 
|  13|0x0000000086500000, 0x0000000086600000, 0x0000000086600000|100%| O|  |TAMS 0x0000000086600000, 0x0000000086500000| Untracked 
|  14|0x0000000086600000, 0x0000000086700000, 0x0000000086700000|100%| O|  |TAMS 0x0000000086700000, 0x0000000086600000| Untracked 
|  15|0x0000000086700000, 0x0000000086800000, 0x0000000086800000|100%| O|  |TAMS 0x0000000086800000, 0x0000000086700000| Untracked 
|  16|0x0000000086800000, 0x00000000868fce00, 0x0000000086900000| 98%| O|  |TAMS 0x00000000868fce00, 0x0000000086800000| Untracked 
|  17|0x0000000086900000, 0x0000000086a00000, 0x0000000086a00000|100%| O|  |TAMS 0x0000000086a00000, 0x0000000086900000| Untracked 
|  18|0x0000000086a00000, 0x0000000086b00000, 0x0000000086b00000|100%| O|  |TAMS 0x0000000086b00000, 0x0000000086a00000| Untracked 
|  19|0x0000000086b00000, 0x0000000086c00000, 0x0000000086c00000|100%| O|  |TAMS 0x0000000086c00000, 0x0000000086b00000| Untracked 
|  20|0x0000000086c00000, 0x0000000086d00000, 0x0000000086d00000|100%| O|  |TAMS 0x0000000086d00000, 0x0000000086c00000| Untracked 
|  21|0x0000000086d00000, 0x0000000086e00000, 0x0000000086e00000|100%| O|  |TAMS 0x0000000086e00000, 0x0000000086d00000| Untracked 
|  22|0x0000000086e00000, 0x0000000086f00000, 0x0000000086f00000|100%| O|  |TAMS 0x0000000086f00000, 0x0000000086e00000| Untracked 
|  23|0x0000000086f00000, 0x0000000087000000, 0x0000000087000000|100%| O|  |TAMS 0x0000000087000000, 0x0000000086f00000| Untracked 
|  24|0x0000000087000000, 0x0000000087100000, 0x0000000087100000|100%| O|  |TAMS 0x00000000870a8200, 0x0000000087000000| Untracked 
|  25|0x0000000087100000, 0x0000000087200000, 0x0000000087200000|100%| O|  |TAMS 0x0000000087200000, 0x0000000087100000| Untracked 
|  26|0x0000000087200000, 0x0000000087300000, 0x0000000087300000|100%| O|  |TAMS 0x0000000087300000, 0x0000000087200000| Untracked 
|  27|0x0000000087300000, 0x0000000087400000, 0x0000000087400000|100%| O|  |TAMS 0x0000000087400000, 0x0000000087300000| Untracked 
|  28|0x0000000087400000, 0x0000000087400000, 0x0000000087500000|  0%| F|  |TAMS 0x0000000087400000, 0x0000000087400000| Untracked 
|  29|0x0000000087500000, 0x0000000087500000, 0x0000000087600000|  0%| F|  |TAMS 0x0000000087500000, 0x0000000087500000| Untracked 
|  30|0x0000000087600000, 0x0000000087600000, 0x0000000087700000|  0%| F|  |TAMS 0x0000000087600000, 0x0000000087600000| Untracked 
|  31|0x0000000087700000, 0x0000000087700000, 0x0000000087800000|  0%| F|  |TAMS 0x0000000087700000, 0x0000000087700000| Untracked 
|  32|0x0000000087800000, 0x0000000087800000, 0x0000000087900000|  0%| F|  |TAMS 0x0000000087800000, 0x0000000087800000| Untracked 
|  33|0x0000000087900000, 0x0000000087900000, 0x0000000087a00000|  0%| F|  |TAMS 0x0000000087900000, 0x0000000087900000| Untracked 
|  34|0x0000000087a00000, 0x0000000087a00000, 0x0000000087b00000|  0%| F|  |TAMS 0x0000000087a00000, 0x0000000087a00000| Untracked 
|  35|0x0000000087b00000, 0x0000000087b00000, 0x0000000087c00000|  0%| F|  |TAMS 0x0000000087b00000, 0x0000000087b00000| Untracked 
|  36|0x0000000087c00000, 0x0000000087c00000, 0x0000000087d00000|  0%| F|  |TAMS 0x0000000087c00000, 0x0000000087c00000| Untracked 
|  37|0x0000000087d00000, 0x0000000087e00000, 0x0000000087e00000|100%| S|CS|TAMS 0x0000000087d00000, 0x0000000087d00000| Complete 
|  38|0x0000000087e00000, 0x0000000087e00000, 0x0000000087f00000|  0%| F|  |TAMS 0x0000000087e00000, 0x0000000087e00000| Untracked 
|  39|0x0000000087f00000, 0x0000000087f00000, 0x0000000088000000|  0%| F|  |TAMS 0x0000000087f00000, 0x0000000087f00000| Untracked 
|  40|0x0000000088000000, 0x0000000088000000, 0x0000000088100000|  0%| F|  |TAMS 0x0000000088000000, 0x0000000088000000| Untracked 
|  41|0x0000000088100000, 0x0000000088200000, 0x0000000088200000|100%| S|CS|TAMS 0x0000000088100000, 0x0000000088100000| Complete 
|  42|0x0000000088200000, 0x0000000088300000, 0x0000000088300000|100%| S|CS|TAMS 0x0000000088200000, 0x0000000088200000| Complete 
|  43|0x0000000088300000, 0x0000000088300000, 0x0000000088400000|  0%| F|  |TAMS 0x0000000088300000, 0x0000000088300000| Untracked 
|  44|0x0000000088400000, 0x0000000088400000, 0x0000000088500000|  0%| F|  |TAMS 0x0000000088400000, 0x0000000088400000| Untracked 
|  45|0x0000000088500000, 0x0000000088500000, 0x0000000088600000|  0%| F|  |TAMS 0x0000000088500000, 0x0000000088500000| Untracked 
|  46|0x0000000088600000, 0x0000000088600000, 0x0000000088700000|  0%| F|  |TAMS 0x0000000088600000, 0x0000000088600000| Untracked 
|  47|0x0000000088700000, 0x0000000088700000, 0x0000000088800000|  0%| F|  |TAMS 0x0000000088700000, 0x0000000088700000| Untracked 
|  48|0x0000000088800000, 0x0000000088800000, 0x0000000088900000|  0%| F|  |TAMS 0x0000000088800000, 0x0000000088800000| Untracked 
|  49|0x0000000088900000, 0x0000000088900000, 0x0000000088a00000|  0%| F|  |TAMS 0x0000000088900000, 0x0000000088900000| Untracked 
|  50|0x0000000088a00000, 0x0000000088a00000, 0x0000000088b00000|  0%| F|  |TAMS 0x0000000088a00000, 0x0000000088a00000| Untracked 
|  51|0x0000000088b00000, 0x0000000088b00000, 0x0000000088c00000|  0%| F|  |TAMS 0x0000000088b00000, 0x0000000088b00000| Untracked 
|  52|0x0000000088c00000, 0x0000000088c00000, 0x0000000088d00000|  0%| F|  |TAMS 0x0000000088c00000, 0x0000000088c00000| Untracked 
|  53|0x0000000088d00000, 0x0000000088d00000, 0x0000000088e00000|  0%| F|  |TAMS 0x0000000088d00000, 0x0000000088d00000| Untracked 
|  54|0x0000000088e00000, 0x0000000088e00000, 0x0000000088f00000|  0%| F|  |TAMS 0x0000000088e00000, 0x0000000088e00000| Untracked 
|  55|0x0000000088f00000, 0x0000000088f00000, 0x0000000089000000|  0%| F|  |TAMS 0x0000000088f00000, 0x0000000088f00000| Untracked 
|  56|0x0000000089000000, 0x0000000089000000, 0x0000000089100000|  0%| F|  |TAMS 0x0000000089000000, 0x0000000089000000| Untracked 
|  57|0x0000000089100000, 0x0000000089100000, 0x0000000089200000|  0%| F|  |TAMS 0x0000000089100000, 0x0000000089100000| Untracked 
|  58|0x0000000089200000, 0x0000000089200000, 0x0000000089300000|  0%| F|  |TAMS 0x0000000089200000, 0x0000000089200000| Untracked 
|  59|0x0000000089300000, 0x0000000089300000, 0x0000000089400000|  0%| F|  |TAMS 0x0000000089300000, 0x0000000089300000| Untracked 
|  60|0x0000000089400000, 0x0000000089400000, 0x0000000089500000|  0%| F|  |TAMS 0x0000000089400000, 0x0000000089400000| Untracked 
|  61|0x0000000089500000, 0x000000008956d260, 0x0000000089600000| 42%| E|  |TAMS 0x0000000089500000, 0x0000000089500000| Complete 
|  62|0x0000000089600000, 0x0000000089700000, 0x0000000089700000|100%| E|CS|TAMS 0x0000000089600000, 0x0000000089600000| Complete 
|  63|0x0000000089700000, 0x0000000089800000, 0x0000000089800000|100%| E|CS|TAMS 0x0000000089700000, 0x0000000089700000| Complete 
| 111|0x000000008c700000, 0x000000008c800000, 0x000000008c800000|100%| E|CS|TAMS 0x000000008c700000, 0x000000008c700000| Complete 
| 112|0x000000008c800000, 0x000000008c900000, 0x000000008c900000|100%| E|CS|TAMS 0x000000008c800000, 0x000000008c800000| Complete 
| 123|0x000000008d300000, 0x000000008d400000, 0x000000008d400000|100%| E|CS|TAMS 0x000000008d300000, 0x000000008d300000| Complete 

Card table byte_map: [0x000001f3685e0000,0x000001f3689c0000] _byte_map_base: 0x000001f3681b4000

Marking Bits (Prev, Next): (CMBitMap*) 0x000001f35d9a9190, (CMBitMap*) 0x000001f35d9a9150
 Prev Bits: [0x000001f36ac40000, 0x000001f36cae0000)
 Next Bits: [0x000001f368da0000, 0x000001f36ac40000)

Polling page: 0x000001f35d110000

Metaspace:

Usage:
  Non-class:     41.32 MB used.
      Class:      6.68 MB used.
       Both:     48.01 MB used.

Virtual space:
  Non-class space:       64.00 MB reserved,      41.56 MB ( 65%) committed,  1 nodes.
      Class space:        1.00 GB reserved,       6.94 MB ( <1%) committed,  1 nodes.
             Both:        1.06 GB reserved,      48.50 MB (  4%) committed. 

Chunk freelists:
   Non-Class:  6.11 MB
       Class:  9.05 MB
        Both:  15.16 MB

MaxMetaspaceSize: unlimited
CompressedClassSpaceSize: 1.00 GB
Initial GC threshold: 21.00 MB
Current GC threshold: 70.12 MB
CDS: on
MetaspaceReclaimPolicy: balanced
 - commit_granule_bytes: 65536.
 - commit_granule_words: 8192.
 - virtual_space_node_default_size: 8388608.
 - enlarge_chunks_in_place: 1.
 - new_chunks_are_fully_committed: 0.
 - uncommit_free_chunks: 1.
 - use_allocation_guard: 0.
 - handle_deallocations: 1.


Internal statistics:

num_allocs_failed_limit: 9.
num_arena_births: 744.
num_arena_deaths: 26.
num_vsnodes_births: 2.
num_vsnodes_deaths: 0.
num_space_committed: 776.
num_space_uncommitted: 0.
num_chunks_returned_to_freelist: 42.
num_chunks_taken_from_freelist: 2595.
num_chunk_merges: 10.
num_chunk_splits: 1772.
num_chunks_enlarged: 1300.
num_inconsistent_stats: 0.

CodeCache: size=49152Kb used=10105Kb max_used=10105Kb free=39046Kb
 bounds [0x000001f365200000, 0x000001f365be0000, 0x000001f368200000]
 total_blobs=5407 nmethods=4787 adapters=545
 compilation: enabled
              stopped_count=0, restarted_count=0
 full_count=0

Compilation events (20 events):
Event: 13.751 Thread 0x000001f36ee857f0 4779       1       sun.rmi.transport.DGCImpl::checkInput (149 bytes)
Event: 13.751 Thread 0x000001f374315af0 4778       1       sun.rmi.transport.DGCImpl$2$$Lambda$99/0x000001f301086b98::checkInput (5 bytes)
Event: 13.751 Thread 0x000001f36ee58a40 4780       1       java.io.ObjectStreamClass$FieldReflectorKey::equals (37 bytes)
Event: 13.751 Thread 0x000001f374315af0 nmethod 4778 0x000001f365bdb690 code [0x000001f365bdb820, 0x000001f365bdb908]
Event: 13.751 Thread 0x000001f374315af0 4781       1       javax.management.ObjectName::addProperty (80 bytes)
Event: 13.751 Thread 0x000001f36ee58a40 nmethod 4780 0x000001f365bdb990 code [0x000001f365bdbb20, 0x000001f365bdbcc8]
Event: 13.751 Thread 0x000001f36ee58a40 4782       1       java.util.EventObject::<init> (24 bytes)
Event: 13.751 Thread 0x000001f36ee58a40 nmethod 4782 0x000001f365bdbd90 code [0x000001f365bdbf40, 0x000001f365bdc108]
Event: 13.751 Thread 0x000001f36ee857f0 nmethod 4779 0x000001f365bdc210 code [0x000001f365bdc400, 0x000001f365bdc818]
Event: 13.751 Thread 0x000001f374315af0 nmethod 4781 0x000001f365bdca10 code [0x000001f365bdcc00, 0x000001f365bdd108]
Event: 13.751 Thread 0x000001f374315af0 4783       1       oracle.jdbc.driver.JavaToJavaConverter$Key::hashCode (5 bytes)
Event: 13.751 Thread 0x000001f374315af0 nmethod 4783 0x000001f365bdd390 code [0x000001f365bdd520, 0x000001f365bdd5f8]
Event: 13.796 Thread 0x000001f374315af0 4784       1       oracle.jdbc.driver.JavaToJavaConverter$$Lambda$1056/0x000001f3016e4670::test (12 bytes)
Event: 13.796 Thread 0x000001f374315af0 nmethod 4784 0x000001f365bdd690 code [0x000001f365bdd820, 0x000001f365bdd968]
Event: 13.796 Thread 0x000001f36ee58a40 4785       1       oracle.jdbc.driver.JavaToJavaConverter::lambda$mapAssignableType$0 (17 bytes)
Event: 13.797 Thread 0x000001f36ee58a40 nmethod 4785 0x000001f365bdda10 code [0x000001f365bddbc0, 0x000001f365bddd28]
Event: 13.836 Thread 0x000001f36ee58a40 4786       1       oracle.jdbc.driver.JavaToJavaConverter$Key::<init> (32 bytes)
Event: 13.836 Thread 0x000001f36ee857f0 4787       1       java.lang.Integer::rotateRight (9 bytes)
Event: 13.836 Thread 0x000001f36ee857f0 nmethod 4787 0x000001f365bdde10 code [0x000001f365bddfa0, 0x000001f365bde058]
Event: 13.836 Thread 0x000001f36ee58a40 nmethod 4786 0x000001f365bde110 code [0x000001f365bde2c0, 0x000001f365bde4b8]

GC Heap History (20 events):
Event: 5.392 GC heap before
{Heap before GC invocations=3 (full 0):
 garbage-first heap   total 126976K, used 84717K [0x0000000085800000, 0x0000000100000000)
  region size 1024K, 74 young (75776K), 2 survivors (2048K)
 Metaspace       used 20639K, committed 21056K, reserved 1114112K
  class space    used 2810K, committed 3008K, reserved 1048576K
}
Event: 5.403 GC heap after
{Heap after GC invocations=4 (full 0):
 garbage-first heap   total 126976K, used 17588K [0x0000000085800000, 0x0000000100000000)
  region size 1024K, 7 young (7168K), 7 survivors (7168K)
 Metaspace       used 20639K, committed 21056K, reserved 1114112K
  class space    used 2810K, committed 3008K, reserved 1048576K
}
Event: 5.744 GC heap before
{Heap before GC invocations=4 (full 0):
 garbage-first heap   total 126976K, used 27828K [0x0000000085800000, 0x0000000100000000)
  region size 1024K, 18 young (18432K), 7 survivors (7168K)
 Metaspace       used 21147K, committed 21504K, reserved 1114112K
  class space    used 2878K, committed 3072K, reserved 1048576K
}
Event: 5.758 GC heap after
{Heap after GC invocations=5 (full 0):
 garbage-first heap   total 126976K, used 18693K [0x0000000085800000, 0x0000000100000000)
  region size 1024K, 2 young (2048K), 2 survivors (2048K)
 Metaspace       used 21147K, committed 21504K, reserved 1114112K
  class space    used 2878K, committed 3072K, reserved 1048576K
}
Event: 7.059 GC heap before
{Heap before GC invocations=6 (full 0):
 garbage-first heap   total 68608K, used 57605K [0x0000000085800000, 0x0000000100000000)
  region size 1024K, 40 young (40960K), 2 survivors (2048K)
 Metaspace       used 24741K, committed 25152K, reserved 1114112K
  class space    used 3393K, committed 3584K, reserved 1048576K
}
Event: 7.064 GC heap after
{Heap after GC invocations=7 (full 0):
 garbage-first heap   total 68608K, used 20427K [0x0000000085800000, 0x0000000100000000)
  region size 1024K, 3 young (3072K), 3 survivors (3072K)
 Metaspace       used 24741K, committed 25152K, reserved 1114112K
  class space    used 3393K, committed 3584K, reserved 1048576K
}
Event: 7.104 GC heap before
{Heap before GC invocations=7 (full 0):
 garbage-first heap   total 68608K, used 21451K [0x0000000085800000, 0x0000000100000000)
  region size 1024K, 4 young (4096K), 3 survivors (3072K)
 Metaspace       used 24813K, committed 25216K, reserved 1114112K
  class space    used 3408K, committed 3584K, reserved 1048576K
}
Event: 7.116 GC heap after
{Heap after GC invocations=8 (full 0):
 garbage-first heap   total 68608K, used 20682K [0x0000000085800000, 0x0000000100000000)
  region size 1024K, 1 young (1024K), 1 survivors (1024K)
 Metaspace       used 24813K, committed 25216K, reserved 1114112K
  class space    used 3408K, committed 3584K, reserved 1048576K
}
Event: 8.299 GC heap before
{Heap before GC invocations=8 (full 0):
 garbage-first heap   total 68608K, used 50378K [0x0000000085800000, 0x0000000100000000)
  region size 1024K, 30 young (30720K), 1 survivors (1024K)
 Metaspace       used 28972K, committed 29504K, reserved 1114112K
  class space    used 4045K, committed 4288K, reserved 1048576K
}
Event: 8.307 GC heap after
{Heap after GC invocations=9 (full 0):
 garbage-first heap   total 68608K, used 23043K [0x0000000085800000, 0x0000000100000000)
  region size 1024K, 3 young (3072K), 3 survivors (3072K)
 Metaspace       used 28972K, committed 29504K, reserved 1114112K
  class space    used 4045K, committed 4288K, reserved 1048576K
}
Event: 8.942 GC heap before
{Heap before GC invocations=9 (full 0):
 garbage-first heap   total 68608K, used 55811K [0x0000000085800000, 0x0000000100000000)
  region size 1024K, 31 young (31744K), 3 survivors (3072K)
 Metaspace       used 30633K, committed 31104K, reserved 1114112K
  class space    used 4217K, committed 4480K, reserved 1048576K
}
Event: 8.953 GC heap after
{Heap after GC invocations=10 (full 0):
 garbage-first heap   total 68608K, used 27096K [0x0000000085800000, 0x0000000100000000)
  region size 1024K, 4 young (4096K), 4 survivors (4096K)
 Metaspace       used 30633K, committed 31104K, reserved 1114112K
  class space    used 4217K, committed 4480K, reserved 1048576K
}
Event: 9.989 GC heap before
{Heap before GC invocations=10 (full 0):
 garbage-first heap   total 68608K, used 51672K [0x0000000085800000, 0x0000000100000000)
  region size 1024K, 27 young (27648K), 4 survivors (4096K)
 Metaspace       used 33918K, committed 34432K, reserved 1114112K
  class space    used 4611K, committed 4864K, reserved 1048576K
}
Event: 9.998 GC heap after
{Heap after GC invocations=11 (full 0):
 garbage-first heap   total 68608K, used 28826K [0x0000000085800000, 0x0000000100000000)
  region size 1024K, 2 young (2048K), 2 survivors (2048K)
 Metaspace       used 33918K, committed 34432K, reserved 1114112K
  class space    used 4611K, committed 4864K, reserved 1048576K
}
Event: 10.477 GC heap before
{Heap before GC invocations=11 (full 0):
 garbage-first heap   total 68608K, used 37018K [0x0000000085800000, 0x0000000100000000)
  region size 1024K, 11 young (11264K), 2 survivors (2048K)
 Metaspace       used 35621K, committed 36096K, reserved 1114112K
  class space    used 4865K, committed 5120K, reserved 1048576K
}
Event: 10.483 GC heap after
{Heap after GC invocations=12 (full 0):
 garbage-first heap   total 68608K, used 29017K [0x0000000085800000, 0x0000000100000000)
  region size 1024K, 2 young (2048K), 2 survivors (2048K)
 Metaspace       used 35621K, committed 36096K, reserved 1114112K
  class space    used 4865K, committed 5120K, reserved 1048576K
}
Event: 11.719 GC heap before
{Heap before GC invocations=13 (full 0):
 garbage-first heap   total 68608K, used 52569K [0x0000000085800000, 0x0000000100000000)
  region size 1024K, 26 young (26624K), 2 survivors (2048K)
 Metaspace       used 41637K, committed 42176K, reserved 1114112K
  class space    used 5728K, committed 5952K, reserved 1048576K
}
Event: 11.726 GC heap after
{Heap after GC invocations=14 (full 0):
 garbage-first heap   total 68608K, used 29889K [0x0000000085800000, 0x0000000100000000)
  region size 1024K, 3 young (3072K), 3 survivors (3072K)
 Metaspace       used 41637K, committed 42176K, reserved 1114112K
  class space    used 5728K, committed 5952K, reserved 1048576K
}
Event: 13.449 GC heap before
{Heap before GC invocations=15 (full 0):
 garbage-first heap   total 68608K, used 53441K [0x0000000085800000, 0x0000000100000000)
  region size 1024K, 27 young (27648K), 3 survivors (3072K)
 Metaspace       used 48369K, committed 48896K, reserved 1114112K
  class space    used 6673K, committed 6912K, reserved 1048576K
}
Event: 13.458 GC heap after
{Heap after GC invocations=16 (full 0):
 garbage-first heap   total 68608K, used 31512K [0x0000000085800000, 0x0000000100000000)
  region size 1024K, 3 young (3072K), 3 survivors (3072K)
 Metaspace       used 48369K, committed 48896K, reserved 1114112K
  class space    used 6673K, committed 6912K, reserved 1048576K
}

Deoptimization events (20 events):
Event: 13.484 Thread 0x000001f373903ce0 DEOPT PACKING pc=0x000001f365542b34 sp=0x0000003f08bfc040
Event: 13.484 Thread 0x000001f373903ce0 DEOPT UNPACKING pc=0x000001f365252b43 sp=0x0000003f08bfb520 mode 1
Event: 13.489 Thread 0x000001f373903ce0 DEOPT PACKING pc=0x000001f365566edc sp=0x0000003f08bfb590
Event: 13.489 Thread 0x000001f373903ce0 DEOPT UNPACKING pc=0x000001f365252b43 sp=0x0000003f08bfaa18 mode 1
Event: 13.489 Thread 0x000001f373903ce0 DEOPT PACKING pc=0x000001f365565b64 sp=0x0000003f08bfb650
Event: 13.489 Thread 0x000001f373903ce0 DEOPT UNPACKING pc=0x000001f365252b43 sp=0x0000003f08bfaaf8 mode 1
Event: 13.489 Thread 0x000001f373903ce0 DEOPT PACKING pc=0x000001f365542b34 sp=0x0000003f08bfc050
Event: 13.489 Thread 0x000001f373903ce0 DEOPT UNPACKING pc=0x000001f365252b43 sp=0x0000003f08bfb530 mode 1
Event: 13.489 Thread 0x000001f373903ce0 DEOPT PACKING pc=0x000001f365566edc sp=0x0000003f08bfb590
Event: 13.489 Thread 0x000001f373903ce0 DEOPT UNPACKING pc=0x000001f365252b43 sp=0x0000003f08bfaa18 mode 1
Event: 13.490 Thread 0x000001f373903ce0 DEOPT PACKING pc=0x000001f365565b64 sp=0x0000003f08bfb650
Event: 13.490 Thread 0x000001f373903ce0 DEOPT UNPACKING pc=0x000001f365252b43 sp=0x0000003f08bfaaf8 mode 1
Event: 13.490 Thread 0x000001f373903ce0 DEOPT PACKING pc=0x000001f365542b34 sp=0x0000003f08bfc050
Event: 13.490 Thread 0x000001f373903ce0 DEOPT UNPACKING pc=0x000001f365252b43 sp=0x0000003f08bfb530 mode 1
Event: 13.605 Thread 0x000001f37573ac50 DEOPT PACKING pc=0x000001f365bcc009 sp=0x0000003f096feb20
Event: 13.605 Thread 0x000001f37573ac50 DEOPT UNPACKING pc=0x000001f365252b43 sp=0x0000003f096fdfe0 mode 1
Event: 13.748 Thread 0x000001f3739101a0 DEOPT PACKING pc=0x000001f36599f264 sp=0x0000003f085feb80
Event: 13.748 Thread 0x000001f3739101a0 DEOPT UNPACKING pc=0x000001f365252b43 sp=0x0000003f085fe010 mode 1
Event: 13.748 Thread 0x000001f3739101a0 DEOPT PACKING pc=0x000001f3659fd4e4 sp=0x0000003f085febc0
Event: 13.748 Thread 0x000001f3739101a0 DEOPT UNPACKING pc=0x000001f365252b43 sp=0x0000003f085fe0a0 mode 1

Classes unloaded (13 events):
Event: 11.835 Thread 0x000001f36ee672e0 Unloading class 0x000001f3010d6800 'jdk/internal/reflect/GeneratedSerializationConstructorAccessor11'
Event: 11.835 Thread 0x000001f36ee672e0 Unloading class 0x000001f3010d5800 'jdk/internal/reflect/GeneratedSerializationConstructorAccessor9'
Event: 11.835 Thread 0x000001f36ee672e0 Unloading class 0x000001f3010d5000 'java/lang/invoke/LambdaForm$MH+0x000001f3010d5000'
Event: 11.835 Thread 0x000001f36ee672e0 Unloading class 0x000001f3010d4400 'java/lang/invoke/LambdaForm$MH+0x000001f3010d4400'
Event: 11.835 Thread 0x000001f36ee672e0 Unloading class 0x000001f3010d3800 'java/lang/invoke/LambdaForm$MH+0x000001f3010d3800'
Event: 11.835 Thread 0x000001f36ee672e0 Unloading class 0x000001f3010d3400 'java/lang/invoke/LambdaForm$MH+0x000001f3010d3400'
Event: 11.835 Thread 0x000001f36ee672e0 Unloading class 0x000001f3010d2000 'java/lang/invoke/LambdaForm$MH+0x000001f3010d2000'
Event: 11.835 Thread 0x000001f36ee672e0 Unloading class 0x000001f3010d1800 'java/lang/invoke/LambdaForm$MH+0x000001f3010d1800'
Event: 11.835 Thread 0x000001f36ee672e0 Unloading class 0x000001f3010d1400 'java/lang/invoke/LambdaForm$MH+0x000001f3010d1400'
Event: 11.835 Thread 0x000001f36ee672e0 Unloading class 0x000001f3010d0c00 'java/lang/invoke/LambdaForm$MH+0x000001f3010d0c00'
Event: 11.835 Thread 0x000001f36ee672e0 Unloading class 0x000001f3010d0400 'java/lang/invoke/LambdaForm$MH+0x000001f3010d0400'
Event: 11.835 Thread 0x000001f36ee672e0 Unloading class 0x000001f3010cb800 'java/lang/invoke/LambdaForm$MH+0x000001f3010cb800'
Event: 11.835 Thread 0x000001f36ee672e0 Unloading class 0x000001f3010cb400 'java/lang/invoke/LambdaForm$MH+0x000001f3010cb400'

Classes redefined (0 events):
No events

Internal exceptions (20 events):
Event: 7.985 Thread 0x000001f373903ce0 Exception <a 'java/lang/NoSuchMethodError'{0x000000008831c128}: 'java.lang.Object java.lang.invoke.DirectMethodHandle$Holder.invokeSpecial(java.lang.Object, java.lang.Object, java.lang.Object, java.lang.Object, int)'> (0x000000008831c128) 
thrown [s\open\src\hotspot\share\interpreter\linkResolver.cpp, line 759]
Event: 7.986 Thread 0x000001f373903ce0 Exception <a 'java/lang/NoSuchMethodError'{0x000000008831fcf0}: 'java.lang.Object java.lang.invoke.Invokers$Holder.linkToTargetMethod(java.lang.Object, java.lang.Object, int, java.lang.Object)'> (0x000000008831fcf0) 
thrown [s\open\src\hotspot\share\interpreter\linkResolver.cpp, line 759]
Event: 8.963 Thread 0x000001f373903ce0 Exception <a 'sun/nio/fs/WindowsException'{0x000000008d3fe858}> (0x000000008d3fe858) 
thrown [s\open\src\hotspot\share\prims\jni.cpp, line 516]
Event: 8.965 Thread 0x000001f373903ce0 Exception <a 'sun/nio/fs/WindowsException'{0x000000008c8079a8}> (0x000000008c8079a8) 
thrown [s\open\src\hotspot\share\prims\jni.cpp, line 516]
Event: 8.965 Thread 0x000001f373903ce0 Exception <a 'sun/nio/fs/WindowsException'{0x000000008c808080}> (0x000000008c808080) 
thrown [s\open\src\hotspot\share\prims\jni.cpp, line 516]
Event: 9.116 Thread 0x000001f373903ce0 Exception <a 'java/io/FileNotFoundException'{0x00000000897b2fc8}> (0x00000000897b2fc8) 
thrown [s\open\src\hotspot\share\prims\jni.cpp, line 516]
Event: 9.239 Thread 0x000001f373903ce0 Exception <a 'java/lang/NoSuchMethodError'{0x0000000089351220}: 'int java.lang.invoke.DirectMethodHandle$Holder.invokeInterface(java.lang.Object, java.lang.Object, java.lang.Object, java.lang.Object)'> (0x0000000089351220) 
thrown [s\open\src\hotspot\share\interpreter\linkResolver.cpp, line 759]
Event: 9.380 Thread 0x000001f373903ce0 Exception <a 'java/lang/NoSuchMethodError'{0x00000000891a6c98}: 'long java.lang.invoke.DirectMethodHandle$Holder.invokeVirtual(java.lang.Object, java.lang.Object)'> (0x00000000891a6c98) 
thrown [s\open\src\hotspot\share\interpreter\linkResolver.cpp, line 759]
Event: 9.390 Thread 0x000001f373903ce0 Exception <a 'java/io/FileNotFoundException'{0x00000000891d81b0}> (0x00000000891d81b0) 
thrown [s\open\src\hotspot\share\prims\jni.cpp, line 516]
Event: 9.485 Thread 0x000001f373903ce0 Exception <a 'java/lang/NoSuchMethodError'{0x0000000088e03b18}: 'void java.lang.invoke.DirectMethodHandle$Holder.invokeStaticInit(java.lang.Object)'> (0x0000000088e03b18) 
thrown [s\open\src\hotspot\share\interpreter\linkResolver.cpp, line 759]
Event: 9.575 Thread 0x000001f373903ce0 Exception <a 'java/lang/NoClassDefFoundError'{0x0000000088ddadb0}: oracle/security/pki/OraclePKIProvider> (0x0000000088ddadb0) 
thrown [s\open\src\hotspot\share\classfile\systemDictionary.cpp, line 245]
Event: 9.819 Thread 0x000001f373903ce0 Exception <a 'sun/nio/fs/WindowsException'{0x0000000088656c40}> (0x0000000088656c40) 
thrown [s\open\src\hotspot\share\prims\jni.cpp, line 516]
Event: 9.912 Thread 0x000001f373903ce0 Exception <a 'java/lang/NoSuchMethodError'{0x00000000885e6288}: 'java.lang.Object java.lang.invoke.Invokers$Holder.invoke_MT(java.lang.Object, java.lang.Object, java.lang.Object)'> (0x00000000885e6288) 
thrown [s\open\src\hotspot\share\interpreter\linkResolver.cpp, line 759]
Event: 11.468 Thread 0x000001f373903ce0 Exception <a 'java/lang/NoSuchMethodError'{0x00000000885c5ec0}: 'int java.lang.invoke.DirectMethodHandle$Holder.invokeStatic(java.lang.Object)'> (0x00000000885c5ec0) 
thrown [s\open\src\hotspot\share\interpreter\linkResolver.cpp, line 759]
Event: 11.819 Thread 0x000001f373903ce0 Exception <a 'java/lang/NoSuchMethodError'{0x000000008c8c2d90}: 'java.lang.Object java.lang.invoke.DirectMethodHandle$Holder.invokeStaticInit(java.lang.Object, java.lang.Object, java.lang.Object, java.lang.Object)'> (0x000000008c8c2d90) 
thrown [s\open\src\hotspot\share\interpreter\linkResolver.cpp, line 759]
Event: 11.870 Thread 0x000001f373903ce0 Exception <a 'java/lang/NoClassDefFoundError'{0x000000008c7790a0}: oracle/dms/console/DMSConsole> (0x000000008c7790a0) 
thrown [s\open\src\hotspot\share\classfile\systemDictionary.cpp, line 245]
Event: 11.870 Thread 0x000001f373903ce0 Exception <a 'java/lang/reflect/InvocationTargetException'{0x000000008c7798c0}> (0x000000008c7798c0) 
thrown [s\open\src\hotspot\share\runtime\reflection.cpp, line 1121]
Event: 12.321 Thread 0x000001f373903ce0 Exception <a 'java/lang/NoSuchMethodError'{0x000000008944c528}: 'java.lang.Object java.lang.invoke.DirectMethodHandle$Holder.invokeVirtual(java.lang.Object, java.lang.Object, int)'> (0x000000008944c528) 
thrown [s\open\src\hotspot\share\interpreter\linkResolver.cpp, line 759]
Event: 12.364 Thread 0x000001f373903ce0 Exception <a 'sun/nio/fs/WindowsException'{0x0000000089311910}> (0x0000000089311910) 
thrown [s\open\src\hotspot\share\prims\jni.cpp, line 516]
Event: 12.897 Thread 0x000001f373903ce0 Exception <a 'java/lang/NoSuchMethodError'{0x0000000088f33b80}: 'java.lang.Object java.lang.invoke.DirectMethodHandle$Holder.newInvokeSpecial(java.lang.Object, java.lang.Object, int)'> (0x0000000088f33b80) 
thrown [s\open\src\hotspot\share\interpreter\linkResolver.cpp, line 759]

VM Operations (20 events):
Event: 10.621 Executing VM operation: G1Concurrent
Event: 10.621 Executing VM operation: G1Concurrent done
Event: 11.548 Executing VM operation: ThreadDump
Event: 11.549 Executing VM operation: ThreadDump done
Event: 11.719 Executing VM operation: G1CollectForAllocation
Event: 11.726 Executing VM operation: G1CollectForAllocation done
Event: 11.834 Executing VM operation: G1Concurrent
Event: 11.841 Executing VM operation: G1Concurrent done
Event: 11.880 Executing VM operation: G1Concurrent
Event: 11.880 Executing VM operation: G1Concurrent done
Event: 12.012 Executing VM operation: HandshakeAllThreads
Event: 12.012 Executing VM operation: HandshakeAllThreads done
Event: 12.367 Executing VM operation: HandshakeAllThreads
Event: 12.367 Executing VM operation: HandshakeAllThreads done
Event: 12.377 Executing VM operation: HandshakeAllThreads
Event: 12.378 Executing VM operation: HandshakeAllThreads done
Event: 13.377 Executing VM operation: Cleanup
Event: 13.378 Executing VM operation: Cleanup done
Event: 13.449 Executing VM operation: G1CollectForAllocation
Event: 13.458 Executing VM operation: G1CollectForAllocation done

Events (20 events):
Event: 12.920 loading class java/util/concurrent/ThreadPoolExecutor$CallerRunsPolicy done
Event: 12.968 loading class java/util/regex/Pattern$Bound
Event: 12.969 loading class java/util/regex/Pattern$Bound done
Event: 13.022 Thread 0x000001f37573ac50 Thread added: 0x000001f37573ac50
Event: 13.100 loading class java/util/zip/ZipInputStream
Event: 13.101 loading class java/util/zip/ZipInputStream done
Event: 13.101 loading class java/util/zip/ZipOutputStream
Event: 13.102 loading class java/util/zip/DeflaterOutputStream
Event: 13.102 loading class java/util/zip/DeflaterOutputStream done
Event: 13.102 loading class java/util/zip/ZipOutputStream done
Event: 13.102 loading class java/io/StreamCorruptedException
Event: 13.102 loading class java/io/StreamCorruptedException done
Event: 13.151 Thread 0x000001f37573cfc0 Thread added: 0x000001f37573cfc0
Event: 13.173 Thread 0x000001f37573cfc0 Thread exited: 0x000001f37573cfc0
Event: 13.421 loading class java/util/concurrent/Flow$Publisher
Event: 13.421 loading class java/util/concurrent/Flow$Publisher done
Event: 13.471 loading class java/util/regex/Pattern$1MatcherIterator
Event: 13.471 loading class java/util/regex/Pattern$1MatcherIterator done
Event: 13.743 Thread 0x000001f37573cfc0 Thread added: 0x000001f37573cfc0
Event: 13.782 Thread 0x000001f37573cfc0 Thread exited: 0x000001f37573cfc0


Dynamic libraries:
0x00007ff614470000 - 0x00007ff614480000 	C:\Program Files\Java\jdk-17\bin\java.exe
0x00007ffe44cd0000 - 0x00007ffe44ec8000 	C:\Windows\SYSTEM32\ntdll.dll
0x00007ffe44540000 - 0x00007ffe44602000 	C:\Windows\System32\KERNEL32.DLL
0x00007ffe42580000 - 0x00007ffe4287f000 	C:\Windows\System32\KERNELBASE.dll
0x00007ffe42400000 - 0x00007ffe42500000 	C:\Windows\System32\ucrtbase.dll
0x00007ffe3e5d0000 - 0x00007ffe3e5e9000 	C:\Program Files\Java\jdk-17\bin\jli.dll
0x00007ffe43a00000 - 0x00007ffe43aaf000 	C:\Windows\System32\ADVAPI32.dll
0x00007ffe44770000 - 0x00007ffe4480e000 	C:\Windows\System32\msvcrt.dll
0x00007ffe43220000 - 0x00007ffe432bf000 	C:\Windows\System32\sechost.dll
0x00007ffe432c0000 - 0x00007ffe433e3000 	C:\Windows\System32\RPCRT4.dll
0x00007ffe42550000 - 0x00007ffe42577000 	C:\Windows\System32\bcrypt.dll
0x00007ffe435a0000 - 0x00007ffe4373d000 	C:\Windows\System32\USER32.dll
0x00007ffe42c50000 - 0x00007ffe42c72000 	C:\Windows\System32\win32u.dll
0x00007ffe42cf0000 - 0x00007ffe42d1b000 	C:\Windows\System32\GDI32.dll
0x00007ffe42a90000 - 0x00007ffe42baa000 	C:\Windows\System32\gdi32full.dll
0x00007ffe42bb0000 - 0x00007ffe42c4d000 	C:\Windows\System32\msvcp_win.dll
0x00007ffe29be0000 - 0x00007ffe29e7a000 	C:\Windows\WinSxS\amd64_microsoft.windows.common-controls_6595b64144ccf1df_6.0.19041.4355_none_60b8b9eb71f62e16\COMCTL32.dll
0x00007ffe3a4c0000 - 0x00007ffe3a4ca000 	C:\Windows\SYSTEM32\VERSION.dll
0x00007ffe3d520000 - 0x00007ffe3d53b000 	C:\Program Files\Java\jdk-17\bin\VCRUNTIME140.dll
0x00007ffe44610000 - 0x00007ffe4463f000 	C:\Windows\System32\IMM32.DLL
0x00007ffe3e980000 - 0x00007ffe3e98c000 	C:\Program Files\Java\jdk-17\bin\vcruntime140_1.dll
0x00007ffe321b0000 - 0x00007ffe3223e000 	C:\Program Files\Java\jdk-17\bin\msvcp140.dll
0x00007ffdad3a0000 - 0x00007ffdadf80000 	C:\Program Files\Java\jdk-17\bin\server\jvm.dll
0x00007ffe43da0000 - 0x00007ffe43da8000 	C:\Windows\System32\PSAPI.DLL
0x00007ffe307e0000 - 0x00007ffe307e9000 	C:\Windows\SYSTEM32\WSOCK32.dll
0x00007ffe43ab0000 - 0x00007ffe43b1b000 	C:\Windows\System32\WS2_32.dll
0x00007ffe1f900000 - 0x00007ffe1f927000 	C:\Windows\SYSTEM32\WINMM.dll
0x00007ffe401f0000 - 0x00007ffe40202000 	C:\Windows\SYSTEM32\kernel.appcore.dll
0x00007ffe3e600000 - 0x00007ffe3e60a000 	C:\Program Files\Java\jdk-17\bin\jimage.dll
0x00007ffe37c60000 - 0x00007ffe37e44000 	C:\Windows\SYSTEM32\DBGHELP.DLL
0x00007ffe37c20000 - 0x00007ffe37c54000 	C:\Windows\SYSTEM32\dbgcore.DLL
0x00007ffe42370000 - 0x00007ffe423f2000 	C:\Windows\System32\bcryptPrimitives.dll
0x00007ffe3e5c0000 - 0x00007ffe3e5ce000 	C:\Program Files\Java\jdk-17\bin\instrument.dll
0x00007ffe3cee0000 - 0x00007ffe3cf05000 	C:\Program Files\Java\jdk-17\bin\java.dll
0x00007ffe3d510000 - 0x00007ffe3d519000 	C:\Users\Clone\AppData\Local\JetBrains\IntelliJIdea2024.3\microservices-jvm\scheduled\4\win\amd64\scheduled.dll
0x00007ffe41b00000 - 0x00007ffe41b6c000 	C:\Windows\system32\mswsock.dll
0x00007ffdf0920000 - 0x00007ffdf09f7000 	C:\Program Files\Java\jdk-17\bin\jsvml.dll
0x00007ffe43dd0000 - 0x00007ffe4453d000 	C:\Windows\System32\SHELL32.dll
0x00007ffe403f0000 - 0x00007ffe40b94000 	C:\Windows\SYSTEM32\windows.storage.dll
0x00007ffe42d20000 - 0x00007ffe43075000 	C:\Windows\System32\combase.dll
0x00007ffe41da0000 - 0x00007ffe41dcf000 	C:\Windows\SYSTEM32\Wldp.dll
0x00007ffe43b20000 - 0x00007ffe43bed000 	C:\Windows\System32\OLEAUT32.dll
0x00007ffe43110000 - 0x00007ffe431bd000 	C:\Windows\System32\SHCORE.dll
0x00007ffe43750000 - 0x00007ffe437a5000 	C:\Windows\System32\shlwapi.dll
0x00007ffe422a0000 - 0x00007ffe422c4000 	C:\Windows\SYSTEM32\profapi.dll
0x00007ffe3cb20000 - 0x00007ffe3cb38000 	C:\Program Files\Java\jdk-17\bin\zip.dll
0x00007ffe3c9c0000 - 0x00007ffe3c9d9000 	C:\Program Files\Java\jdk-17\bin\net.dll
0x00007ffe36390000 - 0x00007ffe3649a000 	C:\Windows\SYSTEM32\WINHTTP.dll
0x00007ffe3c890000 - 0x00007ffe3c8a6000 	C:\Program Files\Java\jdk-17\bin\nio.dll
0x00007ffe3c490000 - 0x00007ffe3c4aa000 	E:\IntelliJ IDEA 2024.3.2.2\bin\breakgen64.dll
0x00007ffe417e0000 - 0x00007ffe418aa000 	C:\Windows\SYSTEM32\DNSAPI.dll
0x00007ffe41790000 - 0x00007ffe417cb000 	C:\Windows\SYSTEM32\IPHLPAPI.DLL
0x00007ffe43100000 - 0x00007ffe43108000 	C:\Windows\System32\NSI.dll
0x00007ffe327c0000 - 0x00007ffe327ca000 	C:\Windows\System32\rasadhlp.dll
0x00007ffe326e0000 - 0x00007ffe32760000 	C:\Windows\System32\fwpuclnt.dll
0x00007ffe3cb10000 - 0x00007ffe3cb1a000 	C:\Program Files\Java\jdk-17\bin\management.dll
0x00007ffe3c9b0000 - 0x00007ffe3c9bb000 	C:\Program Files\Java\jdk-17\bin\management_ext.dll
0x00007ffe41cf0000 - 0x00007ffe41d08000 	C:\Windows\SYSTEM32\CRYPTSP.dll
0x00007ffe413b0000 - 0x00007ffe413e4000 	C:\Windows\system32\rsaenh.dll
0x00007ffe42260000 - 0x00007ffe4228e000 	C:\Windows\SYSTEM32\USERENV.dll
0x00007ffe41d10000 - 0x00007ffe41d1c000 	C:\Windows\SYSTEM32\CRYPTBASE.dll
0x00007ffe3a1f0000 - 0x00007ffe3a207000 	C:\Windows\SYSTEM32\dhcpcsvc6.DLL
0x00007ffe3a1d0000 - 0x00007ffe3a1ed000 	C:\Windows\SYSTEM32\dhcpcsvc.DLL
0x00007ffe27560000 - 0x00007ffe27577000 	C:\Windows\system32\napinsp.dll
0x00007ffe27540000 - 0x00007ffe2755b000 	C:\Windows\system32\pnrpnsp.dll
0x00007ffe3eca0000 - 0x00007ffe3ecb5000 	C:\Windows\system32\wshbth.dll
0x00007ffe3c280000 - 0x00007ffe3c29d000 	C:\Windows\system32\NLAapi.dll
0x00007ffe27520000 - 0x00007ffe27532000 	C:\Windows\System32\winrnr.dll
0x00007ffe198a0000 - 0x00007ffe198f1000 	C:\Windows\SYSTEM32\pdh.dll
0x00007ffe3c990000 - 0x00007ffe3c99f000 	C:\Windows\System32\perfproc.dll
0x00007ffe132b0000 - 0x00007ffe132bf000 	C:\Windows\System32\perfos.dll
0x00007ffe3c940000 - 0x00007ffe3c94e000 	C:\Program Files\Java\jdk-17\bin\sunmscapi.dll
0x00007ffe42930000 - 0x00007ffe42a8c000 	C:\Windows\System32\CRYPT32.dll
0x00007ffe41e10000 - 0x00007ffe41e37000 	C:\Windows\SYSTEM32\ncrypt.dll
0x00007ffe41dd0000 - 0x00007ffe41e0b000 	C:\Windows\SYSTEM32\NTASN1.dll
0x00007ffe3e990000 - 0x00007ffe3e9a0000 	C:\Program Files\Java\jdk-17\bin\verify.dll

dbghelp: loaded successfully - version: 4.0.5 - missing functions: none
symbol engine: initialized successfully - sym options: 0x614 - pdb path: .;C:\Program Files\Java\jdk-17\bin;C:\Windows\SYSTEM32;C:\Windows\WinSxS\amd64_microsoft.windows.common-controls_6595b64144ccf1df_6.0.19041.4355_none_60b8b9eb71f62e16;C:\Program Files\Java\jdk-17\bin\server;C:\Users\Clone\AppData\Local\JetBrains\IntelliJIdea2024.3\microservices-jvm\scheduled\4\win\amd64;E:\IntelliJ IDEA 2024.3.2.2\bin

VM Arguments:
jvm_args: -XX:TieredStopAtLevel=1 -Dspring.output.ansi.enabled=always -Dcom.sun.management.jmxremote -Dspring.jmx.enabled=true -Dspring.liveBeansView.mbeanDomain -Dspring.application.admin.enabled=true -Dmanagement.endpoints.jmx.exposure.include=* -javaagent:E:\IntelliJ IDEA 2024.3.2.2\lib\idea_rt.jar=52966:E:\IntelliJ IDEA 2024.3.2.2\bin -agentpath:C:\Users\Clone\AppData\Local\JetBrains\IntelliJIdea2024.3\microservices-jvm\scheduled\4\win\amd64\scheduled.dll=bind=127.0.0.1:52967 -Dfile.encoding=UTF-8 
java_command: uz.trading.WebScrapingApplication
java_class_path (initial): E:\web-scraping-spring\target\classes;C:\Users\Clone\.m2\repository\org\springframework\boot\spring-boot-starter-web\3.4.2\spring-boot-starter-web-3.4.2.jar;C:\Users\Clone\.m2\repository\org\springframework\boot\spring-boot-starter\3.4.2\spring-boot-starter-3.4.2.jar;C:\Users\Clone\.m2\repository\org\springframework\boot\spring-boot-starter-logging\3.4.2\spring-boot-starter-logging-3.4.2.jar;C:\Users\Clone\.m2\repository\org\apache\logging\log4j\log4j-to-slf4j\2.24.3\log4j-to-slf4j-2.24.3.jar;C:\Users\Clone\.m2\repository\org\apache\logging\log4j\log4j-api\2.24.3\log4j-api-2.24.3.jar;C:\Users\Clone\.m2\repository\org\slf4j\jul-to-slf4j\2.0.16\jul-to-slf4j-2.0.16.jar;C:\Users\Clone\.m2\repository\jakarta\annotation\jakarta.annotation-api\2.1.1\jakarta.annotation-api-2.1.1.jar;C:\Users\Clone\.m2\repository\org\yaml\snakeyaml\2.3\snakeyaml-2.3.jar;C:\Users\Clone\.m2\repository\org\springframework\boot\spring-boot-starter-json\3.4.2\spring-boot-starter-json-3.4.2.jar;C:\Users\Clone\.m2\repository\com\fasterxml\jackson\core\jackson-databind\2.18.2\jackson-databind-2.18.2.jar;C:\Users\Clone\.m2\repository\com\fasterxml\jackson\core\jackson-annotations\2.18.2\jackson-annotations-2.18.2.jar;C:\Users\Clone\.m2\repository\com\fasterxml\jackson\core\jackson-core\2.18.2\jackson-core-2.18.2.jar;C:\Users\Clone\.m2\repository\com\fasterxml\jackson\datatype\jackson-datatype-jdk8\2.18.2\jackson-datatype-jdk8-2.18.2.jar;C:\Users\Clone\.m2\repository\com\fasterxml\jackson\datatype\jackson-datatype-jsr310\2.18.2\jackson-datatype-jsr310-2.18.2.jar;C:\Users\Clone\.m2\repository\com\fasterxml\jackson\module\jackson-module-parameter-names\2.18.2\jackson-module-parameter-names-2.18.2.jar;C:\Users\Clone\.m2\repository\org\springframework\boot\spring-boot-starter-tomcat\3.4.2\spring-boot-starter-tomcat-3.4.2.jar;C:\Users\Clone\.m2\repository\org\apache\tomcat\embed\tomcat-embed-core\10.1.34\tomcat-embed-core-10.1.34.jar;C:\Users\Clone\.m2\repository\org\apache\tom
Launcher Type: SUN_STANDARD

[Global flags]
     intx CICompilerCount                          = 3                                         {product} {ergonomic}
     uint ConcGCThreads                            = 1                                         {product} {ergonomic}
     uint G1ConcRefinementThreads                  = 4                                         {product} {ergonomic}
   size_t G1HeapRegionSize                         = 1048576                                   {product} {ergonomic}
    uintx GCDrainStackTargetSize                   = 64                                        {product} {ergonomic}
   size_t InitialHeapSize                          = 130023424                                 {product} {ergonomic}
     bool ManagementServer                         = true                                      {product} {command line}
   size_t MarkStackSize                            = 4194304                                   {product} {ergonomic}
   size_t MaxHeapSize                              = 2055208960                                {product} {ergonomic}
   size_t MaxNewSize                               = 1233125376                                {product} {ergonomic}
   size_t MinHeapDeltaBytes                        = 1048576                                   {product} {ergonomic}
   size_t MinHeapSize                              = 8388608                                   {product} {ergonomic}
    uintx NonProfiledCodeHeapSize                  = 0                                      {pd product} {ergonomic}
     bool ProfileInterpreter                       = false                                  {pd product} {command line}
    uintx ProfiledCodeHeapSize                     = 0                                      {pd product} {ergonomic}
   size_t SoftMaxHeapSize                          = 2055208960                             {manageable} {ergonomic}
     intx TieredStopAtLevel                        = 1                                         {product} {command line}
     bool UseCompressedClassPointers               = true                           {product lp64_product} {ergonomic}
     bool UseCompressedOops                        = true                           {product lp64_product} {ergonomic}
     bool UseG1GC                                  = true                                      {product} {ergonomic}
     bool UseLargePagesIndividualAllocation        = false                                  {pd product} {ergonomic}

Logging:
Log output configuration:
 #0: stdout all=warning uptime,level,tags
 #1: stderr all=off uptime,level,tags

Environment Variables:
JAVA_HOME=C:\Program Files\Java\jdk-22
PATH=E:\App\db_home\bin;C:\Program Files\Common Files\Oracle\Java\javapath;C:\Program Files (x86)\Common Files\Oracle\Java\java8path;C:\Program Files (x86)\Common Files\Oracle\Java\javapath;C:\Windows\system32;C:\Windows;C:\Windows\System32\Wbem;C:\Windows\System32\WindowsPowerShell\v1.0\;C:\Windows\System32\OpenSSH\;";c:\Program Files\Git\bin;";C:\Program Files\WireGuard\;C:\Program Files\Microsoft SQL Server\150\Tools\Binn\;C:\Program Files (x86)\Microsoft SQL Server\160\Tools\Binn\;C:\Program Files\Microsoft SQL Server\160\Tools\Binn\;C:\Program Files\Microsoft SQL Server\Client SDK\ODBC\170\Tools\Binn\;C:\Program Files\Microsoft SQL Server\160\DTS\Binn\;C:\Program Files\nodejs\;C:\ProgramData\chocolatey\bin;C:\Program Files\apache-maven-3.9.4\bin;C:\Program Files\PostgreSQL\16\bin;C:\Program Files\PostgreSQL\16\lib;C:\Python311;C:\Program Files\Java\jdk-17\bin;C:\Program Files\Java\jdk-22\bin;C:\Program Files\Git\cmd;C:\Program Files\TortoiseGit\bin;C:\Python311\Scripts\;C:\Python311\;C:\Users\Clone\AppData\Local\Programs\Python\Python311\Scripts\;C:\Users\Clone\AppData\Local\Programs\Python\Python311\;C:\Users\Clone\AppData\Local\Microsoft\WindowsApps;C:\Program Files\Git\bin;";c:\Program Files\Git\bin;";C:\Program Files\JetBrains\DataGrip 2023.1.2\bin;;C:\Program Files\JetBrains\PyCharm Community Edition 2023.1.2\bin;;C:\Users\Clone\AppData\Roaming\npm;C:\Users\Clone\AppData\Local\Programs\Microsoft VS Code\bin;E:\IntelliJ IDEA 2024.3.2.2\bin;
USERNAME=Clone
OS=Windows_NT
PROCESSOR_IDENTIFIER=Intel64 Family 6 Model 78 Stepping 3, GenuineIntel



---------------  S Y S T E M  ---------------

OS:
 Windows 10 , 64 bit Build 19041 (10.0.19041.5438)
OS uptime: 0 days 5:52 hours

CPU: total 4 (initial active 4) (2 cores per cpu, 2 threads per core) family 6 model 78 stepping 3 microcode 0xcc, cx8, cmov, fxsr, ht, mmx, 3dnowpref, sse, sse2, sse3, ssse3, sse4.1, sse4.2, popcnt, lzcnt, tsc, tscinvbit, avx, avx2, aes, erms, clmul, bmi1, bmi2, rtm, adx, fma, vzeroupper, clflush, clflushopt

Memory: 4k page, system-wide physical 7839M (406M free)
TotalPageFile size 23101M (AvailPageFile size 0M)
current process WorkingSet (physical memory assigned to process): 195M, peak: 195M
current process commit charge ("private bytes"): 232M, peak: 243M

vm_info: Java HotSpot(TM) 64-Bit Server VM (17.0.12+8-LTS-286) for windows-amd64 JRE (17.0.12+8-LTS-286), built on Jun  5 2024 06:46:59 by "mach5one" with MS VC++ 17.6 (VS2022)

END.
